[ 2018-12-04T22:11:47+08:00 ] 127.0.0.1 127.0.0.1 GET /server/public/data/banner/20171119/145243_364.png
[ log ] lab.com/server/public/data/banner/20171119/145243_364.png [运行时间：0.032856s][吞吐率：30.44req/s] [内存消耗：934.98kb] [文件加载：28]
[ info ] [ ROUTE ] array (
  'type' => 'module',
  'module' => 
  array (
    0 => NULL,
    1 => 'public',
    2 => 'data',
  ),
)
[ info ] [ HEADER ] array (
  'host' => 'lab.com',
  'connection' => 'keep-alive',
  'user-agent' => 'Mozilla/5.0 (Macintosh; Intel Mac OS X 10_14_1) AppleWebKit/537.36 (KHTML, like Gecko) Chrome/72.0.3622.0 Safari/537.36',
  'accept' => 'image/webp,image/apng,image/*,*/*;q=0.8',
  'referer' => 'http://lab.com/web/',
  'accept-encoding' => 'gzip, deflate',
  'accept-language' => 'zh,en-US;q=0.9,en;q=0.8,zh-CN;q=0.7,ja;q=0.6,la;q=0.5',
)
[ info ] [ PARAM ] array (
  'banner' => '20171119',
)
[ info ] [ LOG ] INIT File: array (
  'path' => '/Applications/XAMPP/xamppfiles/htdocs/lab/server/runtime/log/',
  'level' => 
  array (
  ),
)

---------------------------------------------------------------
[ 2018-12-04T22:11:47+08:00 ] 127.0.0.1 127.0.0.1 GET /server/public/data/banner/20171109/212113_137.png
[ log ] lab.com/server/public/data/banner/20171109/212113_137.png [运行时间：0.019295s][吞吐率：51.83req/s] [内存消耗：934.45kb] [文件加载：28]
[ info ] [ ROUTE ] array (
  'type' => 'module',
  'module' => 
  array (
    0 => NULL,
    1 => 'public',
    2 => 'data',
  ),
)
[ info ] [ HEADER ] array (
  'host' => 'lab.com',
  'connection' => 'keep-alive',
  'user-agent' => 'Mozilla/5.0 (Macintosh; Intel Mac OS X 10_14_1) AppleWebKit/537.36 (KHTML, like Gecko) Chrome/72.0.3622.0 Safari/537.36',
  'accept' => 'image/webp,image/apng,image/*,*/*;q=0.8',
  'referer' => 'http://lab.com/web/',
  'accept-encoding' => 'gzip, deflate',
  'accept-language' => 'zh,en-US;q=0.9,en;q=0.8,zh-CN;q=0.7,ja;q=0.6,la;q=0.5',
  'cookie' => 'think_var=zh',
)
[ info ] [ PARAM ] array (
  'banner' => '20171109',
)
[ info ] [ LOG ] INIT File: array (
  'path' => '/Applications/XAMPP/xamppfiles/htdocs/lab/server/runtime/log/',
  'level' => 
  array (
  ),
)

---------------------------------------------------------------
[ 2018-12-04T22:11:55+08:00 ] 127.0.0.1 127.0.0.1 GET /server/public/data/banner/20171119/145243_364.png
[ log ] lab.com/server/public/data/banner/20171119/145243_364.png [运行时间：0.013006s][吞吐率：76.89req/s] [内存消耗：934.45kb] [文件加载：28]
[ info ] [ ROUTE ] array (
  'type' => 'module',
  'module' => 
  array (
    0 => NULL,
    1 => 'public',
    2 => 'data',
  ),
)
[ info ] [ HEADER ] array (
  'host' => 'lab.com',
  'connection' => 'keep-alive',
  'user-agent' => 'Mozilla/5.0 (Macintosh; Intel Mac OS X 10_14_1) AppleWebKit/537.36 (KHTML, like Gecko) Chrome/72.0.3622.0 Safari/537.36',
  'accept' => 'image/webp,image/apng,image/*,*/*;q=0.8',
  'referer' => 'http://lab.com/web/',
  'accept-encoding' => 'gzip, deflate',
  'accept-language' => 'zh,en-US;q=0.9,en;q=0.8,zh-CN;q=0.7,ja;q=0.6,la;q=0.5',
  'cookie' => 'think_var=zh',
)
[ info ] [ PARAM ] array (
  'banner' => '20171119',
)
[ info ] [ LOG ] INIT File: array (
  'path' => '/Applications/XAMPP/xamppfiles/htdocs/lab/server/runtime/log/',
  'level' => 
  array (
  ),
)

---------------------------------------------------------------
[ 2018-12-04T22:11:55+08:00 ] 127.0.0.1 127.0.0.1 GET /server/public/data/banner/20171119/145243_364.png
[ log ] lab.com/server/public/data/banner/20171119/145243_364.png [运行时间：0.014619s][吞吐率：68.40req/s] [内存消耗：934.45kb] [文件加载：28]
[ info ] [ ROUTE ] array (
  'type' => 'module',
  'module' => 
  array (
    0 => NULL,
    1 => 'public',
    2 => 'data',
  ),
)
[ info ] [ HEADER ] array (
  'host' => 'lab.com',
  'connection' => 'keep-alive',
  'user-agent' => 'Mozilla/5.0 (Macintosh; Intel Mac OS X 10_14_1) AppleWebKit/537.36 (KHTML, like Gecko) Chrome/72.0.3622.0 Safari/537.36',
  'accept' => 'image/webp,image/apng,image/*,*/*;q=0.8',
  'referer' => 'http://lab.com/web/',
  'accept-encoding' => 'gzip, deflate',
  'accept-language' => 'zh,en-US;q=0.9,en;q=0.8,zh-CN;q=0.7,ja;q=0.6,la;q=0.5',
  'cookie' => 'think_var=zh',
)
[ info ] [ PARAM ] array (
  'banner' => '20171119',
)
[ info ] [ LOG ] INIT File: array (
  'path' => '/Applications/XAMPP/xamppfiles/htdocs/lab/server/runtime/log/',
  'level' => 
  array (
  ),
)

---------------------------------------------------------------
[ 2018-12-04T22:12:07+08:00 ] 127.0.0.1 127.0.0.1 GET /server/
[ log ] lab.com/server/ [运行时间：0.011703s][吞吐率：85.45req/s] [内存消耗：821.27kb] [文件加载：21]
[ info ] [ ROUTE ] array (
  'type' => 'module',
  'module' => 
  array (
    0 => NULL,
    1 => '',
    2 => NULL,
  ),
)
[ info ] [ HEADER ] array (
  'host' => 'lab.com',
  'connection' => 'keep-alive',
  'upgrade-insecure-requests' => '1',
  'user-agent' => 'Mozilla/5.0 (Macintosh; Intel Mac OS X 10_14_1) AppleWebKit/537.36 (KHTML, like Gecko) Chrome/72.0.3622.0 Safari/537.36',
  'accept' => 'text/html,application/xhtml+xml,application/xml;q=0.9,image/webp,image/apng,*/*;q=0.8',
  'accept-encoding' => 'gzip, deflate',
  'accept-language' => 'zh,en-US;q=0.9,en;q=0.8,zh-CN;q=0.7,ja;q=0.6,la;q=0.5',
  'cookie' => 'think_var=zh',
)
[ info ] [ PARAM ] array (
)
[ info ] [ SESSION ] INIT array (
  'id' => '',
  'var_session_id' => '',
  'prefix' => 'lab_session',
  'type' => 'redis',
  'auto_start' => true,
  'host' => '127.0.0.1',
  'port' => '6379',
  'password' => '',
)
[ info ] [ LOG ] INIT File: array (
  'path' => '/Applications/XAMPP/xamppfiles/htdocs/lab/server/runtime/log/',
  'level' => 
  array (
  ),
)

---------------------------------------------------------------
[ 2018-12-04T22:12:07+08:00 ] 127.0.0.1 127.0.0.1 GET /server/UserAdmin/login
[ log ] lab.com/server/UserAdmin/login [运行时间：0.018942s][吞吐率：52.79req/s] [内存消耗：1,145.04kb] [文件加载：33]
[ info ] [ ROUTE ] array (
  'type' => 'module',
  'module' => 
  array (
    0 => NULL,
    1 => 'UserAdmin',
    2 => 'login',
  ),
)
[ info ] [ HEADER ] array (
  'host' => 'lab.com',
  'connection' => 'keep-alive',
  'upgrade-insecure-requests' => '1',
  'user-agent' => 'Mozilla/5.0 (Macintosh; Intel Mac OS X 10_14_1) AppleWebKit/537.36 (KHTML, like Gecko) Chrome/72.0.3622.0 Safari/537.36',
  'accept' => 'text/html,application/xhtml+xml,application/xml;q=0.9,image/webp,image/apng,*/*;q=0.8',
  'accept-encoding' => 'gzip, deflate',
  'accept-language' => 'zh,en-US;q=0.9,en;q=0.8,zh-CN;q=0.7,ja;q=0.6,la;q=0.5',
  'cookie' => 'think_var=zh; PHPSESSID=mbosgalhomem48qjrk9o2d0br2',
)
[ info ] [ PARAM ] array (
)
[ info ] [ CACHE ] INIT redis:array (
  'type' => 'redis',
  'host' => '127.0.0.1',
  'port' => '6379',
  'password' => '',
  'timeout' => 0,
  'expire' => 0,
  'persistent' => false,
  'prefix' => 'lab_server:',
)
[ info ] [ RUN ] /**
	 * 后台登录
	 */
Method [ <user> public method login ] {
  @@ /Applications/XAMPP/xamppfiles/htdocs/lab/server/app/controller/UserAdmin.php 15 - 31
}

[ info ] [ VIEW ] /Applications/XAMPP/xamppfiles/htdocs/lab/server/app/view/UserAdmin/login.html [ array (
) ]
[ info ] [ LOG ] INIT File: array (
  'path' => '/Applications/XAMPP/xamppfiles/htdocs/lab/server/runtime/log/',
  'level' => 
  array (
  ),
)

---------------------------------------------------------------
[ 2018-12-04T22:12:09+08:00 ] 127.0.0.1 127.0.0.1 POST /server/UserAdmin/login
[ log ] lab.com/server/UserAdmin/login [运行时间：0.032886s][吞吐率：30.41req/s] [内存消耗：1,648.10kb] [文件加载：33]
[ info ] [ ROUTE ] array (
  'type' => 'module',
  'module' => 
  array (
    0 => NULL,
    1 => 'UserAdmin',
    2 => 'login',
  ),
)
[ info ] [ HEADER ] array (
  'host' => 'lab.com',
  'connection' => 'keep-alive',
  'accept' => '*/*',
  'origin' => 'http://lab.com',
  'x-requested-with' => 'XMLHttpRequest',
  'user-agent' => 'Mozilla/5.0 (Macintosh; Intel Mac OS X 10_14_1) AppleWebKit/537.36 (KHTML, like Gecko) Chrome/72.0.3622.0 Safari/537.36',
  'referer' => 'http://lab.com/server/UserAdmin/login',
  'accept-encoding' => 'gzip, deflate',
  'accept-language' => 'zh,en-US;q=0.9,en;q=0.8,zh-CN;q=0.7,ja;q=0.6,la;q=0.5',
  'cookie' => 'thinkphp_show_page_trace=0|0; think_var=zh; PHPSESSID=mbosgalhomem48qjrk9o2d0br2',
  'content-type' => 'application/x-www-form-urlencoded; charset=UTF-8',
  'content-length' => '27',
)
[ info ] [ PARAM ] array (
  'username' => 'py',
  'pass' => 'complex217',
)
[ info ] [ CACHE ] INIT redis:array (
  'type' => 'redis',
  'host' => '127.0.0.1',
  'port' => '6379',
  'password' => '',
  'timeout' => 0,
  'expire' => 0,
  'persistent' => false,
  'prefix' => 'lab_server:',
)
[ info ] [ RUN ] /**
	 * 后台登录
	 */
Method [ <user> public method login ] {
  @@ /Applications/XAMPP/xamppfiles/htdocs/lab/server/app/controller/UserAdmin.php 15 - 31
}

[ info ] [ DB ] INIT mysql:array (
  'type' => 'mysql',
  'dsn' => '',
  'hostname' => 'localhost',
  'database' => 'lab',
  'username' => 'root',
  'password' => '',
  'hostport' => '',
  'params' => 
  array (
  ),
  'charset' => 'utf8',
  'prefix' => 'lab_',
  'debug' => true,
  'deploy' => 0,
  'rw_separate' => false,
  'master_num' => 1,
  'slave_no' => '',
  'fields_strict' => true,
  'auto_timestamp' => false,
  'resultset_type' => 'array',
  'datetime_format' => 'Y-m-d H:i:s',
  'sql_explain' => false,
)
[ info ] [ SESSION ] INIT array (
  'id' => '',
  'var_session_id' => '',
  'prefix' => 'lab_session',
  'type' => 'redis',
  'auto_start' => true,
  'host' => '127.0.0.1',
  'port' => '6379',
  'password' => '',
)
[ info ] [ LOG ] INIT File: array (
  'path' => '/Applications/XAMPP/xamppfiles/htdocs/lab/server/runtime/log/',
  'level' => 
  array (
  ),
)
[ sql ] [ DB ] CONNECT:[ UseTime:0.001521s ] mysql:dbname=lab;host=localhost;charset=utf8
[ sql ] [ SQL ] SHOW COLUMNS FROM `lab_user_admin` [ RunTime:0.003676s ]
[ sql ] [ SQL ] SELECT `id`,`username`,`pass`,`status`,`roleid` FROM `lab_user_admin` WHERE  `username` = 'py'  AND `status` <> 2 LIMIT 1    [ RunTime:0.000601s ]
[ sql ] [ SQL ] UPDATE `lab_user_admin`  SET `logintime`='1543932729',`updatetime`='1543932729'  WHERE  `id` = '1'      [ RunTime:0.000351s ]

---------------------------------------------------------------
[ 2018-12-04T22:12:09+08:00 ] 127.0.0.1 127.0.0.1 GET /server/
[ log ] lab.com/server/ [运行时间：0.029245s][吞吐率：34.19req/s] [内存消耗：1,785.02kb] [文件加载：40]
[ info ] [ ROUTE ] array (
  'type' => 'module',
  'module' => 
  array (
    0 => NULL,
    1 => '',
    2 => NULL,
  ),
)
[ info ] [ HEADER ] array (
  'host' => 'lab.com',
  'connection' => 'keep-alive',
  'upgrade-insecure-requests' => '1',
  'user-agent' => 'Mozilla/5.0 (Macintosh; Intel Mac OS X 10_14_1) AppleWebKit/537.36 (KHTML, like Gecko) Chrome/72.0.3622.0 Safari/537.36',
  'accept' => 'text/html,application/xhtml+xml,application/xml;q=0.9,image/webp,image/apng,*/*;q=0.8',
  'referer' => 'http://lab.com/server/UserAdmin/login',
  'accept-encoding' => 'gzip, deflate',
  'accept-language' => 'zh,en-US;q=0.9,en;q=0.8,zh-CN;q=0.7,ja;q=0.6,la;q=0.5',
  'cookie' => 'think_var=zh; PHPSESSID=mbosgalhomem48qjrk9o2d0br2',
)
[ info ] [ PARAM ] array (
)
[ info ] [ SESSION ] INIT array (
  'id' => '',
  'var_session_id' => '',
  'prefix' => 'lab_session',
  'type' => 'redis',
  'auto_start' => true,
  'host' => '127.0.0.1',
  'port' => '6379',
  'password' => '',
)
[ info ] [ DB ] INIT mysql:array (
  'type' => 'mysql',
  'dsn' => '',
  'hostname' => 'localhost',
  'database' => 'lab',
  'username' => 'root',
  'password' => '',
  'hostport' => '',
  'params' => 
  array (
  ),
  'charset' => 'utf8',
  'prefix' => 'lab_',
  'debug' => true,
  'deploy' => 0,
  'rw_separate' => false,
  'master_num' => 1,
  'slave_no' => '',
  'fields_strict' => true,
  'auto_timestamp' => false,
  'resultset_type' => 'array',
  'datetime_format' => 'Y-m-d H:i:s',
  'sql_explain' => false,
)
[ info ] [ CACHE ] INIT redis:array (
  'type' => 'redis',
  'host' => '127.0.0.1',
  'port' => '6379',
  'password' => '',
  'timeout' => 0,
  'expire' => 0,
  'persistent' => false,
  'prefix' => 'lab_server:',
)
[ info ] [ RUN ] /**
	 * 首页
	 * @return \think\response\View
	 */
Method [ <user> public method index ] {
  @@ /Applications/XAMPP/xamppfiles/htdocs/lab/server/app/controller/Index.php 16 - 18
}

[ info ] [ VIEW ] /Applications/XAMPP/xamppfiles/htdocs/lab/server/app/view/Index/index.html [ array (
) ]
[ info ] [ LOG ] INIT File: array (
  'path' => '/Applications/XAMPP/xamppfiles/htdocs/lab/server/runtime/log/',
  'level' => 
  array (
  ),
)

---------------------------------------------------------------
[ 2018-12-04T22:12:10+08:00 ] 127.0.0.1 127.0.0.1 GET /server/Banner/index
[ log ] lab.com/server/Banner/index [运行时间：0.040533s][吞吐率：24.67req/s] [内存消耗：2,134.20kb] [文件加载：47]
[ info ] [ ROUTE ] array (
  'type' => 'module',
  'module' => 
  array (
    0 => NULL,
    1 => 'Banner',
    2 => 'index',
  ),
)
[ info ] [ HEADER ] array (
  'host' => 'lab.com',
  'connection' => 'keep-alive',
  'upgrade-insecure-requests' => '1',
  'user-agent' => 'Mozilla/5.0 (Macintosh; Intel Mac OS X 10_14_1) AppleWebKit/537.36 (KHTML, like Gecko) Chrome/72.0.3622.0 Safari/537.36',
  'accept' => 'text/html,application/xhtml+xml,application/xml;q=0.9,image/webp,image/apng,*/*;q=0.8',
  'referer' => 'http://lab.com/server/',
  'accept-encoding' => 'gzip, deflate',
  'accept-language' => 'zh,en-US;q=0.9,en;q=0.8,zh-CN;q=0.7,ja;q=0.6,la;q=0.5',
  'cookie' => 'thinkphp_show_page_trace=0|0; think_var=zh; PHPSESSID=mbosgalhomem48qjrk9o2d0br2',
)
[ info ] [ PARAM ] array (
)
[ info ] [ SESSION ] INIT array (
  'id' => '',
  'var_session_id' => '',
  'prefix' => 'lab_session',
  'type' => 'redis',
  'auto_start' => true,
  'host' => '127.0.0.1',
  'port' => '6379',
  'password' => '',
)
[ info ] [ DB ] INIT mysql:array (
  'type' => 'mysql',
  'dsn' => '',
  'hostname' => 'localhost',
  'database' => 'lab',
  'username' => 'root',
  'password' => '',
  'hostport' => '',
  'params' => 
  array (
  ),
  'charset' => 'utf8',
  'prefix' => 'lab_',
  'debug' => true,
  'deploy' => 0,
  'rw_separate' => false,
  'master_num' => 1,
  'slave_no' => '',
  'fields_strict' => true,
  'auto_timestamp' => false,
  'resultset_type' => 'array',
  'datetime_format' => 'Y-m-d H:i:s',
  'sql_explain' => false,
)
[ info ] [ CACHE ] INIT redis:array (
  'type' => 'redis',
  'host' => '127.0.0.1',
  'port' => '6379',
  'password' => '',
  'timeout' => 0,
  'expire' => 0,
  'persistent' => false,
  'prefix' => 'lab_server:',
)
[ info ] [ RUN ] /**
	 * 置顶窗口列表
	 */
Method [ <user> public method index ] {
  @@ /Applications/XAMPP/xamppfiles/htdocs/lab/server/app/controller/Banner.php 13 - 26
}

[ info ] [ VIEW ] /Applications/XAMPP/xamppfiles/htdocs/lab/server/app/view/Banner/index.html [ array (
  0 => 'cond',
  1 => 'list',
) ]
[ info ] [ LOG ] INIT File: array (
  'path' => '/Applications/XAMPP/xamppfiles/htdocs/lab/server/runtime/log/',
  'level' => 
  array (
  ),
)
[ sql ] [ DB ] CONNECT:[ UseTime:0.001139s ] mysql:dbname=lab;host=localhost;charset=utf8
[ sql ] [ SQL ] SHOW COLUMNS FROM `lab_banner` [ RunTime:0.003852s ]
[ sql ] [ SQL ] SELECT COUNT(*) AS tp_count FROM `lab_banner` WHERE  `status` <> 2 LIMIT 1   [ RunTime:0.000599s ]
[ sql ] [ SQL ] SELECT `id`,`title`,`position`,`begintime`,`endtime`,`img` FROM `lab_banner` WHERE  `status` <> 2 LIMIT 0,10   [ RunTime:0.000376s ]

---------------------------------------------------------------
[ 2018-12-04T22:12:10+08:00 ] 127.0.0.1 127.0.0.1 GET /server/public/data/banner/20171109/212113_137.png
[ log ] lab.com/server/public/data/banner/20171109/212113_137.png [运行时间：0.027036s][吞吐率：36.99req/s] [内存消耗：934.57kb] [文件加载：28]
[ info ] [ ROUTE ] array (
  'type' => 'module',
  'module' => 
  array (
    0 => NULL,
    1 => 'public',
    2 => 'data',
  ),
)
[ info ] [ HEADER ] array (
  'host' => 'lab.com',
  'connection' => 'keep-alive',
  'user-agent' => 'Mozilla/5.0 (Macintosh; Intel Mac OS X 10_14_1) AppleWebKit/537.36 (KHTML, like Gecko) Chrome/72.0.3622.0 Safari/537.36',
  'accept' => 'image/webp,image/apng,image/*,*/*;q=0.8',
  'referer' => 'http://lab.com/server/Banner/index',
  'accept-encoding' => 'gzip, deflate',
  'accept-language' => 'zh,en-US;q=0.9,en;q=0.8,zh-CN;q=0.7,ja;q=0.6,la;q=0.5',
  'cookie' => 'thinkphp_show_page_trace=0|0; think_var=zh; PHPSESSID=mbosgalhomem48qjrk9o2d0br2',
)
[ info ] [ PARAM ] array (
  'banner' => '20171109',
)
[ info ] [ LOG ] INIT File: array (
  'path' => '/Applications/XAMPP/xamppfiles/htdocs/lab/server/runtime/log/',
  'level' => 
  array (
  ),
)

---------------------------------------------------------------
[ 2018-12-04T22:12:10+08:00 ] 127.0.0.1 127.0.0.1 GET /server/public/data/banner/20171109/224609_972.png
[ log ] lab.com/server/public/data/banner/20171109/224609_972.png [运行时间：0.027120s][吞吐率：36.87req/s] [内存消耗：934.57kb] [文件加载：28]
[ info ] [ ROUTE ] array (
  'type' => 'module',
  'module' => 
  array (
    0 => NULL,
    1 => 'public',
    2 => 'data',
  ),
)
[ info ] [ HEADER ] array (
  'host' => 'lab.com',
  'connection' => 'keep-alive',
  'user-agent' => 'Mozilla/5.0 (Macintosh; Intel Mac OS X 10_14_1) AppleWebKit/537.36 (KHTML, like Gecko) Chrome/72.0.3622.0 Safari/537.36',
  'accept' => 'image/webp,image/apng,image/*,*/*;q=0.8',
  'referer' => 'http://lab.com/server/Banner/index',
  'accept-encoding' => 'gzip, deflate',
  'accept-language' => 'zh,en-US;q=0.9,en;q=0.8,zh-CN;q=0.7,ja;q=0.6,la;q=0.5',
  'cookie' => 'thinkphp_show_page_trace=0|0; think_var=zh; PHPSESSID=mbosgalhomem48qjrk9o2d0br2',
)
[ info ] [ PARAM ] array (
  'banner' => '20171109',
)
[ info ] [ LOG ] INIT File: array (
  'path' => '/Applications/XAMPP/xamppfiles/htdocs/lab/server/runtime/log/',
  'level' => 
  array (
  ),
)

---------------------------------------------------------------
[ 2018-12-04T22:12:10+08:00 ] 127.0.0.1 127.0.0.1 GET /server/public/data/banner/20171119/145243_364.png
[ log ] lab.com/server/public/data/banner/20171119/145243_364.png [运行时间：0.014766s][吞吐率：67.72req/s] [内存消耗：934.57kb] [文件加载：28]
[ info ] [ ROUTE ] array (
  'type' => 'module',
  'module' => 
  array (
    0 => NULL,
    1 => 'public',
    2 => 'data',
  ),
)
[ info ] [ HEADER ] array (
  'host' => 'lab.com',
  'connection' => 'keep-alive',
  'user-agent' => 'Mozilla/5.0 (Macintosh; Intel Mac OS X 10_14_1) AppleWebKit/537.36 (KHTML, like Gecko) Chrome/72.0.3622.0 Safari/537.36',
  'accept' => 'image/webp,image/apng,image/*,*/*;q=0.8',
  'referer' => 'http://lab.com/server/Banner/index',
  'accept-encoding' => 'gzip, deflate',
  'accept-language' => 'zh,en-US;q=0.9,en;q=0.8,zh-CN;q=0.7,ja;q=0.6,la;q=0.5',
  'cookie' => 'thinkphp_show_page_trace=0|0; think_var=zh; PHPSESSID=mbosgalhomem48qjrk9o2d0br2',
)
[ info ] [ PARAM ] array (
  'banner' => '20171119',
)
[ info ] [ LOG ] INIT File: array (
  'path' => '/Applications/XAMPP/xamppfiles/htdocs/lab/server/runtime/log/',
  'level' => 
  array (
  ),
)

---------------------------------------------------------------
[ 2018-12-04T22:12:13+08:00 ] 127.0.0.1 127.0.0.1 GET /server/ResearchArea/index
[ log ] lab.com/server/ResearchArea/index [运行时间：0.065349s][吞吐率：15.30req/s] [内存消耗：2,203.01kb] [文件加载：48]
[ info ] [ ROUTE ] array (
  'type' => 'module',
  'module' => 
  array (
    0 => NULL,
    1 => 'ResearchArea',
    2 => 'index',
  ),
)
[ info ] [ HEADER ] array (
  'host' => 'lab.com',
  'connection' => 'keep-alive',
  'upgrade-insecure-requests' => '1',
  'user-agent' => 'Mozilla/5.0 (Macintosh; Intel Mac OS X 10_14_1) AppleWebKit/537.36 (KHTML, like Gecko) Chrome/72.0.3622.0 Safari/537.36',
  'accept' => 'text/html,application/xhtml+xml,application/xml;q=0.9,image/webp,image/apng,*/*;q=0.8',
  'referer' => 'http://lab.com/server/Banner/index',
  'accept-encoding' => 'gzip, deflate',
  'accept-language' => 'zh,en-US;q=0.9,en;q=0.8,zh-CN;q=0.7,ja;q=0.6,la;q=0.5',
  'cookie' => 'thinkphp_show_page_trace=0|0; think_var=zh; PHPSESSID=mbosgalhomem48qjrk9o2d0br2',
)
[ info ] [ PARAM ] array (
)
[ info ] [ SESSION ] INIT array (
  'id' => '',
  'var_session_id' => '',
  'prefix' => 'lab_session',
  'type' => 'redis',
  'auto_start' => true,
  'host' => '127.0.0.1',
  'port' => '6379',
  'password' => '',
)
[ info ] [ DB ] INIT mysql:array (
  'type' => 'mysql',
  'dsn' => '',
  'hostname' => 'localhost',
  'database' => 'lab',
  'username' => 'root',
  'password' => '',
  'hostport' => '',
  'params' => 
  array (
  ),
  'charset' => 'utf8',
  'prefix' => 'lab_',
  'debug' => true,
  'deploy' => 0,
  'rw_separate' => false,
  'master_num' => 1,
  'slave_no' => '',
  'fields_strict' => true,
  'auto_timestamp' => false,
  'resultset_type' => 'array',
  'datetime_format' => 'Y-m-d H:i:s',
  'sql_explain' => false,
)
[ info ] [ CACHE ] INIT redis:array (
  'type' => 'redis',
  'host' => '127.0.0.1',
  'port' => '6379',
  'password' => '',
  'timeout' => 0,
  'expire' => 0,
  'persistent' => false,
  'prefix' => 'lab_server:',
)
[ info ] [ RUN ] /**
	 * 研究方向列表
	 * @return \think\response\View
	 */
Method [ <user> public method index ] {
  @@ /Applications/XAMPP/xamppfiles/htdocs/lab/server/app/controller/ResearchArea.php 14 - 28
}

[ info ] [ VIEW ] /Applications/XAMPP/xamppfiles/htdocs/lab/server/app/view/ResearchArea/index.html [ array (
  0 => 'list',
  1 => 'tags',
  2 => 'cond',
) ]
[ info ] [ LOG ] INIT File: array (
  'path' => '/Applications/XAMPP/xamppfiles/htdocs/lab/server/runtime/log/',
  'level' => 
  array (
  ),
)
[ sql ] [ DB ] CONNECT:[ UseTime:0.000315s ] mysql:dbname=lab;host=localhost;charset=utf8
[ sql ] [ SQL ] SHOW COLUMNS FROM `lab_tag` [ RunTime:0.005354s ]
[ sql ] [ SQL ] SELECT COUNT(*) AS tp_count FROM `lab_tag` WHERE  `section` = '1'  AND `status` <> 2 ORDER BY id LIMIT 1    [ RunTime:0.000312s ]
[ sql ] [ SQL ] SELECT `id`,`title`,`section` FROM `lab_tag` WHERE  `section` = '1'  AND `status` <> 2 ORDER BY id LIMIT 0,10    [ RunTime:0.000265s ]
[ sql ] [ SQL ] SHOW COLUMNS FROM `lab_research_area` [ RunTime:0.003978s ]
[ sql ] [ SQL ] SELECT COUNT(*) AS tp_count FROM lab_research_area a INNER JOIN lab_tag b ON a.tagid=b.id  WHERE  a.status <> 2 ORDER BY a.publishtime desc LIMIT 1   [ RunTime:0.000371s ]
[ sql ] [ SQL ] SELECT a.id,a.title,a.tagid,b.title as tag_title,a.digest,a.img,a.publishtime,a.count_view,a.ispublish,a.isrecommend FROM lab_research_area a INNER JOIN lab_tag b ON a.tagid=b.id  WHERE  a.status <> 2 ORDER BY a.publishtime desc LIMIT 0,10   [ RunTime:0.000389s ]

---------------------------------------------------------------
[ 2018-12-04T22:12:15+08:00 ] 127.0.0.1 127.0.0.1 GET /server/ResearchArea/create
[ log ] lab.com/server/ResearchArea/create [运行时间：0.033278s][吞吐率：30.05req/s] [内存消耗：2,133.92kb] [文件加载：47]
[ info ] [ ROUTE ] array (
  'type' => 'module',
  'module' => 
  array (
    0 => NULL,
    1 => 'ResearchArea',
    2 => 'create',
  ),
)
[ info ] [ HEADER ] array (
  'host' => 'lab.com',
  'connection' => 'keep-alive',
  'upgrade-insecure-requests' => '1',
  'user-agent' => 'Mozilla/5.0 (Macintosh; Intel Mac OS X 10_14_1) AppleWebKit/537.36 (KHTML, like Gecko) Chrome/72.0.3622.0 Safari/537.36',
  'accept' => 'text/html,application/xhtml+xml,application/xml;q=0.9,image/webp,image/apng,*/*;q=0.8',
  'referer' => 'http://lab.com/server/ResearchArea/index',
  'accept-encoding' => 'gzip, deflate',
  'accept-language' => 'zh,en-US;q=0.9,en;q=0.8,zh-CN;q=0.7,ja;q=0.6,la;q=0.5',
  'cookie' => 'thinkphp_show_page_trace=0|0; thinkphp_show_page_trace=0|0; think_var=zh; PHPSESSID=mbosgalhomem48qjrk9o2d0br2',
)
[ info ] [ PARAM ] array (
)
[ info ] [ SESSION ] INIT array (
  'id' => '',
  'var_session_id' => '',
  'prefix' => 'lab_session',
  'type' => 'redis',
  'auto_start' => true,
  'host' => '127.0.0.1',
  'port' => '6379',
  'password' => '',
)
[ info ] [ DB ] INIT mysql:array (
  'type' => 'mysql',
  'dsn' => '',
  'hostname' => 'localhost',
  'database' => 'lab',
  'username' => 'root',
  'password' => '',
  'hostport' => '',
  'params' => 
  array (
  ),
  'charset' => 'utf8',
  'prefix' => 'lab_',
  'debug' => true,
  'deploy' => 0,
  'rw_separate' => false,
  'master_num' => 1,
  'slave_no' => '',
  'fields_strict' => true,
  'auto_timestamp' => false,
  'resultset_type' => 'array',
  'datetime_format' => 'Y-m-d H:i:s',
  'sql_explain' => false,
)
[ info ] [ CACHE ] INIT redis:array (
  'type' => 'redis',
  'host' => '127.0.0.1',
  'port' => '6379',
  'password' => '',
  'timeout' => 0,
  'expire' => 0,
  'persistent' => false,
  'prefix' => 'lab_server:',
)
[ info ] [ RUN ] /**
	 * 新建
	 */
Method [ <user> public method create ] {
  @@ /Applications/XAMPP/xamppfiles/htdocs/lab/server/app/controller/ResearchArea.php 46 - 60
}

[ info ] [ VIEW ] /Applications/XAMPP/xamppfiles/htdocs/lab/server/app/view/ResearchArea/create.html [ array (
  0 => 'tags',
) ]
[ info ] [ LOG ] INIT File: array (
  'path' => '/Applications/XAMPP/xamppfiles/htdocs/lab/server/runtime/log/',
  'level' => 
  array (
  ),
)
[ sql ] [ DB ] CONNECT:[ UseTime:0.000296s ] mysql:dbname=lab;host=localhost;charset=utf8
[ sql ] [ SQL ] SHOW COLUMNS FROM `lab_tag` [ RunTime:0.003682s ]
[ sql ] [ SQL ] SELECT COUNT(*) AS tp_count FROM `lab_tag` WHERE  `section` = '1'  AND `status` <> 2 ORDER BY id LIMIT 1    [ RunTime:0.000348s ]
[ sql ] [ SQL ] SELECT `id`,`title`,`section` FROM `lab_tag` WHERE  `section` = '1'  AND `status` <> 2 ORDER BY id LIMIT 0,10    [ RunTime:0.000530s ]

---------------------------------------------------------------
[ 2018-12-04T22:12:26+08:00 ] 127.0.0.1 127.0.0.1 POST /server/Media/upload?dir=research
[ log ] lab.com/server/Media/upload?dir=research [运行时间：0.016944s][吞吐率：59.02req/s] [内存消耗：1,497.34kb] [文件加载：31]
[ info ] [ ROUTE ] array (
  'type' => 'module',
  'module' => 
  array (
    0 => NULL,
    1 => 'Media',
    2 => 'upload',
  ),
)
[ info ] [ HEADER ] array (
  'host' => 'lab.com',
  'connection' => 'keep-alive',
  'origin' => 'http://lab.com',
  'user-agent' => 'Mozilla/5.0 (Macintosh; Intel Mac OS X 10_14_1) AppleWebKit/537.36 (KHTML, like Gecko) Chrome/72.0.3622.0 Safari/537.36',
  'accept' => '*/*',
  'referer' => 'http://lab.com/server/ResearchArea/create',
  'accept-encoding' => 'gzip, deflate',
  'accept-language' => 'zh,en-US;q=0.9,en;q=0.8,zh-CN;q=0.7,ja;q=0.6,la;q=0.5',
  'cookie' => 'thinkphp_show_page_trace=0|0; think_var=zh; PHPSESSID=mbosgalhomem48qjrk9o2d0br2',
  'content-type' => 'multipart/form-data; boundary=----WebKitFormBoundaryykF8mEZTmc0zw8iJ',
  'content-length' => '401782',
)
[ info ] [ PARAM ] array (
  'dir' => 'research',
  'name' => 'stl.csv',
)
[ info ] [ SESSION ] INIT array (
  'id' => '',
  'var_session_id' => '',
  'prefix' => 'lab_session',
  'type' => 'redis',
  'auto_start' => true,
  'host' => '127.0.0.1',
  'port' => '6379',
  'password' => '',
)
[ info ] [ DB ] INIT mysql:array (
  'type' => 'mysql',
  'dsn' => '',
  'hostname' => 'localhost',
  'database' => 'lab',
  'username' => 'root',
  'password' => '',
  'hostport' => '',
  'params' => 
  array (
  ),
  'charset' => 'utf8',
  'prefix' => 'lab_',
  'debug' => true,
  'deploy' => 0,
  'rw_separate' => false,
  'master_num' => 1,
  'slave_no' => '',
  'fields_strict' => true,
  'auto_timestamp' => false,
  'resultset_type' => 'array',
  'datetime_format' => 'Y-m-d H:i:s',
  'sql_explain' => false,
)
[ info ] [ CACHE ] INIT redis:array (
  'type' => 'redis',
  'host' => '127.0.0.1',
  'port' => '6379',
  'password' => '',
  'timeout' => 0,
  'expire' => 0,
  'persistent' => false,
  'prefix' => 'lab_server:',
)
[ info ] [ RUN ] /**
	 * 上传多媒体
	 */
Method [ <user> public method upload ] {
  @@ /Applications/XAMPP/xamppfiles/htdocs/lab/server/app/controller/Media.php 13 - 15
}

[ info ] [ LOG ] INIT File: array (
  'path' => '/Applications/XAMPP/xamppfiles/htdocs/lab/server/runtime/log/',
  'level' => 
  array (
  ),
)

---------------------------------------------------------------
