[ 2017-12-25T21:37:17+08:00 ] 127.0.0.1 127.0.0.1 GET /web/
[ log ] lab.com/web/ [运行时间：0.064222s][吞吐率：15.57req/s] [内存消耗：2,280.01kb] [文件加载：49]
[ info ] [ ROUTE ] array (
  'type' => 'module',
  'module' => 
  array (
    0 => NULL,
    1 => '',
    2 => NULL,
  ),
)
[ info ] [ HEADER ] array (
  'host' => 'lab.com',
  'connection' => 'keep-alive',
  'upgrade-insecure-requests' => '1',
  'user-agent' => 'Mozilla/5.0 (Macintosh; Intel Mac OS X 10_13_2) AppleWebKit/537.36 (KHTML, like Gecko) Chrome/65.0.3294.5 Safari/537.36',
  'accept' => 'text/html,application/xhtml+xml,application/xml;q=0.9,image/webp,image/apng,*/*;q=0.8',
  'referer' => 'http://lab.com/',
  'accept-encoding' => 'gzip, deflate',
  'accept-language' => 'zh,en-US;q=0.9,en;q=0.8,zh-CN;q=0.7,ja;q=0.6',
  'cookie' => 'thinkphp_show_page_trace=0|0; PHPSESSID=so5qmk0qpkqu8dpg5k72ge0g60',
)
[ info ] [ PARAM ] array (
)
[ info ] [ RUN ] /**
	 * 首页
	 * @return \think\response\View
	 */
Method [ <user> public method index ] {
  @@ /Applications/XAMPP/xamppfiles/htdocs/lab/web/app/controller/Index.php 16 - 27
}

[ info ] [ DB ] INIT mysql:array (
  'type' => 'mysql',
  'dsn' => '',
  'hostname' => 'localhost',
  'database' => 'lab',
  'username' => 'root',
  'password' => '',
  'hostport' => '',
  'params' => 
  array (
  ),
  'charset' => 'utf8',
  'prefix' => 'lab_',
  'debug' => true,
  'deploy' => 0,
  'rw_separate' => false,
  'master_num' => 1,
  'slave_no' => '',
  'fields_strict' => true,
  'auto_timestamp' => false,
  'resultset_type' => 'array',
  'datetime_format' => 'Y-m-d H:i:s',
  'sql_explain' => false,
)
[ info ] [ CACHE ] INIT redis:array (
  'type' => 'redis',
  'host' => '127.0.0.1',
  'port' => '6379',
  'password' => '',
  'timeout' => 0,
  'expire' => 0,
  'persistent' => false,
  'prefix' => 'lab_server:',
)
[ info ] [ VIEW ] /Applications/XAMPP/xamppfiles/htdocs/lab/web/app/view/Index/index.html [ array (
  0 => 'introduce',
  1 => 'banners',
  2 => 'news',
  3 => 'researchs',
) ]
[ info ] [ LOG ] INIT File: array (
  'path' => '/Applications/XAMPP/xamppfiles/htdocs/lab/web/runtime/log/',
  'level' => 
  array (
  ),
)
[ sql ] [ DB ] CONNECT:[ UseTime:0.000298s ] mysql:dbname=lab;host=localhost;charset=utf8
[ sql ] [ SQL ] SHOW COLUMNS FROM `lab_news` [ RunTime:0.004040s ]
[ sql ] [ SQL ] SELECT COUNT(*) AS tp_count FROM lab_news a LEFT JOIN lab_tag b ON a.tagid=b.id  WHERE  a.status = 1  AND a.ispublish = 1 ORDER BY a.recommendtime desc, a.publishtime desc LIMIT 1   [ RunTime:0.000861s ]
[ sql ] [ SQL ] SELECT a.id,a.title,b.title as tagname,a.digest,a.img,a.href,a.publishtime,a.isrecommend FROM lab_news a LEFT JOIN lab_tag b ON a.tagid=b.id  WHERE  a.status = 1  AND a.ispublish = 1 ORDER BY a.recommendtime desc, a.publishtime desc LIMIT 0,12   [ RunTime:0.001528s ]
[ sql ] [ SQL ] SELECT a.id,a.title,b.title as tagname,a.digest,a.img,a.href,a.publishtime,a.isrecommend FROM lab_news a LEFT JOIN lab_tag b ON a.tagid=b.id  WHERE  a.status = 1  AND a.ispublish = 1 ORDER BY a.publishtime desc, a.recommendtime desc LIMIT 8   [ RunTime:0.000457s ]

---------------------------------------------------------------
[ 2017-12-25T21:37:24+08:00 ] 127.0.0.1 127.0.0.1 GET /web/
[ log ] lab.com/web/ [运行时间：0.053659s][吞吐率：18.64req/s] [内存消耗：2,126.91kb] [文件加载：47]
[ info ] [ ROUTE ] array (
  'type' => 'module',
  'module' => 
  array (
    0 => NULL,
    1 => '',
    2 => NULL,
  ),
)
[ info ] [ HEADER ] array (
  'host' => 'lab.com',
  'connection' => 'keep-alive',
  'cache-control' => 'max-age=0',
  'upgrade-insecure-requests' => '1',
  'user-agent' => 'Mozilla/5.0 (Macintosh; Intel Mac OS X 10_13_2) AppleWebKit/537.36 (KHTML, like Gecko) Chrome/65.0.3294.5 Safari/537.36',
  'accept' => 'text/html,application/xhtml+xml,application/xml;q=0.9,image/webp,image/apng,*/*;q=0.8',
  'accept-encoding' => 'gzip, deflate',
  'accept-language' => 'zh,en-US;q=0.9,en;q=0.8,zh-CN;q=0.7,ja;q=0.6',
  'cookie' => 'thinkphp_show_page_trace=0|0; PHPSESSID=so5qmk0qpkqu8dpg5k72ge0g60; think_var=zh',
)
[ info ] [ PARAM ] array (
)
[ info ] [ RUN ] /**
	 * 首页
	 * @return \think\response\View
	 */
Method [ <user> public method index ] {
  @@ /Applications/XAMPP/xamppfiles/htdocs/lab/web/app/controller/Index.php 16 - 27
}

[ info ] [ DB ] INIT mysql:array (
  'type' => 'mysql',
  'dsn' => '',
  'hostname' => 'localhost',
  'database' => 'lab',
  'username' => 'root',
  'password' => '',
  'hostport' => '',
  'params' => 
  array (
  ),
  'charset' => 'utf8',
  'prefix' => 'lab_',
  'debug' => true,
  'deploy' => 0,
  'rw_separate' => false,
  'master_num' => 1,
  'slave_no' => '',
  'fields_strict' => true,
  'auto_timestamp' => false,
  'resultset_type' => 'array',
  'datetime_format' => 'Y-m-d H:i:s',
  'sql_explain' => false,
)
[ info ] [ CACHE ] INIT redis:array (
  'type' => 'redis',
  'host' => '127.0.0.1',
  'port' => '6379',
  'password' => '',
  'timeout' => 0,
  'expire' => 0,
  'persistent' => false,
  'prefix' => 'lab_server:',
)
[ info ] [ VIEW ] /Applications/XAMPP/xamppfiles/htdocs/lab/web/app/view/Index/index.html [ array (
  0 => 'introduce',
  1 => 'banners',
  2 => 'news',
  3 => 'researchs',
) ]
[ info ] [ LOG ] INIT File: array (
  'path' => '/Applications/XAMPP/xamppfiles/htdocs/lab/web/runtime/log/',
  'level' => 
  array (
  ),
)
[ sql ] [ DB ] CONNECT:[ UseTime:0.000488s ] mysql:dbname=lab;host=localhost;charset=utf8
[ sql ] [ SQL ] SHOW COLUMNS FROM `lab_news` [ RunTime:0.005304s ]
[ sql ] [ SQL ] SELECT COUNT(*) AS tp_count FROM lab_news a LEFT JOIN lab_tag b ON a.tagid=b.id  WHERE  a.status = 1  AND a.ispublish = 1 ORDER BY a.recommendtime desc, a.publishtime desc LIMIT 1   [ RunTime:0.000782s ]
[ sql ] [ SQL ] SELECT a.id,a.title,b.title as tagname,a.digest,a.img,a.href,a.publishtime,a.isrecommend FROM lab_news a LEFT JOIN lab_tag b ON a.tagid=b.id  WHERE  a.status = 1  AND a.ispublish = 1 ORDER BY a.recommendtime desc, a.publishtime desc LIMIT 0,12   [ RunTime:0.000842s ]
[ sql ] [ SQL ] SELECT a.id,a.title,b.title as tagname,a.digest,a.img,a.href,a.publishtime,a.isrecommend FROM lab_news a LEFT JOIN lab_tag b ON a.tagid=b.id  WHERE  a.status = 1  AND a.ispublish = 1 ORDER BY a.publishtime desc, a.recommendtime desc LIMIT 8   [ RunTime:0.000739s ]

---------------------------------------------------------------
[ 2017-12-25T21:37:29+08:00 ] 127.0.0.1 127.0.0.1 GET /web/public/js/bootstrap/css/bootstrap.min.css.map
[ log ] lab.com/web/public/js/bootstrap/css/bootstrap.min.css.map [运行时间：0.022605s][吞吐率：44.24req/s] [内存消耗：937.41kb] [文件加载：28]
[ info ] [ ROUTE ] array (
  'type' => 'module',
  'module' => 
  array (
    0 => NULL,
    1 => 'public',
    2 => 'js',
  ),
)
[ info ] [ HEADER ] array (
  'host' => 'lab.com',
  'connection' => 'keep-alive',
  'user-agent' => 'Mozilla/5.0 (Macintosh; Intel Mac OS X 10_13_2) AppleWebKit/537.36 (KHTML, like Gecko) Chrome/65.0.3294.5 Safari/537.36',
  'accept-encoding' => 'gzip, deflate',
  'accept-language' => 'zh,en-US;q=0.9,en;q=0.8,zh-CN;q=0.7,ja;q=0.6',
  'cookie' => 'thinkphp_show_page_trace=0|0; PHPSESSID=so5qmk0qpkqu8dpg5k72ge0g60; think_var=zh',
)
[ info ] [ PARAM ] array (
  'bootstrap' => 'css',
)
[ info ] [ LOG ] INIT File: array (
  'path' => '/Applications/XAMPP/xamppfiles/htdocs/lab/web/runtime/log/',
  'level' => 
  array (
  ),
)

---------------------------------------------------------------
[ 2017-12-25T21:39:35+08:00 ] 127.0.0.1 127.0.0.1 GET /web/
[ log ] lab.com/web/ [运行时间：0.045836s][吞吐率：21.82req/s] [内存消耗：2,276.02kb] [文件加载：49]
[ info ] [ ROUTE ] array (
  'type' => 'module',
  'module' => 
  array (
    0 => NULL,
    1 => '',
    2 => NULL,
  ),
)
[ info ] [ HEADER ] array (
  'host' => 'lab.com',
  'connection' => 'keep-alive',
  'cache-control' => 'max-age=0',
  'upgrade-insecure-requests' => '1',
  'user-agent' => 'Mozilla/5.0 (Macintosh; Intel Mac OS X 10_13_2) AppleWebKit/537.36 (KHTML, like Gecko) Chrome/65.0.3294.5 Safari/537.36',
  'accept' => 'text/html,application/xhtml+xml,application/xml;q=0.9,image/webp,image/apng,*/*;q=0.8',
  'accept-encoding' => 'gzip, deflate',
  'accept-language' => 'zh,en-US;q=0.9,en;q=0.8,zh-CN;q=0.7,ja;q=0.6',
  'cookie' => 'thinkphp_show_page_trace=0|0; PHPSESSID=so5qmk0qpkqu8dpg5k72ge0g60; think_var=zh',
)
[ info ] [ PARAM ] array (
)
[ info ] [ RUN ] /**
	 * 首页
	 * @return \think\response\View
	 */
Method [ <user> public method index ] {
  @@ /Applications/XAMPP/xamppfiles/htdocs/lab/web/app/controller/Index.php 16 - 27
}

[ info ] [ DB ] INIT mysql:array (
  'type' => 'mysql',
  'dsn' => '',
  'hostname' => 'localhost',
  'database' => 'lab',
  'username' => 'root',
  'password' => '',
  'hostport' => '',
  'params' => 
  array (
  ),
  'charset' => 'utf8',
  'prefix' => 'lab_',
  'debug' => true,
  'deploy' => 0,
  'rw_separate' => false,
  'master_num' => 1,
  'slave_no' => '',
  'fields_strict' => true,
  'auto_timestamp' => false,
  'resultset_type' => 'array',
  'datetime_format' => 'Y-m-d H:i:s',
  'sql_explain' => false,
)
[ info ] [ CACHE ] INIT redis:array (
  'type' => 'redis',
  'host' => '127.0.0.1',
  'port' => '6379',
  'password' => '',
  'timeout' => 0,
  'expire' => 0,
  'persistent' => false,
  'prefix' => 'lab_server:',
)
[ info ] [ VIEW ] /Applications/XAMPP/xamppfiles/htdocs/lab/web/app/view/Index/index.html [ array (
  0 => 'introduce',
  1 => 'banners',
  2 => 'news',
  3 => 'researchs',
) ]
[ info ] [ LOG ] INIT File: array (
  'path' => '/Applications/XAMPP/xamppfiles/htdocs/lab/web/runtime/log/',
  'level' => 
  array (
  ),
)
[ sql ] [ DB ] CONNECT:[ UseTime:0.000322s ] mysql:dbname=lab;host=localhost;charset=utf8
[ sql ] [ SQL ] SHOW COLUMNS FROM `lab_news` [ RunTime:0.002741s ]
[ sql ] [ SQL ] SELECT COUNT(*) AS tp_count FROM lab_news a LEFT JOIN lab_tag b ON a.tagid=b.id  WHERE  a.status = 1  AND a.ispublish = 1 ORDER BY a.recommendtime desc, a.publishtime desc LIMIT 1   [ RunTime:0.000343s ]
[ sql ] [ SQL ] SELECT a.id,a.title,b.title as tagname,a.digest,a.img,a.href,a.publishtime,a.isrecommend FROM lab_news a LEFT JOIN lab_tag b ON a.tagid=b.id  WHERE  a.status = 1  AND a.ispublish = 1 ORDER BY a.recommendtime desc, a.publishtime desc LIMIT 0,12   [ RunTime:0.000643s ]
[ sql ] [ SQL ] SELECT a.id,a.title,b.title as tagname,a.digest,a.img,a.href,a.publishtime,a.isrecommend FROM lab_news a LEFT JOIN lab_tag b ON a.tagid=b.id  WHERE  a.status = 1  AND a.ispublish = 1 ORDER BY a.publishtime desc, a.recommendtime desc LIMIT 8   [ RunTime:0.000585s ]

---------------------------------------------------------------
[ 2017-12-25T21:39:35+08:00 ] 127.0.0.1 127.0.0.1 GET /web/public/js/bootstrap/css/bootstrap.min.css.map
[ log ] lab.com/web/public/js/bootstrap/css/bootstrap.min.css.map [运行时间：0.049718s][吞吐率：20.11req/s] [内存消耗：937.41kb] [文件加载：28]
[ info ] [ ROUTE ] array (
  'type' => 'module',
  'module' => 
  array (
    0 => NULL,
    1 => 'public',
    2 => 'js',
  ),
)
[ info ] [ HEADER ] array (
  'host' => 'lab.com',
  'connection' => 'keep-alive',
  'user-agent' => 'Mozilla/5.0 (Macintosh; Intel Mac OS X 10_13_2) AppleWebKit/537.36 (KHTML, like Gecko) Chrome/65.0.3294.5 Safari/537.36',
  'accept-encoding' => 'gzip, deflate',
  'accept-language' => 'zh,en-US;q=0.9,en;q=0.8,zh-CN;q=0.7,ja;q=0.6',
  'cookie' => 'thinkphp_show_page_trace=0|0; PHPSESSID=so5qmk0qpkqu8dpg5k72ge0g60; think_var=zh',
)
[ info ] [ PARAM ] array (
  'bootstrap' => 'css',
)
[ info ] [ LOG ] INIT File: array (
  'path' => '/Applications/XAMPP/xamppfiles/htdocs/lab/web/runtime/log/',
  'level' => 
  array (
  ),
)

---------------------------------------------------------------
