[ 2018-01-02T21:49:36+08:00 ] 127.0.0.1 127.0.0.1 GET /web/
[ log ] lab.com/web/ [运行时间：0.069203s][吞吐率：14.45req/s] [内存消耗：2,163.54kb] [文件加载：47]
[ info ] [ ROUTE ] array (
  'type' => 'module',
  'module' => 
  array (
    0 => NULL,
    1 => '',
    2 => NULL,
  ),
)
[ info ] [ HEADER ] array (
  'host' => 'lab.com',
  'connection' => 'keep-alive',
  'upgrade-insecure-requests' => '1',
  'user-agent' => 'Mozilla/5.0 (Macintosh; Intel Mac OS X 10_13_2) AppleWebKit/537.36 (KHTML, like Gecko) Chrome/65.0.3298.3 Safari/537.36',
  'accept' => 'text/html,application/xhtml+xml,application/xml;q=0.9,image/webp,image/apng,*/*;q=0.8',
  'referer' => 'http://lab.com/',
  'accept-encoding' => 'gzip, deflate',
  'accept-language' => 'zh,en-US;q=0.9,en;q=0.8,zh-CN;q=0.7,ja;q=0.6',
)
[ info ] [ PARAM ] array (
)
[ info ] [ RUN ] /**
	 * 首页
	 * @return \think\response\View
	 */
Method [ <user> public method index ] {
  @@ /Applications/XAMPP/xamppfiles/htdocs/lab/web/app/controller/Index.php 16 - 27
}

[ info ] [ DB ] INIT mysql:array (
  'type' => 'mysql',
  'dsn' => '',
  'hostname' => 'localhost',
  'database' => 'lab',
  'username' => 'root',
  'password' => '',
  'hostport' => '',
  'params' => 
  array (
  ),
  'charset' => 'utf8',
  'prefix' => 'lab_',
  'debug' => true,
  'deploy' => 0,
  'rw_separate' => false,
  'master_num' => 1,
  'slave_no' => '',
  'fields_strict' => true,
  'auto_timestamp' => false,
  'resultset_type' => 'array',
  'datetime_format' => 'Y-m-d H:i:s',
  'sql_explain' => false,
)
[ info ] [ CACHE ] INIT redis:array (
  'type' => 'redis',
  'host' => '127.0.0.1',
  'port' => '6379',
  'password' => '',
  'timeout' => 0,
  'expire' => 0,
  'persistent' => false,
  'prefix' => 'lab_server:',
)
[ info ] [ VIEW ] /Applications/XAMPP/xamppfiles/htdocs/lab/web/app/view/Index/index.html [ array (
  0 => 'introduce',
  1 => 'banners',
  2 => 'news',
  3 => 'researchs',
) ]
[ info ] [ LOG ] INIT File: array (
  'path' => '/Applications/XAMPP/xamppfiles/htdocs/lab/web/runtime/log/',
  'level' => 
  array (
  ),
)
[ sql ] [ DB ] CONNECT:[ UseTime:0.000682s ] mysql:dbname=lab;host=localhost;charset=utf8
[ sql ] [ SQL ] SHOW COLUMNS FROM `lab_banner` [ RunTime:0.004474s ]
[ sql ] [ SQL ] SELECT `id`,`title`,`img`,`section`,`conid` FROM `lab_banner` WHERE  `status` = '1' ORDER BY position LIMIT 5    [ RunTime:0.000598s ]
[ sql ] [ SQL ] SHOW COLUMNS FROM `lab_news` [ RunTime:0.004066s ]
[ sql ] [ SQL ] SELECT COUNT(*) AS tp_count FROM lab_news a LEFT JOIN lab_tag b ON a.tagid=b.id  WHERE  a.status = 1  AND a.ispublish = 1 ORDER BY a.recommendtime desc, a.publishtime desc LIMIT 1   [ RunTime:0.001731s ]
[ sql ] [ SQL ] SELECT a.id,a.title,b.title as tagname,a.digest,a.img,a.href,a.publishtime,a.isrecommend FROM lab_news a LEFT JOIN lab_tag b ON a.tagid=b.id  WHERE  a.status = 1  AND a.ispublish = 1 ORDER BY a.recommendtime desc, a.publishtime desc LIMIT 0,12   [ RunTime:0.000613s ]
[ sql ] [ SQL ] SELECT a.id,a.title,b.title as tagname,a.digest,a.img,a.href,a.publishtime,a.isrecommend FROM lab_news a LEFT JOIN lab_tag b ON a.tagid=b.id  WHERE  a.status = 1  AND a.ispublish = 1 ORDER BY a.publishtime desc, a.recommendtime desc LIMIT 8   [ RunTime:0.000386s ]
[ sql ] [ SQL ] SHOW COLUMNS FROM `lab_research_area` [ RunTime:0.003374s ]
[ sql ] [ SQL ] SELECT a.id,a.title,b.title as tagname,a.digest,a.img,a.publishtime,a.count_view FROM lab_research_area a LEFT JOIN lab_tag b ON a.tagid=b.id  WHERE  a.status = 1  AND a.ispublish = 1  AND a.isrecommend = 1 ORDER BY a.recommendtime desc,a.recomm_pos,a.publishtime desc LIMIT 3   [ RunTime:0.000612s ]
[ sql ] [ SQL ] SHOW COLUMNS FROM `lab_member` [ RunTime:0.003606s ]
[ sql ] [ SQL ] SELECT a.id,a.name,b.title as tagname,a.phone,a.email,a.address,a.img,a.digest,a.descr,a.research_area FROM lab_member a LEFT JOIN lab_tag b ON a.tagid=b.id  WHERE  a.status = 1  AND a.ispublish = 1  AND b.title = '实验室' LIMIT 1   [ RunTime:0.000651s ]

---------------------------------------------------------------
[ 2018-01-02T21:49:44+08:00 ] 127.0.0.1 127.0.0.1 GET /web/Result/index
[ log ] lab.com/web/Result/index [运行时间：0.053141s][吞吐率：18.82req/s] [内存消耗：2,291.19kb] [文件加载：49]
[ info ] [ ROUTE ] array (
  'type' => 'module',
  'module' => 
  array (
    0 => NULL,
    1 => 'Result',
    2 => 'index',
  ),
)
[ info ] [ HEADER ] array (
  'host' => 'lab.com',
  'connection' => 'keep-alive',
  'upgrade-insecure-requests' => '1',
  'user-agent' => 'Mozilla/5.0 (Macintosh; Intel Mac OS X 10_13_2) AppleWebKit/537.36 (KHTML, like Gecko) Chrome/65.0.3298.3 Safari/537.36',
  'accept' => 'text/html,application/xhtml+xml,application/xml;q=0.9,image/webp,image/apng,*/*;q=0.8',
  'referer' => 'http://lab.com/web/',
  'accept-encoding' => 'gzip, deflate',
  'accept-language' => 'zh,en-US;q=0.9,en;q=0.8,zh-CN;q=0.7,ja;q=0.6',
  'cookie' => 'thinkphp_show_page_trace=0|0; think_var=zh',
)
[ info ] [ PARAM ] array (
)
[ info ] [ RUN ] /**
	 * 科研成果首页
	 * @return \think\response\View
	 */
Method [ <user> public method index ] {
  @@ /Applications/XAMPP/xamppfiles/htdocs/lab/web/app/controller/Result.php 14 - 30
}

[ info ] [ DB ] INIT mysql:array (
  'type' => 'mysql',
  'dsn' => '',
  'hostname' => 'localhost',
  'database' => 'lab',
  'username' => 'root',
  'password' => '',
  'hostport' => '',
  'params' => 
  array (
  ),
  'charset' => 'utf8',
  'prefix' => 'lab_',
  'debug' => true,
  'deploy' => 0,
  'rw_separate' => false,
  'master_num' => 1,
  'slave_no' => '',
  'fields_strict' => true,
  'auto_timestamp' => false,
  'resultset_type' => 'array',
  'datetime_format' => 'Y-m-d H:i:s',
  'sql_explain' => false,
)
[ info ] [ CACHE ] INIT redis:array (
  'type' => 'redis',
  'host' => '127.0.0.1',
  'port' => '6379',
  'password' => '',
  'timeout' => 0,
  'expire' => 0,
  'persistent' => false,
  'prefix' => 'lab_server:',
)
[ info ] [ VIEW ] /Applications/XAMPP/xamppfiles/htdocs/lab/web/app/view/Result/index.html [ array (
  0 => 'list',
  1 => 'tags',
  2 => 'tag_name',
  3 => 'research',
  4 => 'banners',
) ]
[ info ] [ LOG ] INIT File: array (
  'path' => '/Applications/XAMPP/xamppfiles/htdocs/lab/web/runtime/log/',
  'level' => 
  array (
  ),
)
[ sql ] [ DB ] CONNECT:[ UseTime:0.000320s ] mysql:dbname=lab;host=localhost;charset=utf8
[ sql ] [ SQL ] SHOW COLUMNS FROM `lab_result` [ RunTime:0.004399s ]
[ sql ] [ SQL ] SELECT COUNT(*) AS tp_count FROM lab_result a LEFT JOIN lab_tag b ON a.tagid=b.id LEFT JOIN lab_research_area c ON c.id=a.research_id  WHERE  a.status = 1  AND a.ispublish = 1 ORDER BY a.publishtime desc LIMIT 1   [ RunTime:0.000661s ]
[ sql ] [ SQL ] SELECT a.id,a.title,b.title as tagname,a.research_id,c.title as research_title,a.digest,a.img,a.href,a.file FROM lab_result a LEFT JOIN lab_tag b ON a.tagid=b.id LEFT JOIN lab_research_area c ON c.id=a.research_id  WHERE  a.status = 1  AND a.ispublish = 1 ORDER BY a.publishtime desc LIMIT 0,100   [ RunTime:0.000702s ]
[ sql ] [ SQL ] SHOW COLUMNS FROM `lab_tag` [ RunTime:0.003098s ]
[ sql ] [ SQL ] SELECT `id`,`title` FROM `lab_tag` WHERE  `section` = '2'  AND `status` = '1'    [ RunTime:0.000307s ]
[ sql ] [ SQL ] SHOW COLUMNS FROM `lab_research_area` [ RunTime:0.002686s ]
[ sql ] [ SQL ] SELECT COUNT(*) AS tp_count FROM lab_research_area a INNER JOIN lab_tag b ON a.tagid=b.id  WHERE  a.status <> 2 ORDER BY a.publishtime desc LIMIT 1   [ RunTime:0.000300s ]
[ sql ] [ SQL ] SELECT a.id,a.title,a.tagid,b.title as tag_title,a.digest,a.img,a.publishtime,a.count_view,a.ispublish,a.isrecommend FROM lab_research_area a INNER JOIN lab_tag b ON a.tagid=b.id  WHERE  a.status <> 2 ORDER BY a.publishtime desc LIMIT 0,12   [ RunTime:0.000338s ]

---------------------------------------------------------------
[ 2018-01-02T21:49:48+08:00 ] 127.0.0.1 127.0.0.1 GET /web/Member/tutor
[ log ] lab.com/web/Member/tutor [运行时间：0.031691s][吞吐率：31.55req/s] [内存消耗：2,141.80kb] [文件加载：44]
[ info ] [ ROUTE ] array (
  'type' => 'module',
  'module' => 
  array (
    0 => NULL,
    1 => 'Member',
    2 => 'tutor',
  ),
)
[ info ] [ HEADER ] array (
  'host' => 'lab.com',
  'connection' => 'keep-alive',
  'upgrade-insecure-requests' => '1',
  'user-agent' => 'Mozilla/5.0 (Macintosh; Intel Mac OS X 10_13_2) AppleWebKit/537.36 (KHTML, like Gecko) Chrome/65.0.3298.3 Safari/537.36',
  'accept' => 'text/html,application/xhtml+xml,application/xml;q=0.9,image/webp,image/apng,*/*;q=0.8',
  'referer' => 'http://lab.com/web/Result/index',
  'accept-encoding' => 'gzip, deflate',
  'accept-language' => 'zh,en-US;q=0.9,en;q=0.8,zh-CN;q=0.7,ja;q=0.6',
  'cookie' => 'thinkphp_show_page_trace=0|0; think_var=zh',
)
[ info ] [ PARAM ] array (
)
[ info ] [ RUN ] /**
     * 导师信息首页
     * @return \think\response\View
     */
Method [ <user> public method tutor ] {
  @@ /Applications/XAMPP/xamppfiles/htdocs/lab/web/app/controller/Member.php 33 - 46
}

[ info ] [ DB ] INIT mysql:array (
  'type' => 'mysql',
  'dsn' => '',
  'hostname' => 'localhost',
  'database' => 'lab',
  'username' => 'root',
  'password' => '',
  'hostport' => '',
  'params' => 
  array (
  ),
  'charset' => 'utf8',
  'prefix' => 'lab_',
  'debug' => true,
  'deploy' => 0,
  'rw_separate' => false,
  'master_num' => 1,
  'slave_no' => '',
  'fields_strict' => true,
  'auto_timestamp' => false,
  'resultset_type' => 'array',
  'datetime_format' => 'Y-m-d H:i:s',
  'sql_explain' => false,
)
[ info ] [ CACHE ] INIT redis:array (
  'type' => 'redis',
  'host' => '127.0.0.1',
  'port' => '6379',
  'password' => '',
  'timeout' => 0,
  'expire' => 0,
  'persistent' => false,
  'prefix' => 'lab_server:',
)
[ info ] [ VIEW ] /Applications/XAMPP/xamppfiles/htdocs/lab/web/app/view/Member/tutor.html [ array (
  0 => 'list',
  1 => 'tags',
  2 => 'banners',
) ]
[ info ] [ LOG ] INIT File: array (
  'path' => '/Applications/XAMPP/xamppfiles/htdocs/lab/web/runtime/log/',
  'level' => 
  array (
  ),
)
[ sql ] [ DB ] CONNECT:[ UseTime:0.000255s ] mysql:dbname=lab;host=localhost;charset=utf8
[ sql ] [ SQL ] SHOW COLUMNS FROM `lab_member` [ RunTime:0.002783s ]
[ sql ] [ SQL ] SELECT a.id,a.name,a.tutor,a.position,a.img,a.digest,a.url,a.research_area,a.tagid FROM lab_member a LEFT JOIN lab_tag b ON a.tagid=b.id  WHERE  a.status = 1  AND a.ispublish = 1  AND b.title <> '实验室' ORDER BY publishtime desc  [ RunTime:0.001294s ]
[ sql ] [ SQL ] SHOW COLUMNS FROM `lab_tag` [ RunTime:0.002815s ]
[ sql ] [ SQL ] SELECT `id`,`title` FROM `lab_tag` WHERE  `section` = 3  AND `title` = '导师'  AND `status` = '1'   [ RunTime:0.000254s ]

---------------------------------------------------------------
[ 2018-01-02T21:49:48+08:00 ] 127.0.0.1 127.0.0.1 GET /web/Member/student
[ log ] lab.com/web/Member/student [运行时间：0.033035s][吞吐率：30.27req/s] [内存消耗：2,186.40kb] [文件加载：44]
[ info ] [ ROUTE ] array (
  'type' => 'module',
  'module' => 
  array (
    0 => NULL,
    1 => 'Member',
    2 => 'student',
  ),
)
[ info ] [ HEADER ] array (
  'host' => 'lab.com',
  'connection' => 'keep-alive',
  'upgrade-insecure-requests' => '1',
  'user-agent' => 'Mozilla/5.0 (Macintosh; Intel Mac OS X 10_13_2) AppleWebKit/537.36 (KHTML, like Gecko) Chrome/65.0.3298.3 Safari/537.36',
  'accept' => 'text/html,application/xhtml+xml,application/xml;q=0.9,image/webp,image/apng,*/*;q=0.8',
  'referer' => 'http://lab.com/web/Member/tutor',
  'accept-encoding' => 'gzip, deflate',
  'accept-language' => 'zh,en-US;q=0.9,en;q=0.8,zh-CN;q=0.7,ja;q=0.6',
  'cookie' => 'thinkphp_show_page_trace=0|0; thinkphp_show_page_trace=0|0; think_var=zh',
)
[ info ] [ PARAM ] array (
)
[ info ] [ RUN ] /**
     * 学生信息首页
     * @return \think\response\View
     */
Method [ <user> public method student ] {
  @@ /Applications/XAMPP/xamppfiles/htdocs/lab/web/app/controller/Member.php 52 - 65
}

[ info ] [ DB ] INIT mysql:array (
  'type' => 'mysql',
  'dsn' => '',
  'hostname' => 'localhost',
  'database' => 'lab',
  'username' => 'root',
  'password' => '',
  'hostport' => '',
  'params' => 
  array (
  ),
  'charset' => 'utf8',
  'prefix' => 'lab_',
  'debug' => true,
  'deploy' => 0,
  'rw_separate' => false,
  'master_num' => 1,
  'slave_no' => '',
  'fields_strict' => true,
  'auto_timestamp' => false,
  'resultset_type' => 'array',
  'datetime_format' => 'Y-m-d H:i:s',
  'sql_explain' => false,
)
[ info ] [ CACHE ] INIT redis:array (
  'type' => 'redis',
  'host' => '127.0.0.1',
  'port' => '6379',
  'password' => '',
  'timeout' => 0,
  'expire' => 0,
  'persistent' => false,
  'prefix' => 'lab_server:',
)
[ info ] [ VIEW ] /Applications/XAMPP/xamppfiles/htdocs/lab/web/app/view/Member/student.html [ array (
  0 => 'list',
  1 => 'tags',
  2 => 'banners',
) ]
[ info ] [ LOG ] INIT File: array (
  'path' => '/Applications/XAMPP/xamppfiles/htdocs/lab/web/runtime/log/',
  'level' => 
  array (
  ),
)
[ sql ] [ DB ] CONNECT:[ UseTime:0.000352s ] mysql:dbname=lab;host=localhost;charset=utf8
[ sql ] [ SQL ] SHOW COLUMNS FROM `lab_member` [ RunTime:0.003508s ]
[ sql ] [ SQL ] SELECT a.id,a.name,a.tutor,a.position,a.img,a.digest,a.url,a.research_area,a.tagid FROM lab_member a LEFT JOIN lab_tag b ON a.tagid=b.id  WHERE  a.status = 1  AND a.ispublish = 1  AND b.title <> '实验室' ORDER BY publishtime desc  [ RunTime:0.000901s ]
[ sql ] [ SQL ] SHOW COLUMNS FROM `lab_tag` [ RunTime:0.002655s ]
[ sql ] [ SQL ] SELECT `id`,`title` FROM `lab_tag` WHERE  `section` = 3  AND `title` NOT IN ('实验室','导师')  AND `status` = '1'   [ RunTime:0.000313s ]

---------------------------------------------------------------
[ 2018-01-02T21:49:49+08:00 ] 127.0.0.1 127.0.0.1 GET /web/News/index
[ log ] lab.com/web/News/index [运行时间：0.037023s][吞吐率：27.01req/s] [内存消耗：2,220.09kb] [文件加载：48]
[ info ] [ ROUTE ] array (
  'type' => 'module',
  'module' => 
  array (
    0 => NULL,
    1 => 'News',
    2 => 'index',
  ),
)
[ info ] [ HEADER ] array (
  'host' => 'lab.com',
  'connection' => 'keep-alive',
  'upgrade-insecure-requests' => '1',
  'user-agent' => 'Mozilla/5.0 (Macintosh; Intel Mac OS X 10_13_2) AppleWebKit/537.36 (KHTML, like Gecko) Chrome/65.0.3298.3 Safari/537.36',
  'accept' => 'text/html,application/xhtml+xml,application/xml;q=0.9,image/webp,image/apng,*/*;q=0.8',
  'referer' => 'http://lab.com/web/Member/student',
  'accept-encoding' => 'gzip, deflate',
  'accept-language' => 'zh,en-US;q=0.9,en;q=0.8,zh-CN;q=0.7,ja;q=0.6',
  'cookie' => 'thinkphp_show_page_trace=0|0; think_var=zh',
)
[ info ] [ PARAM ] array (
)
[ info ] [ RUN ] /**
	 * 最新动态首页
	 * @return \think\response\View
	 */
Method [ <user> public method index ] {
  @@ /Applications/XAMPP/xamppfiles/htdocs/lab/web/app/controller/News.php 14 - 24
}

[ info ] [ DB ] INIT mysql:array (
  'type' => 'mysql',
  'dsn' => '',
  'hostname' => 'localhost',
  'database' => 'lab',
  'username' => 'root',
  'password' => '',
  'hostport' => '',
  'params' => 
  array (
  ),
  'charset' => 'utf8',
  'prefix' => 'lab_',
  'debug' => true,
  'deploy' => 0,
  'rw_separate' => false,
  'master_num' => 1,
  'slave_no' => '',
  'fields_strict' => true,
  'auto_timestamp' => false,
  'resultset_type' => 'array',
  'datetime_format' => 'Y-m-d H:i:s',
  'sql_explain' => false,
)
[ info ] [ CACHE ] INIT redis:array (
  'type' => 'redis',
  'host' => '127.0.0.1',
  'port' => '6379',
  'password' => '',
  'timeout' => 0,
  'expire' => 0,
  'persistent' => false,
  'prefix' => 'lab_server:',
)
[ info ] [ VIEW ] /Applications/XAMPP/xamppfiles/htdocs/lab/web/app/view/News/index.html [ array (
  0 => 'list',
  1 => 'tags',
  2 => 'banners',
) ]
[ info ] [ LOG ] INIT File: array (
  'path' => '/Applications/XAMPP/xamppfiles/htdocs/lab/web/runtime/log/',
  'level' => 
  array (
  ),
)
[ sql ] [ DB ] CONNECT:[ UseTime:0.000308s ] mysql:dbname=lab;host=localhost;charset=utf8
[ sql ] [ SQL ] SHOW COLUMNS FROM `lab_news` [ RunTime:0.003868s ]
[ sql ] [ SQL ] SELECT COUNT(*) AS tp_count FROM lab_news a LEFT JOIN lab_tag b ON a.tagid=b.id  WHERE  a.status = 1  AND a.ispublish = 1 ORDER BY a.recommendtime desc, a.publishtime desc LIMIT 1   [ RunTime:0.000322s ]
[ sql ] [ SQL ] SELECT a.id,a.title,b.title as tagname,a.digest,a.img,a.href,a.publishtime,a.isrecommend FROM lab_news a LEFT JOIN lab_tag b ON a.tagid=b.id  WHERE  a.status = 1  AND a.ispublish = 1 ORDER BY a.recommendtime desc, a.publishtime desc LIMIT 0,12   [ RunTime:0.000386s ]
[ sql ] [ SQL ] SHOW COLUMNS FROM `lab_tag` [ RunTime:0.002812s ]
[ sql ] [ SQL ] SELECT `id`,`title` FROM `lab_tag` WHERE  `section` = '4'  AND `status` = '1'    [ RunTime:0.000269s ]

---------------------------------------------------------------
[ 2018-01-02T21:49:50+08:00 ] 127.0.0.1 127.0.0.1 GET /web/Member/contact
[ log ] lab.com/web/Member/contact [运行时间：0.024455s][吞吐率：40.89req/s] [内存消耗：1,855.38kb] [文件加载：40]
[ info ] [ ROUTE ] array (
  'type' => 'module',
  'module' => 
  array (
    0 => NULL,
    1 => 'Member',
    2 => 'contact',
  ),
)
[ info ] [ HEADER ] array (
  'host' => 'lab.com',
  'connection' => 'keep-alive',
  'upgrade-insecure-requests' => '1',
  'user-agent' => 'Mozilla/5.0 (Macintosh; Intel Mac OS X 10_13_2) AppleWebKit/537.36 (KHTML, like Gecko) Chrome/65.0.3298.3 Safari/537.36',
  'accept' => 'text/html,application/xhtml+xml,application/xml;q=0.9,image/webp,image/apng,*/*;q=0.8',
  'referer' => 'http://lab.com/web/News/index',
  'accept-encoding' => 'gzip, deflate',
  'accept-language' => 'zh,en-US;q=0.9,en;q=0.8,zh-CN;q=0.7,ja;q=0.6',
  'cookie' => 'thinkphp_show_page_trace=0|0; thinkphp_show_page_trace=0|0; think_var=zh',
)
[ info ] [ PARAM ] array (
)
[ info ] [ RUN ] /**
     * 联系我们页面
     */
Method [ <user> public method contact ] {
  @@ /Applications/XAMPP/xamppfiles/htdocs/lab/web/app/controller/Member.php 80 - 83
}

[ info ] [ DB ] INIT mysql:array (
  'type' => 'mysql',
  'dsn' => '',
  'hostname' => 'localhost',
  'database' => 'lab',
  'username' => 'root',
  'password' => '',
  'hostport' => '',
  'params' => 
  array (
  ),
  'charset' => 'utf8',
  'prefix' => 'lab_',
  'debug' => true,
  'deploy' => 0,
  'rw_separate' => false,
  'master_num' => 1,
  'slave_no' => '',
  'fields_strict' => true,
  'auto_timestamp' => false,
  'resultset_type' => 'array',
  'datetime_format' => 'Y-m-d H:i:s',
  'sql_explain' => false,
)
[ info ] [ CACHE ] INIT redis:array (
  'type' => 'redis',
  'host' => '127.0.0.1',
  'port' => '6379',
  'password' => '',
  'timeout' => 0,
  'expire' => 0,
  'persistent' => false,
  'prefix' => 'lab_server:',
)
[ info ] [ VIEW ] /Applications/XAMPP/xamppfiles/htdocs/lab/web/app/view/Member/contact.html [ array (
  0 => 'info',
) ]
[ info ] [ LOG ] INIT File: array (
  'path' => '/Applications/XAMPP/xamppfiles/htdocs/lab/web/runtime/log/',
  'level' => 
  array (
  ),
)

---------------------------------------------------------------
[ 2018-01-02T21:53:05+08:00 ] 127.0.0.1 127.0.0.1 GET /web/Member/student
[ log ] lab.com/web/Member/student [运行时间：0.037214s][吞吐率：26.87req/s] [内存消耗：2,267.91kb] [文件加载：48]
[ info ] [ ROUTE ] array (
  'type' => 'module',
  'module' => 
  array (
    0 => NULL,
    1 => 'Member',
    2 => 'student',
  ),
)
[ info ] [ HEADER ] array (
  'host' => 'lab.com',
  'connection' => 'keep-alive',
  'upgrade-insecure-requests' => '1',
  'user-agent' => 'Mozilla/5.0 (Macintosh; Intel Mac OS X 10_13_2) AppleWebKit/537.36 (KHTML, like Gecko) Chrome/65.0.3298.3 Safari/537.36',
  'accept' => 'text/html,application/xhtml+xml,application/xml;q=0.9,image/webp,image/apng,*/*;q=0.8',
  'referer' => 'http://lab.com/web/Member/contact',
  'accept-encoding' => 'gzip, deflate',
  'accept-language' => 'zh,en-US;q=0.9,en;q=0.8,zh-CN;q=0.7,ja;q=0.6',
  'cookie' => 'thinkphp_show_page_trace=0|0; thinkphp_show_page_trace=0|0; think_var=zh',
)
[ info ] [ PARAM ] array (
)
[ info ] [ RUN ] /**
     * 学生信息首页
     * @return \think\response\View
     */
Method [ <user> public method student ] {
  @@ /Applications/XAMPP/xamppfiles/htdocs/lab/web/app/controller/Member.php 52 - 65
}

[ info ] [ DB ] INIT mysql:array (
  'type' => 'mysql',
  'dsn' => '',
  'hostname' => 'localhost',
  'database' => 'lab',
  'username' => 'root',
  'password' => '',
  'hostport' => '',
  'params' => 
  array (
  ),
  'charset' => 'utf8',
  'prefix' => 'lab_',
  'debug' => true,
  'deploy' => 0,
  'rw_separate' => false,
  'master_num' => 1,
  'slave_no' => '',
  'fields_strict' => true,
  'auto_timestamp' => false,
  'resultset_type' => 'array',
  'datetime_format' => 'Y-m-d H:i:s',
  'sql_explain' => false,
)
[ info ] [ CACHE ] INIT redis:array (
  'type' => 'redis',
  'host' => '127.0.0.1',
  'port' => '6379',
  'password' => '',
  'timeout' => 0,
  'expire' => 0,
  'persistent' => false,
  'prefix' => 'lab_server:',
)
[ info ] [ VIEW ] /Applications/XAMPP/xamppfiles/htdocs/lab/web/app/view/Member/student.html [ array (
  0 => 'list',
  1 => 'tags',
  2 => 'banners',
) ]
[ info ] [ LOG ] INIT File: array (
  'path' => '/Applications/XAMPP/xamppfiles/htdocs/lab/web/runtime/log/',
  'level' => 
  array (
  ),
)
[ sql ] [ DB ] CONNECT:[ UseTime:0.000376s ] mysql:dbname=lab;host=localhost;charset=utf8
[ sql ] [ SQL ] SHOW COLUMNS FROM `lab_member` [ RunTime:0.004255s ]
[ sql ] [ SQL ] SELECT a.id,a.name,a.tutor,a.position,a.img,a.digest,a.url,a.research_area,a.tagid FROM lab_member a LEFT JOIN lab_tag b ON a.tagid=b.id  WHERE  a.status = 1  AND a.ispublish = 1  AND b.title <> '实验室' ORDER BY publishtime desc  [ RunTime:0.001056s ]
[ sql ] [ SQL ] SHOW COLUMNS FROM `lab_tag` [ RunTime:0.002557s ]
[ sql ] [ SQL ] SELECT `id`,`title` FROM `lab_tag` WHERE  `section` = 3  AND `title` NOT IN ('实验室','导师')  AND `status` = '1'   [ RunTime:0.000530s ]
[ error ] [0]Parse error: syntax error, unexpected 'else' (T_ELSE)[/Applications/XAMPP/xamppfiles/htdocs/lab/web/runtime/temp/6671a8c70f0eadce54876fed9eb80e63.php:111]

---------------------------------------------------------------
[ 2018-01-02T21:53:31+08:00 ] 127.0.0.1 127.0.0.1 GET /web/Member/student
[ log ] lab.com/web/Member/student [运行时间：0.036526s][吞吐率：27.38req/s] [内存消耗：2,195.46kb] [文件加载：44]
[ info ] [ ROUTE ] array (
  'type' => 'module',
  'module' => 
  array (
    0 => NULL,
    1 => 'Member',
    2 => 'student',
  ),
)
[ info ] [ HEADER ] array (
  'host' => 'lab.com',
  'connection' => 'keep-alive',
  'cache-control' => 'max-age=0',
  'upgrade-insecure-requests' => '1',
  'user-agent' => 'Mozilla/5.0 (Macintosh; Intel Mac OS X 10_13_2) AppleWebKit/537.36 (KHTML, like Gecko) Chrome/65.0.3298.3 Safari/537.36',
  'accept' => 'text/html,application/xhtml+xml,application/xml;q=0.9,image/webp,image/apng,*/*;q=0.8',
  'referer' => 'http://lab.com/web/Member/contact',
  'accept-encoding' => 'gzip, deflate',
  'accept-language' => 'zh,en-US;q=0.9,en;q=0.8,zh-CN;q=0.7,ja;q=0.6',
  'cookie' => 'thinkphp_show_page_trace=0|0; thinkphp_show_page_trace=0|0; think_var=zh',
)
[ info ] [ PARAM ] array (
)
[ info ] [ RUN ] /**
     * 学生信息首页
     * @return \think\response\View
     */
Method [ <user> public method student ] {
  @@ /Applications/XAMPP/xamppfiles/htdocs/lab/web/app/controller/Member.php 52 - 65
}

[ info ] [ DB ] INIT mysql:array (
  'type' => 'mysql',
  'dsn' => '',
  'hostname' => 'localhost',
  'database' => 'lab',
  'username' => 'root',
  'password' => '',
  'hostport' => '',
  'params' => 
  array (
  ),
  'charset' => 'utf8',
  'prefix' => 'lab_',
  'debug' => true,
  'deploy' => 0,
  'rw_separate' => false,
  'master_num' => 1,
  'slave_no' => '',
  'fields_strict' => true,
  'auto_timestamp' => false,
  'resultset_type' => 'array',
  'datetime_format' => 'Y-m-d H:i:s',
  'sql_explain' => false,
)
[ info ] [ CACHE ] INIT redis:array (
  'type' => 'redis',
  'host' => '127.0.0.1',
  'port' => '6379',
  'password' => '',
  'timeout' => 0,
  'expire' => 0,
  'persistent' => false,
  'prefix' => 'lab_server:',
)
[ info ] [ VIEW ] /Applications/XAMPP/xamppfiles/htdocs/lab/web/app/view/Member/student.html [ array (
  0 => 'list',
  1 => 'tags',
  2 => 'banners',
) ]
[ info ] [ LOG ] INIT File: array (
  'path' => '/Applications/XAMPP/xamppfiles/htdocs/lab/web/runtime/log/',
  'level' => 
  array (
  ),
)
[ sql ] [ DB ] CONNECT:[ UseTime:0.000287s ] mysql:dbname=lab;host=localhost;charset=utf8
[ sql ] [ SQL ] SHOW COLUMNS FROM `lab_member` [ RunTime:0.003550s ]
[ sql ] [ SQL ] SELECT a.id,a.name,a.tutor,a.position,a.img,a.digest,a.url,a.research_area,a.tagid FROM lab_member a LEFT JOIN lab_tag b ON a.tagid=b.id  WHERE  a.status = 1  AND a.ispublish = 1  AND b.title <> '实验室' ORDER BY publishtime desc  [ RunTime:0.000776s ]
[ sql ] [ SQL ] SHOW COLUMNS FROM `lab_tag` [ RunTime:0.002680s ]
[ sql ] [ SQL ] SELECT `id`,`title` FROM `lab_tag` WHERE  `section` = 3  AND `title` NOT IN ('实验室','导师')  AND `status` = '1'   [ RunTime:0.000246s ]

---------------------------------------------------------------
[ 2018-01-02T21:54:35+08:00 ] 127.0.0.1 127.0.0.1 GET /web/Member/student
[ log ] lab.com/web/Member/student [运行时间：0.032013s][吞吐率：31.24req/s] [内存消耗：2,196.02kb] [文件加载：44]
[ info ] [ ROUTE ] array (
  'type' => 'module',
  'module' => 
  array (
    0 => NULL,
    1 => 'Member',
    2 => 'student',
  ),
)
[ info ] [ HEADER ] array (
  'host' => 'lab.com',
  'connection' => 'keep-alive',
  'cache-control' => 'max-age=0',
  'upgrade-insecure-requests' => '1',
  'user-agent' => 'Mozilla/5.0 (Macintosh; Intel Mac OS X 10_13_2) AppleWebKit/537.36 (KHTML, like Gecko) Chrome/65.0.3298.3 Safari/537.36',
  'accept' => 'text/html,application/xhtml+xml,application/xml;q=0.9,image/webp,image/apng,*/*;q=0.8',
  'referer' => 'http://lab.com/web/Member/contact',
  'accept-encoding' => 'gzip, deflate',
  'accept-language' => 'zh,en-US;q=0.9,en;q=0.8,zh-CN;q=0.7,ja;q=0.6',
  'cookie' => 'thinkphp_show_page_trace=0|0; thinkphp_show_page_trace=0|0; think_var=zh',
)
[ info ] [ PARAM ] array (
)
[ info ] [ RUN ] /**
     * 学生信息首页
     * @return \think\response\View
     */
Method [ <user> public method student ] {
  @@ /Applications/XAMPP/xamppfiles/htdocs/lab/web/app/controller/Member.php 52 - 65
}

[ info ] [ DB ] INIT mysql:array (
  'type' => 'mysql',
  'dsn' => '',
  'hostname' => 'localhost',
  'database' => 'lab',
  'username' => 'root',
  'password' => '',
  'hostport' => '',
  'params' => 
  array (
  ),
  'charset' => 'utf8',
  'prefix' => 'lab_',
  'debug' => true,
  'deploy' => 0,
  'rw_separate' => false,
  'master_num' => 1,
  'slave_no' => '',
  'fields_strict' => true,
  'auto_timestamp' => false,
  'resultset_type' => 'array',
  'datetime_format' => 'Y-m-d H:i:s',
  'sql_explain' => false,
)
[ info ] [ CACHE ] INIT redis:array (
  'type' => 'redis',
  'host' => '127.0.0.1',
  'port' => '6379',
  'password' => '',
  'timeout' => 0,
  'expire' => 0,
  'persistent' => false,
  'prefix' => 'lab_server:',
)
[ info ] [ VIEW ] /Applications/XAMPP/xamppfiles/htdocs/lab/web/app/view/Member/student.html [ array (
  0 => 'list',
  1 => 'tags',
  2 => 'banners',
) ]
[ info ] [ LOG ] INIT File: array (
  'path' => '/Applications/XAMPP/xamppfiles/htdocs/lab/web/runtime/log/',
  'level' => 
  array (
  ),
)
[ sql ] [ DB ] CONNECT:[ UseTime:0.000320s ] mysql:dbname=lab;host=localhost;charset=utf8
[ sql ] [ SQL ] SHOW COLUMNS FROM `lab_member` [ RunTime:0.003827s ]
[ sql ] [ SQL ] SELECT a.id,a.name,a.tutor,a.position,a.img,a.digest,a.url,a.research_area,a.tagid FROM lab_member a LEFT JOIN lab_tag b ON a.tagid=b.id  WHERE  a.status = 1  AND a.ispublish = 1  AND b.title <> '实验室' ORDER BY publishtime desc  [ RunTime:0.000849s ]
[ sql ] [ SQL ] SHOW COLUMNS FROM `lab_tag` [ RunTime:0.002609s ]
[ sql ] [ SQL ] SELECT `id`,`title` FROM `lab_tag` WHERE  `section` = 3  AND `title` NOT IN ('实验室','导师')  AND `status` = '1'   [ RunTime:0.000265s ]

---------------------------------------------------------------
[ 2018-01-02T21:54:37+08:00 ] 127.0.0.1 127.0.0.1 GET /web/Member/student
[ log ] lab.com/web/Member/student [运行时间：0.029037s][吞吐率：34.44req/s] [内存消耗：2,019.51kb] [文件加载：42]
[ info ] [ ROUTE ] array (
  'type' => 'module',
  'module' => 
  array (
    0 => NULL,
    1 => 'Member',
    2 => 'student',
  ),
)
[ info ] [ HEADER ] array (
  'host' => 'lab.com',
  'connection' => 'keep-alive',
  'cache-control' => 'max-age=0',
  'upgrade-insecure-requests' => '1',
  'user-agent' => 'Mozilla/5.0 (Macintosh; Intel Mac OS X 10_13_2) AppleWebKit/537.36 (KHTML, like Gecko) Chrome/65.0.3298.3 Safari/537.36',
  'accept' => 'text/html,application/xhtml+xml,application/xml;q=0.9,image/webp,image/apng,*/*;q=0.8',
  'accept-encoding' => 'gzip, deflate',
  'accept-language' => 'zh,en-US;q=0.9,en;q=0.8,zh-CN;q=0.7,ja;q=0.6',
  'cookie' => 'thinkphp_show_page_trace=0|0; thinkphp_show_page_trace=0|0; think_var=zh',
)
[ info ] [ PARAM ] array (
)
[ info ] [ RUN ] /**
     * 学生信息首页
     * @return \think\response\View
     */
Method [ <user> public method student ] {
  @@ /Applications/XAMPP/xamppfiles/htdocs/lab/web/app/controller/Member.php 52 - 65
}

[ info ] [ DB ] INIT mysql:array (
  'type' => 'mysql',
  'dsn' => '',
  'hostname' => 'localhost',
  'database' => 'lab',
  'username' => 'root',
  'password' => '',
  'hostport' => '',
  'params' => 
  array (
  ),
  'charset' => 'utf8',
  'prefix' => 'lab_',
  'debug' => true,
  'deploy' => 0,
  'rw_separate' => false,
  'master_num' => 1,
  'slave_no' => '',
  'fields_strict' => true,
  'auto_timestamp' => false,
  'resultset_type' => 'array',
  'datetime_format' => 'Y-m-d H:i:s',
  'sql_explain' => false,
)
[ info ] [ CACHE ] INIT redis:array (
  'type' => 'redis',
  'host' => '127.0.0.1',
  'port' => '6379',
  'password' => '',
  'timeout' => 0,
  'expire' => 0,
  'persistent' => false,
  'prefix' => 'lab_server:',
)
[ info ] [ VIEW ] /Applications/XAMPP/xamppfiles/htdocs/lab/web/app/view/Member/student.html [ array (
  0 => 'list',
  1 => 'tags',
  2 => 'banners',
) ]
[ info ] [ LOG ] INIT File: array (
  'path' => '/Applications/XAMPP/xamppfiles/htdocs/lab/web/runtime/log/',
  'level' => 
  array (
  ),
)
[ sql ] [ DB ] CONNECT:[ UseTime:0.000228s ] mysql:dbname=lab;host=localhost;charset=utf8
[ sql ] [ SQL ] SHOW COLUMNS FROM `lab_member` [ RunTime:0.003897s ]
[ sql ] [ SQL ] SELECT a.id,a.name,a.tutor,a.position,a.img,a.digest,a.url,a.research_area,a.tagid FROM lab_member a LEFT JOIN lab_tag b ON a.tagid=b.id  WHERE  a.status = 1  AND a.ispublish = 1  AND b.title <> '实验室' ORDER BY publishtime desc  [ RunTime:0.000823s ]
[ sql ] [ SQL ] SHOW COLUMNS FROM `lab_tag` [ RunTime:0.003117s ]
[ sql ] [ SQL ] SELECT `id`,`title` FROM `lab_tag` WHERE  `section` = 3  AND `title` NOT IN ('实验室','导师')  AND `status` = '1'   [ RunTime:0.000292s ]

---------------------------------------------------------------
[ 2018-01-02T21:55:13+08:00 ] 127.0.0.1 127.0.0.1 GET /web/Member/student
[ log ] lab.com/web/Member/student [运行时间：0.039835s][吞吐率：25.10req/s] [内存消耗：2,195.99kb] [文件加载：44]
[ info ] [ ROUTE ] array (
  'type' => 'module',
  'module' => 
  array (
    0 => NULL,
    1 => 'Member',
    2 => 'student',
  ),
)
[ info ] [ HEADER ] array (
  'host' => 'lab.com',
  'connection' => 'keep-alive',
  'cache-control' => 'max-age=0',
  'upgrade-insecure-requests' => '1',
  'user-agent' => 'Mozilla/5.0 (Macintosh; Intel Mac OS X 10_13_2) AppleWebKit/537.36 (KHTML, like Gecko) Chrome/65.0.3298.3 Safari/537.36',
  'accept' => 'text/html,application/xhtml+xml,application/xml;q=0.9,image/webp,image/apng,*/*;q=0.8',
  'accept-encoding' => 'gzip, deflate',
  'accept-language' => 'zh,en-US;q=0.9,en;q=0.8,zh-CN;q=0.7,ja;q=0.6',
  'cookie' => 'thinkphp_show_page_trace=0|0; thinkphp_show_page_trace=0|0; think_var=zh',
)
[ info ] [ PARAM ] array (
)
[ info ] [ RUN ] /**
     * 学生信息首页
     * @return \think\response\View
     */
Method [ <user> public method student ] {
  @@ /Applications/XAMPP/xamppfiles/htdocs/lab/web/app/controller/Member.php 52 - 65
}

[ info ] [ DB ] INIT mysql:array (
  'type' => 'mysql',
  'dsn' => '',
  'hostname' => 'localhost',
  'database' => 'lab',
  'username' => 'root',
  'password' => '',
  'hostport' => '',
  'params' => 
  array (
  ),
  'charset' => 'utf8',
  'prefix' => 'lab_',
  'debug' => true,
  'deploy' => 0,
  'rw_separate' => false,
  'master_num' => 1,
  'slave_no' => '',
  'fields_strict' => true,
  'auto_timestamp' => false,
  'resultset_type' => 'array',
  'datetime_format' => 'Y-m-d H:i:s',
  'sql_explain' => false,
)
[ info ] [ CACHE ] INIT redis:array (
  'type' => 'redis',
  'host' => '127.0.0.1',
  'port' => '6379',
  'password' => '',
  'timeout' => 0,
  'expire' => 0,
  'persistent' => false,
  'prefix' => 'lab_server:',
)
[ info ] [ VIEW ] /Applications/XAMPP/xamppfiles/htdocs/lab/web/app/view/Member/student.html [ array (
  0 => 'list',
  1 => 'tags',
  2 => 'banners',
) ]
[ info ] [ LOG ] INIT File: array (
  'path' => '/Applications/XAMPP/xamppfiles/htdocs/lab/web/runtime/log/',
  'level' => 
  array (
  ),
)
[ sql ] [ DB ] CONNECT:[ UseTime:0.000318s ] mysql:dbname=lab;host=localhost;charset=utf8
[ sql ] [ SQL ] SHOW COLUMNS FROM `lab_member` [ RunTime:0.003540s ]
[ sql ] [ SQL ] SELECT a.id,a.name,a.tutor,a.position,a.img,a.digest,a.url,a.research_area,a.tagid FROM lab_member a LEFT JOIN lab_tag b ON a.tagid=b.id  WHERE  a.status = 1  AND a.ispublish = 1  AND b.title <> '实验室' ORDER BY publishtime desc  [ RunTime:0.000952s ]
[ sql ] [ SQL ] SHOW COLUMNS FROM `lab_tag` [ RunTime:0.002781s ]
[ sql ] [ SQL ] SELECT `id`,`title` FROM `lab_tag` WHERE  `section` = 3  AND `title` NOT IN ('实验室','导师')  AND `status` = '1'   [ RunTime:0.000356s ]

---------------------------------------------------------------
[ 2018-01-02T21:58:33+08:00 ] 127.0.0.1 127.0.0.1 GET /web/Member/student
[ log ] lab.com/web/Member/student [运行时间：0.051009s][吞吐率：19.60req/s] [内存消耗：2,185.45kb] [文件加载：44]
[ info ] [ ROUTE ] array (
  'type' => 'module',
  'module' => 
  array (
    0 => NULL,
    1 => 'Member',
    2 => 'student',
  ),
)
[ info ] [ HEADER ] array (
  'host' => 'lab.com',
  'connection' => 'keep-alive',
  'cache-control' => 'max-age=0',
  'upgrade-insecure-requests' => '1',
  'user-agent' => 'Mozilla/5.0 (Macintosh; Intel Mac OS X 10_13_2) AppleWebKit/537.36 (KHTML, like Gecko) Chrome/65.0.3298.3 Safari/537.36',
  'accept' => 'text/html,application/xhtml+xml,application/xml;q=0.9,image/webp,image/apng,*/*;q=0.8',
  'accept-encoding' => 'gzip, deflate',
  'accept-language' => 'zh,en-US;q=0.9,en;q=0.8,zh-CN;q=0.7,ja;q=0.6',
  'cookie' => 'thinkphp_show_page_trace=0|0; thinkphp_show_page_trace=0|0; think_var=zh',
)
[ info ] [ PARAM ] array (
)
[ info ] [ RUN ] /**
     * 学生信息首页
     * @return \think\response\View
     */
Method [ <user> public method student ] {
  @@ /Applications/XAMPP/xamppfiles/htdocs/lab/web/app/controller/Member.php 52 - 65
}

[ info ] [ DB ] INIT mysql:array (
  'type' => 'mysql',
  'dsn' => '',
  'hostname' => 'localhost',
  'database' => 'lab',
  'username' => 'root',
  'password' => '',
  'hostport' => '',
  'params' => 
  array (
  ),
  'charset' => 'utf8',
  'prefix' => 'lab_',
  'debug' => true,
  'deploy' => 0,
  'rw_separate' => false,
  'master_num' => 1,
  'slave_no' => '',
  'fields_strict' => true,
  'auto_timestamp' => false,
  'resultset_type' => 'array',
  'datetime_format' => 'Y-m-d H:i:s',
  'sql_explain' => false,
)
[ info ] [ CACHE ] INIT redis:array (
  'type' => 'redis',
  'host' => '127.0.0.1',
  'port' => '6379',
  'password' => '',
  'timeout' => 0,
  'expire' => 0,
  'persistent' => false,
  'prefix' => 'lab_server:',
)
[ info ] [ VIEW ] /Applications/XAMPP/xamppfiles/htdocs/lab/web/app/view/Member/student.html [ array (
  0 => 'list',
  1 => 'tags',
  2 => 'banners',
) ]
[ info ] [ LOG ] INIT File: array (
  'path' => '/Applications/XAMPP/xamppfiles/htdocs/lab/web/runtime/log/',
  'level' => 
  array (
  ),
)
[ sql ] [ DB ] CONNECT:[ UseTime:0.000383s ] mysql:dbname=lab;host=localhost;charset=utf8
[ sql ] [ SQL ] SHOW COLUMNS FROM `lab_member` [ RunTime:0.005447s ]
[ sql ] [ SQL ] SELECT a.id,a.name,a.tutor,a.position,a.img,a.digest,a.url,a.research_area,a.tagid FROM lab_member a LEFT JOIN lab_tag b ON a.tagid=b.id  WHERE  a.status = 1  AND a.ispublish = 1  AND b.title <> '实验室' ORDER BY publishtime desc  [ RunTime:0.001343s ]
[ sql ] [ SQL ] SHOW COLUMNS FROM `lab_tag` [ RunTime:0.002942s ]
[ sql ] [ SQL ] SELECT `id`,`title` FROM `lab_tag` WHERE  `section` = 3  AND `title` NOT IN ('实验室','导师')  AND `status` = '1'   [ RunTime:0.000440s ]

---------------------------------------------------------------
[ 2018-01-02T21:58:54+08:00 ] 127.0.0.1 127.0.0.1 GET /web/Member/student
[ log ] lab.com/web/Member/student [运行时间：0.034665s][吞吐率：28.85req/s] [内存消耗：2,185.58kb] [文件加载：44]
[ info ] [ ROUTE ] array (
  'type' => 'module',
  'module' => 
  array (
    0 => NULL,
    1 => 'Member',
    2 => 'student',
  ),
)
[ info ] [ HEADER ] array (
  'host' => 'lab.com',
  'connection' => 'keep-alive',
  'cache-control' => 'max-age=0',
  'upgrade-insecure-requests' => '1',
  'user-agent' => 'Mozilla/5.0 (Macintosh; Intel Mac OS X 10_13_2) AppleWebKit/537.36 (KHTML, like Gecko) Chrome/65.0.3298.3 Safari/537.36',
  'accept' => 'text/html,application/xhtml+xml,application/xml;q=0.9,image/webp,image/apng,*/*;q=0.8',
  'accept-encoding' => 'gzip, deflate',
  'accept-language' => 'zh,en-US;q=0.9,en;q=0.8,zh-CN;q=0.7,ja;q=0.6',
  'cookie' => 'thinkphp_show_page_trace=0|0; thinkphp_show_page_trace=0|0; think_var=zh',
)
[ info ] [ PARAM ] array (
)
[ info ] [ RUN ] /**
     * 学生信息首页
     * @return \think\response\View
     */
Method [ <user> public method student ] {
  @@ /Applications/XAMPP/xamppfiles/htdocs/lab/web/app/controller/Member.php 52 - 65
}

[ info ] [ DB ] INIT mysql:array (
  'type' => 'mysql',
  'dsn' => '',
  'hostname' => 'localhost',
  'database' => 'lab',
  'username' => 'root',
  'password' => '',
  'hostport' => '',
  'params' => 
  array (
  ),
  'charset' => 'utf8',
  'prefix' => 'lab_',
  'debug' => true,
  'deploy' => 0,
  'rw_separate' => false,
  'master_num' => 1,
  'slave_no' => '',
  'fields_strict' => true,
  'auto_timestamp' => false,
  'resultset_type' => 'array',
  'datetime_format' => 'Y-m-d H:i:s',
  'sql_explain' => false,
)
[ info ] [ CACHE ] INIT redis:array (
  'type' => 'redis',
  'host' => '127.0.0.1',
  'port' => '6379',
  'password' => '',
  'timeout' => 0,
  'expire' => 0,
  'persistent' => false,
  'prefix' => 'lab_server:',
)
[ info ] [ VIEW ] /Applications/XAMPP/xamppfiles/htdocs/lab/web/app/view/Member/student.html [ array (
  0 => 'list',
  1 => 'tags',
  2 => 'banners',
) ]
[ info ] [ LOG ] INIT File: array (
  'path' => '/Applications/XAMPP/xamppfiles/htdocs/lab/web/runtime/log/',
  'level' => 
  array (
  ),
)
[ sql ] [ DB ] CONNECT:[ UseTime:0.000347s ] mysql:dbname=lab;host=localhost;charset=utf8
[ sql ] [ SQL ] SHOW COLUMNS FROM `lab_member` [ RunTime:0.004229s ]
[ sql ] [ SQL ] SELECT a.id,a.name,a.tutor,a.position,a.img,a.digest,a.url,a.research_area,a.tagid FROM lab_member a LEFT JOIN lab_tag b ON a.tagid=b.id  WHERE  a.status = 1  AND a.ispublish = 1  AND b.title <> '实验室' ORDER BY publishtime desc  [ RunTime:0.000938s ]
[ sql ] [ SQL ] SHOW COLUMNS FROM `lab_tag` [ RunTime:0.002760s ]
[ sql ] [ SQL ] SELECT `id`,`title` FROM `lab_tag` WHERE  `section` = 3  AND `title` NOT IN ('实验室','导师')  AND `status` = '1'   [ RunTime:0.000277s ]

---------------------------------------------------------------
[ 2018-01-02T22:03:43+08:00 ] 127.0.0.1 127.0.0.1 GET /web/Member/student
[ log ] lab.com/web/Member/student [运行时间：0.032869s][吞吐率：30.42req/s] [内存消耗：2,185.80kb] [文件加载：44]
[ info ] [ ROUTE ] array (
  'type' => 'module',
  'module' => 
  array (
    0 => NULL,
    1 => 'Member',
    2 => 'student',
  ),
)
[ info ] [ HEADER ] array (
  'host' => 'lab.com',
  'connection' => 'keep-alive',
  'cache-control' => 'max-age=0',
  'upgrade-insecure-requests' => '1',
  'user-agent' => 'Mozilla/5.0 (Macintosh; Intel Mac OS X 10_13_2) AppleWebKit/537.36 (KHTML, like Gecko) Chrome/65.0.3298.3 Safari/537.36',
  'accept' => 'text/html,application/xhtml+xml,application/xml;q=0.9,image/webp,image/apng,*/*;q=0.8',
  'accept-encoding' => 'gzip, deflate',
  'accept-language' => 'zh,en-US;q=0.9,en;q=0.8,zh-CN;q=0.7,ja;q=0.6',
  'cookie' => 'thinkphp_show_page_trace=0|0; thinkphp_show_page_trace=0|0; think_var=zh',
)
[ info ] [ PARAM ] array (
)
[ info ] [ RUN ] /**
     * 学生信息首页
     * @return \think\response\View
     */
Method [ <user> public method student ] {
  @@ /Applications/XAMPP/xamppfiles/htdocs/lab/web/app/controller/Member.php 52 - 65
}

[ info ] [ DB ] INIT mysql:array (
  'type' => 'mysql',
  'dsn' => '',
  'hostname' => 'localhost',
  'database' => 'lab',
  'username' => 'root',
  'password' => '',
  'hostport' => '',
  'params' => 
  array (
  ),
  'charset' => 'utf8',
  'prefix' => 'lab_',
  'debug' => true,
  'deploy' => 0,
  'rw_separate' => false,
  'master_num' => 1,
  'slave_no' => '',
  'fields_strict' => true,
  'auto_timestamp' => false,
  'resultset_type' => 'array',
  'datetime_format' => 'Y-m-d H:i:s',
  'sql_explain' => false,
)
[ info ] [ CACHE ] INIT redis:array (
  'type' => 'redis',
  'host' => '127.0.0.1',
  'port' => '6379',
  'password' => '',
  'timeout' => 0,
  'expire' => 0,
  'persistent' => false,
  'prefix' => 'lab_server:',
)
[ info ] [ VIEW ] /Applications/XAMPP/xamppfiles/htdocs/lab/web/app/view/Member/student.html [ array (
  0 => 'list',
  1 => 'tags',
  2 => 'banners',
) ]
[ info ] [ LOG ] INIT File: array (
  'path' => '/Applications/XAMPP/xamppfiles/htdocs/lab/web/runtime/log/',
  'level' => 
  array (
  ),
)
[ sql ] [ DB ] CONNECT:[ UseTime:0.000327s ] mysql:dbname=lab;host=localhost;charset=utf8
[ sql ] [ SQL ] SHOW COLUMNS FROM `lab_member` [ RunTime:0.003983s ]
[ sql ] [ SQL ] SELECT a.id,a.name,a.tutor,a.position,a.img,a.digest,a.url,a.research_area,a.tagid FROM lab_member a LEFT JOIN lab_tag b ON a.tagid=b.id  WHERE  a.status = 1  AND a.ispublish = 1  AND b.title <> '实验室' ORDER BY publishtime desc  [ RunTime:0.000968s ]
[ sql ] [ SQL ] SHOW COLUMNS FROM `lab_tag` [ RunTime:0.003169s ]
[ sql ] [ SQL ] SELECT `id`,`title` FROM `lab_tag` WHERE  `section` = 3  AND `title` NOT IN ('实验室','导师')  AND `status` = '1'   [ RunTime:0.000330s ]

---------------------------------------------------------------
[ 2018-01-02T22:04:20+08:00 ] 127.0.0.1 127.0.0.1 GET /web/Member/student
[ log ] lab.com/web/Member/student [运行时间：0.052738s][吞吐率：18.96req/s] [内存消耗：2,186.17kb] [文件加载：44]
[ info ] [ ROUTE ] array (
  'type' => 'module',
  'module' => 
  array (
    0 => NULL,
    1 => 'Member',
    2 => 'student',
  ),
)
[ info ] [ HEADER ] array (
  'host' => 'lab.com',
  'connection' => 'keep-alive',
  'cache-control' => 'max-age=0',
  'upgrade-insecure-requests' => '1',
  'user-agent' => 'Mozilla/5.0 (Macintosh; Intel Mac OS X 10_13_2) AppleWebKit/537.36 (KHTML, like Gecko) Chrome/65.0.3298.3 Safari/537.36',
  'accept' => 'text/html,application/xhtml+xml,application/xml;q=0.9,image/webp,image/apng,*/*;q=0.8',
  'accept-encoding' => 'gzip, deflate',
  'accept-language' => 'zh,en-US;q=0.9,en;q=0.8,zh-CN;q=0.7,ja;q=0.6',
  'cookie' => 'thinkphp_show_page_trace=0|0; thinkphp_show_page_trace=0|0; think_var=zh',
)
[ info ] [ PARAM ] array (
)
[ info ] [ RUN ] /**
     * 学生信息首页
     * @return \think\response\View
     */
Method [ <user> public method student ] {
  @@ /Applications/XAMPP/xamppfiles/htdocs/lab/web/app/controller/Member.php 52 - 65
}

[ info ] [ DB ] INIT mysql:array (
  'type' => 'mysql',
  'dsn' => '',
  'hostname' => 'localhost',
  'database' => 'lab',
  'username' => 'root',
  'password' => '',
  'hostport' => '',
  'params' => 
  array (
  ),
  'charset' => 'utf8',
  'prefix' => 'lab_',
  'debug' => true,
  'deploy' => 0,
  'rw_separate' => false,
  'master_num' => 1,
  'slave_no' => '',
  'fields_strict' => true,
  'auto_timestamp' => false,
  'resultset_type' => 'array',
  'datetime_format' => 'Y-m-d H:i:s',
  'sql_explain' => false,
)
[ info ] [ CACHE ] INIT redis:array (
  'type' => 'redis',
  'host' => '127.0.0.1',
  'port' => '6379',
  'password' => '',
  'timeout' => 0,
  'expire' => 0,
  'persistent' => false,
  'prefix' => 'lab_server:',
)
[ info ] [ VIEW ] /Applications/XAMPP/xamppfiles/htdocs/lab/web/app/view/Member/student.html [ array (
  0 => 'list',
  1 => 'tags',
  2 => 'banners',
) ]
[ info ] [ LOG ] INIT File: array (
  'path' => '/Applications/XAMPP/xamppfiles/htdocs/lab/web/runtime/log/',
  'level' => 
  array (
  ),
)
[ sql ] [ DB ] CONNECT:[ UseTime:0.000381s ] mysql:dbname=lab;host=localhost;charset=utf8
[ sql ] [ SQL ] SHOW COLUMNS FROM `lab_member` [ RunTime:0.004767s ]
[ sql ] [ SQL ] SELECT a.id,a.name,a.tutor,a.position,a.img,a.digest,a.url,a.research_area,a.tagid FROM lab_member a LEFT JOIN lab_tag b ON a.tagid=b.id  WHERE  a.status = 1  AND a.ispublish = 1  AND b.title <> '实验室' ORDER BY publishtime desc  [ RunTime:0.001651s ]
[ sql ] [ SQL ] SHOW COLUMNS FROM `lab_tag` [ RunTime:0.004043s ]
[ sql ] [ SQL ] SELECT `id`,`title` FROM `lab_tag` WHERE  `section` = 3  AND `title` NOT IN ('实验室','导师')  AND `status` = '1'   [ RunTime:0.000298s ]

---------------------------------------------------------------
[ 2018-01-02T22:04:29+08:00 ] 127.0.0.1 127.0.0.1 GET /web/Member/student
[ log ] lab.com/web/Member/student [运行时间：0.031657s][吞吐率：31.59req/s] [内存消耗：2,186.17kb] [文件加载：44]
[ info ] [ ROUTE ] array (
  'type' => 'module',
  'module' => 
  array (
    0 => NULL,
    1 => 'Member',
    2 => 'student',
  ),
)
[ info ] [ HEADER ] array (
  'host' => 'lab.com',
  'connection' => 'keep-alive',
  'cache-control' => 'max-age=0',
  'upgrade-insecure-requests' => '1',
  'user-agent' => 'Mozilla/5.0 (Macintosh; Intel Mac OS X 10_13_2) AppleWebKit/537.36 (KHTML, like Gecko) Chrome/65.0.3298.3 Safari/537.36',
  'accept' => 'text/html,application/xhtml+xml,application/xml;q=0.9,image/webp,image/apng,*/*;q=0.8',
  'accept-encoding' => 'gzip, deflate',
  'accept-language' => 'zh,en-US;q=0.9,en;q=0.8,zh-CN;q=0.7,ja;q=0.6',
  'cookie' => 'thinkphp_show_page_trace=0|0; thinkphp_show_page_trace=0|0; think_var=zh',
)
[ info ] [ PARAM ] array (
)
[ info ] [ RUN ] /**
     * 学生信息首页
     * @return \think\response\View
     */
Method [ <user> public method student ] {
  @@ /Applications/XAMPP/xamppfiles/htdocs/lab/web/app/controller/Member.php 52 - 65
}

[ info ] [ DB ] INIT mysql:array (
  'type' => 'mysql',
  'dsn' => '',
  'hostname' => 'localhost',
  'database' => 'lab',
  'username' => 'root',
  'password' => '',
  'hostport' => '',
  'params' => 
  array (
  ),
  'charset' => 'utf8',
  'prefix' => 'lab_',
  'debug' => true,
  'deploy' => 0,
  'rw_separate' => false,
  'master_num' => 1,
  'slave_no' => '',
  'fields_strict' => true,
  'auto_timestamp' => false,
  'resultset_type' => 'array',
  'datetime_format' => 'Y-m-d H:i:s',
  'sql_explain' => false,
)
[ info ] [ CACHE ] INIT redis:array (
  'type' => 'redis',
  'host' => '127.0.0.1',
  'port' => '6379',
  'password' => '',
  'timeout' => 0,
  'expire' => 0,
  'persistent' => false,
  'prefix' => 'lab_server:',
)
[ info ] [ VIEW ] /Applications/XAMPP/xamppfiles/htdocs/lab/web/app/view/Member/student.html [ array (
  0 => 'list',
  1 => 'tags',
  2 => 'banners',
) ]
[ info ] [ LOG ] INIT File: array (
  'path' => '/Applications/XAMPP/xamppfiles/htdocs/lab/web/runtime/log/',
  'level' => 
  array (
  ),
)
[ sql ] [ DB ] CONNECT:[ UseTime:0.000245s ] mysql:dbname=lab;host=localhost;charset=utf8
[ sql ] [ SQL ] SHOW COLUMNS FROM `lab_member` [ RunTime:0.003488s ]
[ sql ] [ SQL ] SELECT a.id,a.name,a.tutor,a.position,a.img,a.digest,a.url,a.research_area,a.tagid FROM lab_member a LEFT JOIN lab_tag b ON a.tagid=b.id  WHERE  a.status = 1  AND a.ispublish = 1  AND b.title <> '实验室' ORDER BY publishtime desc  [ RunTime:0.000818s ]
[ sql ] [ SQL ] SHOW COLUMNS FROM `lab_tag` [ RunTime:0.002446s ]
[ sql ] [ SQL ] SELECT `id`,`title` FROM `lab_tag` WHERE  `section` = 3  AND `title` NOT IN ('实验室','导师')  AND `status` = '1'   [ RunTime:0.000270s ]

---------------------------------------------------------------
[ 2018-01-02T22:05:50+08:00 ] 127.0.0.1 127.0.0.1 GET /web/Member/student
[ log ] lab.com/web/Member/student [运行时间：0.031658s][吞吐率：31.59req/s] [内存消耗：2,032.36kb] [文件加载：42]
[ info ] [ ROUTE ] array (
  'type' => 'module',
  'module' => 
  array (
    0 => NULL,
    1 => 'Member',
    2 => 'student',
  ),
)
[ info ] [ HEADER ] array (
  'host' => 'lab.com',
  'connection' => 'keep-alive',
  'cache-control' => 'max-age=0',
  'upgrade-insecure-requests' => '1',
  'user-agent' => 'Mozilla/5.0 (Macintosh; Intel Mac OS X 10_13_2) AppleWebKit/537.36 (KHTML, like Gecko) Chrome/65.0.3298.3 Safari/537.36',
  'accept' => 'text/html,application/xhtml+xml,application/xml;q=0.9,image/webp,image/apng,*/*;q=0.8',
  'accept-encoding' => 'gzip, deflate',
  'accept-language' => 'zh,en-US;q=0.9,en;q=0.8,zh-CN;q=0.7,ja;q=0.6',
  'cookie' => 'thinkphp_show_page_trace=0|0; thinkphp_show_page_trace=0|0; think_var=zh; PHPSESSID=988u35f7j0rgkibhe73ck7bml0',
)
[ info ] [ PARAM ] array (
)
[ info ] [ RUN ] /**
     * 学生信息首页
     * @return \think\response\View
     */
Method [ <user> public method student ] {
  @@ /Applications/XAMPP/xamppfiles/htdocs/lab/web/app/controller/Member.php 52 - 65
}

[ info ] [ DB ] INIT mysql:array (
  'type' => 'mysql',
  'dsn' => '',
  'hostname' => 'localhost',
  'database' => 'lab',
  'username' => 'root',
  'password' => '',
  'hostport' => '',
  'params' => 
  array (
  ),
  'charset' => 'utf8',
  'prefix' => 'lab_',
  'debug' => true,
  'deploy' => 0,
  'rw_separate' => false,
  'master_num' => 1,
  'slave_no' => '',
  'fields_strict' => true,
  'auto_timestamp' => false,
  'resultset_type' => 'array',
  'datetime_format' => 'Y-m-d H:i:s',
  'sql_explain' => false,
)
[ info ] [ CACHE ] INIT redis:array (
  'type' => 'redis',
  'host' => '127.0.0.1',
  'port' => '6379',
  'password' => '',
  'timeout' => 0,
  'expire' => 0,
  'persistent' => false,
  'prefix' => 'lab_server:',
)
[ info ] [ VIEW ] /Applications/XAMPP/xamppfiles/htdocs/lab/web/app/view/Member/student.html [ array (
  0 => 'list',
  1 => 'tags',
  2 => 'banners',
) ]
[ info ] [ LOG ] INIT File: array (
  'path' => '/Applications/XAMPP/xamppfiles/htdocs/lab/web/runtime/log/',
  'level' => 
  array (
  ),
)
[ sql ] [ DB ] CONNECT:[ UseTime:0.000411s ] mysql:dbname=lab;host=localhost;charset=utf8
[ sql ] [ SQL ] SHOW COLUMNS FROM `lab_member` [ RunTime:0.004076s ]
[ sql ] [ SQL ] SELECT a.id,a.name,a.tutor,a.position,a.img,a.digest,a.url,a.research_area,a.tagid FROM lab_member a LEFT JOIN lab_tag b ON a.tagid=b.id  WHERE  a.status = 1  AND a.ispublish = 1  AND b.title <> '实验室' ORDER BY publishtime desc  [ RunTime:0.000876s ]
[ sql ] [ SQL ] SHOW COLUMNS FROM `lab_tag` [ RunTime:0.003182s ]
[ sql ] [ SQL ] SELECT `id`,`title` FROM `lab_tag` WHERE  `section` = 3  AND `title` NOT IN ('实验室','导师')  AND `status` = '1'   [ RunTime:0.000287s ]
[ sql ] [ SQL ] SHOW COLUMNS FROM `lab_banner` [ RunTime:0.002520s ]
[ sql ] [ SQL ] SELECT `id`,`title`,`img`,`section`,`conid` FROM `lab_banner` WHERE  `status` = '1' ORDER BY position LIMIT 5    [ RunTime:0.000272s ]

---------------------------------------------------------------
[ 2018-01-02T22:14:17+08:00 ] 127.0.0.1 127.0.0.1 GET /web/Member/student
[ log ] lab.com/web/Member/student [运行时间：0.034620s][吞吐率：28.88req/s] [内存消耗：2,032.36kb] [文件加载：42]
[ info ] [ ROUTE ] array (
  'type' => 'module',
  'module' => 
  array (
    0 => NULL,
    1 => 'Member',
    2 => 'student',
  ),
)
[ info ] [ HEADER ] array (
  'host' => 'lab.com',
  'connection' => 'keep-alive',
  'cache-control' => 'max-age=0',
  'upgrade-insecure-requests' => '1',
  'user-agent' => 'Mozilla/5.0 (Macintosh; Intel Mac OS X 10_13_2) AppleWebKit/537.36 (KHTML, like Gecko) Chrome/65.0.3298.3 Safari/537.36',
  'accept' => 'text/html,application/xhtml+xml,application/xml;q=0.9,image/webp,image/apng,*/*;q=0.8',
  'accept-encoding' => 'gzip, deflate',
  'accept-language' => 'zh,en-US;q=0.9,en;q=0.8,zh-CN;q=0.7,ja;q=0.6',
  'cookie' => 'thinkphp_show_page_trace=0|0; thinkphp_show_page_trace=0|0; think_var=zh; PHPSESSID=988u35f7j0rgkibhe73ck7bml0',
)
[ info ] [ PARAM ] array (
)
[ info ] [ RUN ] /**
     * 学生信息首页
     * @return \think\response\View
     */
Method [ <user> public method student ] {
  @@ /Applications/XAMPP/xamppfiles/htdocs/lab/web/app/controller/Member.php 52 - 65
}

[ info ] [ DB ] INIT mysql:array (
  'type' => 'mysql',
  'dsn' => '',
  'hostname' => 'localhost',
  'database' => 'lab',
  'username' => 'root',
  'password' => '',
  'hostport' => '',
  'params' => 
  array (
  ),
  'charset' => 'utf8',
  'prefix' => 'lab_',
  'debug' => true,
  'deploy' => 0,
  'rw_separate' => false,
  'master_num' => 1,
  'slave_no' => '',
  'fields_strict' => true,
  'auto_timestamp' => false,
  'resultset_type' => 'array',
  'datetime_format' => 'Y-m-d H:i:s',
  'sql_explain' => false,
)
[ info ] [ CACHE ] INIT redis:array (
  'type' => 'redis',
  'host' => '127.0.0.1',
  'port' => '6379',
  'password' => '',
  'timeout' => 0,
  'expire' => 0,
  'persistent' => false,
  'prefix' => 'lab_server:',
)
[ info ] [ VIEW ] /Applications/XAMPP/xamppfiles/htdocs/lab/web/app/view/Member/student.html [ array (
  0 => 'list',
  1 => 'tags',
  2 => 'banners',
) ]
[ info ] [ LOG ] INIT File: array (
  'path' => '/Applications/XAMPP/xamppfiles/htdocs/lab/web/runtime/log/',
  'level' => 
  array (
  ),
)
[ sql ] [ DB ] CONNECT:[ UseTime:0.000296s ] mysql:dbname=lab;host=localhost;charset=utf8
[ sql ] [ SQL ] SHOW COLUMNS FROM `lab_member` [ RunTime:0.003257s ]
[ sql ] [ SQL ] SELECT a.id,a.name,a.tutor,a.position,a.img,a.digest,a.url,a.research_area,a.tagid FROM lab_member a LEFT JOIN lab_tag b ON a.tagid=b.id  WHERE  a.status = 1  AND a.ispublish = 1  AND b.title <> '实验室' ORDER BY publishtime desc  [ RunTime:0.000844s ]
[ sql ] [ SQL ] SHOW COLUMNS FROM `lab_tag` [ RunTime:0.002731s ]
[ sql ] [ SQL ] SELECT `id`,`title` FROM `lab_tag` WHERE  `section` = 3  AND `title` NOT IN ('实验室','导师')  AND `status` = '1'   [ RunTime:0.000286s ]
[ sql ] [ SQL ] SHOW COLUMNS FROM `lab_banner` [ RunTime:0.002562s ]
[ sql ] [ SQL ] SELECT `id`,`title`,`img`,`section`,`conid` FROM `lab_banner` WHERE  `status` = '1' ORDER BY position LIMIT 5    [ RunTime:0.000310s ]

---------------------------------------------------------------
[ 2018-01-02T22:18:53+08:00 ] 127.0.0.1 127.0.0.1 GET /web/Member/student
[ log ] lab.com/web/Member/student [运行时间：0.031375s][吞吐率：31.87req/s] [内存消耗：2,186.27kb] [文件加载：44]
[ info ] [ ROUTE ] array (
  'type' => 'module',
  'module' => 
  array (
    0 => NULL,
    1 => 'Member',
    2 => 'student',
  ),
)
[ info ] [ HEADER ] array (
  'host' => 'lab.com',
  'connection' => 'keep-alive',
  'cache-control' => 'max-age=0',
  'upgrade-insecure-requests' => '1',
  'user-agent' => 'Mozilla/5.0 (Macintosh; Intel Mac OS X 10_13_2) AppleWebKit/537.36 (KHTML, like Gecko) Chrome/65.0.3298.3 Safari/537.36',
  'accept' => 'text/html,application/xhtml+xml,application/xml;q=0.9,image/webp,image/apng,*/*;q=0.8',
  'accept-encoding' => 'gzip, deflate',
  'accept-language' => 'zh,en-US;q=0.9,en;q=0.8,zh-CN;q=0.7,ja;q=0.6',
  'cookie' => 'thinkphp_show_page_trace=0|0; thinkphp_show_page_trace=0|0; think_var=zh; PHPSESSID=988u35f7j0rgkibhe73ck7bml0',
)
[ info ] [ PARAM ] array (
)
[ info ] [ RUN ] /**
     * 学生信息首页
     * @return \think\response\View
     */
Method [ <user> public method student ] {
  @@ /Applications/XAMPP/xamppfiles/htdocs/lab/web/app/controller/Member.php 52 - 65
}

[ info ] [ DB ] INIT mysql:array (
  'type' => 'mysql',
  'dsn' => '',
  'hostname' => 'localhost',
  'database' => 'lab',
  'username' => 'root',
  'password' => '',
  'hostport' => '',
  'params' => 
  array (
  ),
  'charset' => 'utf8',
  'prefix' => 'lab_',
  'debug' => true,
  'deploy' => 0,
  'rw_separate' => false,
  'master_num' => 1,
  'slave_no' => '',
  'fields_strict' => true,
  'auto_timestamp' => false,
  'resultset_type' => 'array',
  'datetime_format' => 'Y-m-d H:i:s',
  'sql_explain' => false,
)
[ info ] [ CACHE ] INIT redis:array (
  'type' => 'redis',
  'host' => '127.0.0.1',
  'port' => '6379',
  'password' => '',
  'timeout' => 0,
  'expire' => 0,
  'persistent' => false,
  'prefix' => 'lab_server:',
)
[ info ] [ VIEW ] /Applications/XAMPP/xamppfiles/htdocs/lab/web/app/view/Member/student.html [ array (
  0 => 'list',
  1 => 'tags',
  2 => 'banners',
) ]
[ info ] [ LOG ] INIT File: array (
  'path' => '/Applications/XAMPP/xamppfiles/htdocs/lab/web/runtime/log/',
  'level' => 
  array (
  ),
)
[ sql ] [ DB ] CONNECT:[ UseTime:0.000273s ] mysql:dbname=lab;host=localhost;charset=utf8
[ sql ] [ SQL ] SHOW COLUMNS FROM `lab_member` [ RunTime:0.003660s ]
[ sql ] [ SQL ] SELECT a.id,a.name,a.tutor,a.position,a.img,a.digest,a.url,a.research_area,a.tagid FROM lab_member a LEFT JOIN lab_tag b ON a.tagid=b.id  WHERE  a.status = 1  AND a.ispublish = 1  AND b.title <> '实验室' ORDER BY publishtime desc  [ RunTime:0.000812s ]
[ sql ] [ SQL ] SHOW COLUMNS FROM `lab_tag` [ RunTime:0.002926s ]
[ sql ] [ SQL ] SELECT `id`,`title` FROM `lab_tag` WHERE  `section` = 3  AND `title` NOT IN ('实验室','导师')  AND `status` = '1'   [ RunTime:0.000312s ]

---------------------------------------------------------------
[ 2018-01-02T22:18:56+08:00 ] 127.0.0.1 127.0.0.1 GET /web/Member/student
[ log ] lab.com/web/Member/student [运行时间：0.029076s][吞吐率：34.39req/s] [内存消耗：2,017.99kb] [文件加载：42]
[ info ] [ ROUTE ] array (
  'type' => 'module',
  'module' => 
  array (
    0 => NULL,
    1 => 'Member',
    2 => 'student',
  ),
)
[ info ] [ HEADER ] array (
  'host' => 'lab.com',
  'connection' => 'keep-alive',
  'cache-control' => 'max-age=0',
  'upgrade-insecure-requests' => '1',
  'user-agent' => 'Mozilla/5.0 (Macintosh; Intel Mac OS X 10_13_2) AppleWebKit/537.36 (KHTML, like Gecko) Chrome/65.0.3298.3 Safari/537.36',
  'accept' => 'text/html,application/xhtml+xml,application/xml;q=0.9,image/webp,image/apng,*/*;q=0.8',
  'accept-encoding' => 'gzip, deflate',
  'accept-language' => 'zh,en-US;q=0.9,en;q=0.8,zh-CN;q=0.7,ja;q=0.6',
  'cookie' => 'thinkphp_show_page_trace=0|0; thinkphp_show_page_trace=0|0; think_var=zh; PHPSESSID=988u35f7j0rgkibhe73ck7bml0',
)
[ info ] [ PARAM ] array (
)
[ info ] [ RUN ] /**
     * 学生信息首页
     * @return \think\response\View
     */
Method [ <user> public method student ] {
  @@ /Applications/XAMPP/xamppfiles/htdocs/lab/web/app/controller/Member.php 52 - 65
}

[ info ] [ DB ] INIT mysql:array (
  'type' => 'mysql',
  'dsn' => '',
  'hostname' => 'localhost',
  'database' => 'lab',
  'username' => 'root',
  'password' => '',
  'hostport' => '',
  'params' => 
  array (
  ),
  'charset' => 'utf8',
  'prefix' => 'lab_',
  'debug' => true,
  'deploy' => 0,
  'rw_separate' => false,
  'master_num' => 1,
  'slave_no' => '',
  'fields_strict' => true,
  'auto_timestamp' => false,
  'resultset_type' => 'array',
  'datetime_format' => 'Y-m-d H:i:s',
  'sql_explain' => false,
)
[ info ] [ CACHE ] INIT redis:array (
  'type' => 'redis',
  'host' => '127.0.0.1',
  'port' => '6379',
  'password' => '',
  'timeout' => 0,
  'expire' => 0,
  'persistent' => false,
  'prefix' => 'lab_server:',
)
[ info ] [ VIEW ] /Applications/XAMPP/xamppfiles/htdocs/lab/web/app/view/Member/student.html [ array (
  0 => 'list',
  1 => 'tags',
  2 => 'banners',
) ]
[ info ] [ LOG ] INIT File: array (
  'path' => '/Applications/XAMPP/xamppfiles/htdocs/lab/web/runtime/log/',
  'level' => 
  array (
  ),
)
[ sql ] [ DB ] CONNECT:[ UseTime:0.000267s ] mysql:dbname=lab;host=localhost;charset=utf8
[ sql ] [ SQL ] SHOW COLUMNS FROM `lab_member` [ RunTime:0.004693s ]
[ sql ] [ SQL ] SELECT a.id,a.name,a.tutor,a.position,a.img,a.digest,a.url,a.research_area,a.tagid FROM lab_member a LEFT JOIN lab_tag b ON a.tagid=b.id  WHERE  a.status = 1  AND a.ispublish = 1  AND b.title <> '实验室' ORDER BY publishtime desc  [ RunTime:0.000896s ]
[ sql ] [ SQL ] SHOW COLUMNS FROM `lab_tag` [ RunTime:0.002750s ]
[ sql ] [ SQL ] SELECT `id`,`title` FROM `lab_tag` WHERE  `section` = 3  AND `title` NOT IN ('实验室','导师')  AND `status` = '1'   [ RunTime:0.000275s ]

---------------------------------------------------------------
[ 2018-01-02T22:27:12+08:00 ] 127.0.0.1 127.0.0.1 GET /web/Result/index
[ log ] lab.com/web/Result/index [运行时间：0.037976s][吞吐率：26.33req/s] [内存消耗：2,141.15kb] [文件加载：47]
[ info ] [ ROUTE ] array (
  'type' => 'module',
  'module' => 
  array (
    0 => NULL,
    1 => 'Result',
    2 => 'index',
  ),
)
[ info ] [ HEADER ] array (
  'host' => 'lab.com',
  'connection' => 'keep-alive',
  'upgrade-insecure-requests' => '1',
  'user-agent' => 'Mozilla/5.0 (Macintosh; Intel Mac OS X 10_13_2) AppleWebKit/537.36 (KHTML, like Gecko) Chrome/65.0.3298.3 Safari/537.36',
  'accept' => 'text/html,application/xhtml+xml,application/xml;q=0.9,image/webp,image/apng,*/*;q=0.8',
  'accept-encoding' => 'gzip, deflate',
  'accept-language' => 'zh,en-US;q=0.9,en;q=0.8,zh-CN;q=0.7,ja;q=0.6',
  'cookie' => 'thinkphp_show_page_trace=0|0; thinkphp_show_page_trace=0|0; think_var=zh; PHPSESSID=988u35f7j0rgkibhe73ck7bml0',
)
[ info ] [ PARAM ] array (
)
[ info ] [ RUN ] /**
	 * 科研成果首页
	 * @return \think\response\View
	 */
Method [ <user> public method index ] {
  @@ /Applications/XAMPP/xamppfiles/htdocs/lab/web/app/controller/Result.php 14 - 30
}

[ info ] [ DB ] INIT mysql:array (
  'type' => 'mysql',
  'dsn' => '',
  'hostname' => 'localhost',
  'database' => 'lab',
  'username' => 'root',
  'password' => '',
  'hostport' => '',
  'params' => 
  array (
  ),
  'charset' => 'utf8',
  'prefix' => 'lab_',
  'debug' => true,
  'deploy' => 0,
  'rw_separate' => false,
  'master_num' => 1,
  'slave_no' => '',
  'fields_strict' => true,
  'auto_timestamp' => false,
  'resultset_type' => 'array',
  'datetime_format' => 'Y-m-d H:i:s',
  'sql_explain' => false,
)
[ info ] [ CACHE ] INIT redis:array (
  'type' => 'redis',
  'host' => '127.0.0.1',
  'port' => '6379',
  'password' => '',
  'timeout' => 0,
  'expire' => 0,
  'persistent' => false,
  'prefix' => 'lab_server:',
)
[ info ] [ VIEW ] /Applications/XAMPP/xamppfiles/htdocs/lab/web/app/view/Result/index.html [ array (
  0 => 'list',
  1 => 'tags',
  2 => 'tag_name',
  3 => 'research',
  4 => 'banners',
) ]
[ info ] [ LOG ] INIT File: array (
  'path' => '/Applications/XAMPP/xamppfiles/htdocs/lab/web/runtime/log/',
  'level' => 
  array (
  ),
)
[ sql ] [ DB ] CONNECT:[ UseTime:0.000243s ] mysql:dbname=lab;host=localhost;charset=utf8
[ sql ] [ SQL ] SHOW COLUMNS FROM `lab_result` [ RunTime:0.004121s ]
[ sql ] [ SQL ] SELECT COUNT(*) AS tp_count FROM lab_result a LEFT JOIN lab_tag b ON a.tagid=b.id LEFT JOIN lab_research_area c ON c.id=a.research_id  WHERE  a.status = 1  AND a.ispublish = 1 ORDER BY a.publishtime desc LIMIT 1   [ RunTime:0.000290s ]
[ sql ] [ SQL ] SELECT a.id,a.title,b.title as tagname,a.research_id,c.title as research_title,a.digest,a.img,a.href,a.file FROM lab_result a LEFT JOIN lab_tag b ON a.tagid=b.id LEFT JOIN lab_research_area c ON c.id=a.research_id  WHERE  a.status = 1  AND a.ispublish = 1 ORDER BY a.publishtime desc LIMIT 0,100   [ RunTime:0.000436s ]
[ sql ] [ SQL ] SHOW COLUMNS FROM `lab_tag` [ RunTime:0.002781s ]
[ sql ] [ SQL ] SELECT `id`,`title` FROM `lab_tag` WHERE  `section` = '2'  AND `status` = '1'    [ RunTime:0.000237s ]
[ sql ] [ SQL ] SHOW COLUMNS FROM `lab_research_area` [ RunTime:0.003168s ]
[ sql ] [ SQL ] SELECT COUNT(*) AS tp_count FROM lab_research_area a INNER JOIN lab_tag b ON a.tagid=b.id  WHERE  a.status <> 2 ORDER BY a.publishtime desc LIMIT 1   [ RunTime:0.000368s ]
[ sql ] [ SQL ] SELECT a.id,a.title,a.tagid,b.title as tag_title,a.digest,a.img,a.publishtime,a.count_view,a.ispublish,a.isrecommend FROM lab_research_area a INNER JOIN lab_tag b ON a.tagid=b.id  WHERE  a.status <> 2 ORDER BY a.publishtime desc LIMIT 0,12   [ RunTime:0.000430s ]

---------------------------------------------------------------
[ 2018-01-02T22:27:14+08:00 ] 127.0.0.1 127.0.0.1 GET /web/Member/student
[ log ] lab.com/web/Member/student [运行时间：0.039762s][吞吐率：25.15req/s] [内存消耗：2,194.35kb] [文件加载：44]
[ info ] [ ROUTE ] array (
  'type' => 'module',
  'module' => 
  array (
    0 => NULL,
    1 => 'Member',
    2 => 'student',
  ),
)
[ info ] [ HEADER ] array (
  'host' => 'lab.com',
  'connection' => 'keep-alive',
  'upgrade-insecure-requests' => '1',
  'user-agent' => 'Mozilla/5.0 (Macintosh; Intel Mac OS X 10_13_2) AppleWebKit/537.36 (KHTML, like Gecko) Chrome/65.0.3298.3 Safari/537.36',
  'accept' => 'text/html,application/xhtml+xml,application/xml;q=0.9,image/webp,image/apng,*/*;q=0.8',
  'referer' => 'http://lab.com/web/Result/index',
  'accept-encoding' => 'gzip, deflate',
  'accept-language' => 'zh,en-US;q=0.9,en;q=0.8,zh-CN;q=0.7,ja;q=0.6',
  'cookie' => 'thinkphp_show_page_trace=0|0; thinkphp_show_page_trace=0|0; think_var=zh; PHPSESSID=988u35f7j0rgkibhe73ck7bml0',
)
[ info ] [ PARAM ] array (
)
[ info ] [ RUN ] /**
     * 学生信息首页
     * @return \think\response\View
     */
Method [ <user> public method student ] {
  @@ /Applications/XAMPP/xamppfiles/htdocs/lab/web/app/controller/Member.php 52 - 65
}

[ info ] [ DB ] INIT mysql:array (
  'type' => 'mysql',
  'dsn' => '',
  'hostname' => 'localhost',
  'database' => 'lab',
  'username' => 'root',
  'password' => '',
  'hostport' => '',
  'params' => 
  array (
  ),
  'charset' => 'utf8',
  'prefix' => 'lab_',
  'debug' => true,
  'deploy' => 0,
  'rw_separate' => false,
  'master_num' => 1,
  'slave_no' => '',
  'fields_strict' => true,
  'auto_timestamp' => false,
  'resultset_type' => 'array',
  'datetime_format' => 'Y-m-d H:i:s',
  'sql_explain' => false,
)
[ info ] [ CACHE ] INIT redis:array (
  'type' => 'redis',
  'host' => '127.0.0.1',
  'port' => '6379',
  'password' => '',
  'timeout' => 0,
  'expire' => 0,
  'persistent' => false,
  'prefix' => 'lab_server:',
)
[ info ] [ VIEW ] /Applications/XAMPP/xamppfiles/htdocs/lab/web/app/view/Member/student.html [ array (
  0 => 'list',
  1 => 'tags',
  2 => 'banners',
) ]
[ info ] [ LOG ] INIT File: array (
  'path' => '/Applications/XAMPP/xamppfiles/htdocs/lab/web/runtime/log/',
  'level' => 
  array (
  ),
)
[ sql ] [ DB ] CONNECT:[ UseTime:0.000373s ] mysql:dbname=lab;host=localhost;charset=utf8
[ sql ] [ SQL ] SHOW COLUMNS FROM `lab_member` [ RunTime:0.006434s ]
[ sql ] [ SQL ] SELECT a.id,a.name,a.tutor,a.position,a.img,a.digest,a.url,a.research_area,a.tagid FROM lab_member a LEFT JOIN lab_tag b ON a.tagid=b.id  WHERE  a.status = 1  AND a.ispublish = 1  AND b.title <> '实验室' ORDER BY publishtime desc  [ RunTime:0.000815s ]
[ sql ] [ SQL ] SHOW COLUMNS FROM `lab_tag` [ RunTime:0.003168s ]
[ sql ] [ SQL ] SELECT `id`,`title` FROM `lab_tag` WHERE  `section` = 3  AND `title` NOT IN ('实验室','导师')  AND `status` = '1'   [ RunTime:0.000359s ]

---------------------------------------------------------------
[ 2018-01-02T22:27:26+08:00 ] 127.0.0.1 127.0.0.1 GET /web/Member/student
[ log ] lab.com/web/Member/student [运行时间：0.032213s][吞吐率：31.04req/s] [内存消耗：2,194.39kb] [文件加载：44]
[ info ] [ ROUTE ] array (
  'type' => 'module',
  'module' => 
  array (
    0 => NULL,
    1 => 'Member',
    2 => 'student',
  ),
)
[ info ] [ HEADER ] array (
  'host' => 'lab.com',
  'connection' => 'keep-alive',
  'cache-control' => 'max-age=0',
  'upgrade-insecure-requests' => '1',
  'user-agent' => 'Mozilla/5.0 (Macintosh; Intel Mac OS X 10_13_2) AppleWebKit/537.36 (KHTML, like Gecko) Chrome/65.0.3298.3 Safari/537.36',
  'accept' => 'text/html,application/xhtml+xml,application/xml;q=0.9,image/webp,image/apng,*/*;q=0.8',
  'referer' => 'http://lab.com/web/Result/index',
  'accept-encoding' => 'gzip, deflate',
  'accept-language' => 'zh,en-US;q=0.9,en;q=0.8,zh-CN;q=0.7,ja;q=0.6',
  'cookie' => 'thinkphp_show_page_trace=0|0; thinkphp_show_page_trace=0|0; think_var=zh; PHPSESSID=988u35f7j0rgkibhe73ck7bml0',
)
[ info ] [ PARAM ] array (
)
[ info ] [ RUN ] /**
     * 学生信息首页
     * @return \think\response\View
     */
Method [ <user> public method student ] {
  @@ /Applications/XAMPP/xamppfiles/htdocs/lab/web/app/controller/Member.php 52 - 65
}

[ info ] [ DB ] INIT mysql:array (
  'type' => 'mysql',
  'dsn' => '',
  'hostname' => 'localhost',
  'database' => 'lab',
  'username' => 'root',
  'password' => '',
  'hostport' => '',
  'params' => 
  array (
  ),
  'charset' => 'utf8',
  'prefix' => 'lab_',
  'debug' => true,
  'deploy' => 0,
  'rw_separate' => false,
  'master_num' => 1,
  'slave_no' => '',
  'fields_strict' => true,
  'auto_timestamp' => false,
  'resultset_type' => 'array',
  'datetime_format' => 'Y-m-d H:i:s',
  'sql_explain' => false,
)
[ info ] [ CACHE ] INIT redis:array (
  'type' => 'redis',
  'host' => '127.0.0.1',
  'port' => '6379',
  'password' => '',
  'timeout' => 0,
  'expire' => 0,
  'persistent' => false,
  'prefix' => 'lab_server:',
)
[ info ] [ VIEW ] /Applications/XAMPP/xamppfiles/htdocs/lab/web/app/view/Member/student.html [ array (
  0 => 'list',
  1 => 'tags',
  2 => 'banners',
) ]
[ info ] [ LOG ] INIT File: array (
  'path' => '/Applications/XAMPP/xamppfiles/htdocs/lab/web/runtime/log/',
  'level' => 
  array (
  ),
)
[ sql ] [ DB ] CONNECT:[ UseTime:0.000292s ] mysql:dbname=lab;host=localhost;charset=utf8
[ sql ] [ SQL ] SHOW COLUMNS FROM `lab_member` [ RunTime:0.004221s ]
[ sql ] [ SQL ] SELECT a.id,a.name,a.tutor,a.position,a.img,a.digest,a.url,a.research_area,a.tagid FROM lab_member a LEFT JOIN lab_tag b ON a.tagid=b.id  WHERE  a.status = 1  AND a.ispublish = 1  AND b.title <> '实验室' ORDER BY publishtime desc  [ RunTime:0.000767s ]
[ sql ] [ SQL ] SHOW COLUMNS FROM `lab_tag` [ RunTime:0.003052s ]
[ sql ] [ SQL ] SELECT `id`,`title` FROM `lab_tag` WHERE  `section` = 3  AND `title` NOT IN ('实验室','导师')  AND `status` = '1'   [ RunTime:0.000270s ]

---------------------------------------------------------------
[ 2018-01-02T22:27:49+08:00 ] 127.0.0.1 127.0.0.1 GET /web/Member/student
[ log ] lab.com/web/Member/student [运行时间：0.045080s][吞吐率：22.18req/s] [内存消耗：2,194.39kb] [文件加载：44]
[ info ] [ ROUTE ] array (
  'type' => 'module',
  'module' => 
  array (
    0 => NULL,
    1 => 'Member',
    2 => 'student',
  ),
)
[ info ] [ HEADER ] array (
  'host' => 'lab.com',
  'connection' => 'keep-alive',
  'cache-control' => 'max-age=0',
  'upgrade-insecure-requests' => '1',
  'user-agent' => 'Mozilla/5.0 (Macintosh; Intel Mac OS X 10_13_2) AppleWebKit/537.36 (KHTML, like Gecko) Chrome/65.0.3298.3 Safari/537.36',
  'accept' => 'text/html,application/xhtml+xml,application/xml;q=0.9,image/webp,image/apng,*/*;q=0.8',
  'referer' => 'http://lab.com/web/Result/index',
  'accept-encoding' => 'gzip, deflate',
  'accept-language' => 'zh,en-US;q=0.9,en;q=0.8,zh-CN;q=0.7,ja;q=0.6',
  'cookie' => 'thinkphp_show_page_trace=0|0; thinkphp_show_page_trace=0|0; think_var=zh; PHPSESSID=988u35f7j0rgkibhe73ck7bml0',
)
[ info ] [ PARAM ] array (
)
[ info ] [ RUN ] /**
     * 学生信息首页
     * @return \think\response\View
     */
Method [ <user> public method student ] {
  @@ /Applications/XAMPP/xamppfiles/htdocs/lab/web/app/controller/Member.php 52 - 65
}

[ info ] [ DB ] INIT mysql:array (
  'type' => 'mysql',
  'dsn' => '',
  'hostname' => 'localhost',
  'database' => 'lab',
  'username' => 'root',
  'password' => '',
  'hostport' => '',
  'params' => 
  array (
  ),
  'charset' => 'utf8',
  'prefix' => 'lab_',
  'debug' => true,
  'deploy' => 0,
  'rw_separate' => false,
  'master_num' => 1,
  'slave_no' => '',
  'fields_strict' => true,
  'auto_timestamp' => false,
  'resultset_type' => 'array',
  'datetime_format' => 'Y-m-d H:i:s',
  'sql_explain' => false,
)
[ info ] [ CACHE ] INIT redis:array (
  'type' => 'redis',
  'host' => '127.0.0.1',
  'port' => '6379',
  'password' => '',
  'timeout' => 0,
  'expire' => 0,
  'persistent' => false,
  'prefix' => 'lab_server:',
)
[ info ] [ VIEW ] /Applications/XAMPP/xamppfiles/htdocs/lab/web/app/view/Member/student.html [ array (
  0 => 'list',
  1 => 'tags',
  2 => 'banners',
) ]
[ info ] [ LOG ] INIT File: array (
  'path' => '/Applications/XAMPP/xamppfiles/htdocs/lab/web/runtime/log/',
  'level' => 
  array (
  ),
)
[ sql ] [ DB ] CONNECT:[ UseTime:0.000343s ] mysql:dbname=lab;host=localhost;charset=utf8
[ sql ] [ SQL ] SHOW COLUMNS FROM `lab_member` [ RunTime:0.006710s ]
[ sql ] [ SQL ] SELECT a.id,a.name,a.tutor,a.position,a.img,a.digest,a.url,a.research_area,a.tagid FROM lab_member a LEFT JOIN lab_tag b ON a.tagid=b.id  WHERE  a.status = 1  AND a.ispublish = 1  AND b.title <> '实验室' ORDER BY publishtime desc  [ RunTime:0.000846s ]
[ sql ] [ SQL ] SHOW COLUMNS FROM `lab_tag` [ RunTime:0.003246s ]
[ sql ] [ SQL ] SELECT `id`,`title` FROM `lab_tag` WHERE  `section` = 3  AND `title` NOT IN ('实验室','导师')  AND `status` = '1'   [ RunTime:0.000327s ]

---------------------------------------------------------------
[ 2018-01-02T22:27:50+08:00 ] 127.0.0.1 127.0.0.1 GET /web/Member/student
[ log ] lab.com/web/Member/student [运行时间：0.028533s][吞吐率：35.05req/s] [内存消耗：2,022.02kb] [文件加载：42]
[ info ] [ ROUTE ] array (
  'type' => 'module',
  'module' => 
  array (
    0 => NULL,
    1 => 'Member',
    2 => 'student',
  ),
)
[ info ] [ HEADER ] array (
  'host' => 'lab.com',
  'connection' => 'keep-alive',
  'cache-control' => 'max-age=0',
  'upgrade-insecure-requests' => '1',
  'user-agent' => 'Mozilla/5.0 (Macintosh; Intel Mac OS X 10_13_2) AppleWebKit/537.36 (KHTML, like Gecko) Chrome/65.0.3298.3 Safari/537.36',
  'accept' => 'text/html,application/xhtml+xml,application/xml;q=0.9,image/webp,image/apng,*/*;q=0.8',
  'referer' => 'http://lab.com/web/Result/index',
  'accept-encoding' => 'gzip, deflate',
  'accept-language' => 'zh,en-US;q=0.9,en;q=0.8,zh-CN;q=0.7,ja;q=0.6',
  'cookie' => 'thinkphp_show_page_trace=0|0; thinkphp_show_page_trace=0|0; think_var=zh; PHPSESSID=988u35f7j0rgkibhe73ck7bml0',
)
[ info ] [ PARAM ] array (
)
[ info ] [ RUN ] /**
     * 学生信息首页
     * @return \think\response\View
     */
Method [ <user> public method student ] {
  @@ /Applications/XAMPP/xamppfiles/htdocs/lab/web/app/controller/Member.php 52 - 65
}

[ info ] [ DB ] INIT mysql:array (
  'type' => 'mysql',
  'dsn' => '',
  'hostname' => 'localhost',
  'database' => 'lab',
  'username' => 'root',
  'password' => '',
  'hostport' => '',
  'params' => 
  array (
  ),
  'charset' => 'utf8',
  'prefix' => 'lab_',
  'debug' => true,
  'deploy' => 0,
  'rw_separate' => false,
  'master_num' => 1,
  'slave_no' => '',
  'fields_strict' => true,
  'auto_timestamp' => false,
  'resultset_type' => 'array',
  'datetime_format' => 'Y-m-d H:i:s',
  'sql_explain' => false,
)
[ info ] [ CACHE ] INIT redis:array (
  'type' => 'redis',
  'host' => '127.0.0.1',
  'port' => '6379',
  'password' => '',
  'timeout' => 0,
  'expire' => 0,
  'persistent' => false,
  'prefix' => 'lab_server:',
)
[ info ] [ VIEW ] /Applications/XAMPP/xamppfiles/htdocs/lab/web/app/view/Member/student.html [ array (
  0 => 'list',
  1 => 'tags',
  2 => 'banners',
) ]
[ info ] [ LOG ] INIT File: array (
  'path' => '/Applications/XAMPP/xamppfiles/htdocs/lab/web/runtime/log/',
  'level' => 
  array (
  ),
)
[ sql ] [ DB ] CONNECT:[ UseTime:0.000324s ] mysql:dbname=lab;host=localhost;charset=utf8
[ sql ] [ SQL ] SHOW COLUMNS FROM `lab_member` [ RunTime:0.003555s ]
[ sql ] [ SQL ] SELECT a.id,a.name,a.tutor,a.position,a.img,a.digest,a.url,a.research_area,a.tagid FROM lab_member a LEFT JOIN lab_tag b ON a.tagid=b.id  WHERE  a.status = 1  AND a.ispublish = 1  AND b.title <> '实验室' ORDER BY publishtime desc  [ RunTime:0.000919s ]
[ sql ] [ SQL ] SHOW COLUMNS FROM `lab_tag` [ RunTime:0.002961s ]
[ sql ] [ SQL ] SELECT `id`,`title` FROM `lab_tag` WHERE  `section` = 3  AND `title` NOT IN ('实验室','导师')  AND `status` = '1'   [ RunTime:0.000352s ]

---------------------------------------------------------------
[ 2018-01-02T22:27:52+08:00 ] 127.0.0.1 127.0.0.1 GET /web/Member/student
[ log ] lab.com/web/Member/student [运行时间：0.029584s][吞吐率：33.80req/s] [内存消耗：2,021.99kb] [文件加载：42]
[ info ] [ ROUTE ] array (
  'type' => 'module',
  'module' => 
  array (
    0 => NULL,
    1 => 'Member',
    2 => 'student',
  ),
)
[ info ] [ HEADER ] array (
  'host' => 'lab.com',
  'connection' => 'keep-alive',
  'cache-control' => 'max-age=0',
  'upgrade-insecure-requests' => '1',
  'user-agent' => 'Mozilla/5.0 (Macintosh; Intel Mac OS X 10_13_2) AppleWebKit/537.36 (KHTML, like Gecko) Chrome/65.0.3298.3 Safari/537.36',
  'accept' => 'text/html,application/xhtml+xml,application/xml;q=0.9,image/webp,image/apng,*/*;q=0.8',
  'accept-encoding' => 'gzip, deflate',
  'accept-language' => 'zh,en-US;q=0.9,en;q=0.8,zh-CN;q=0.7,ja;q=0.6',
  'cookie' => 'thinkphp_show_page_trace=0|0; thinkphp_show_page_trace=0|0; think_var=zh; PHPSESSID=988u35f7j0rgkibhe73ck7bml0',
)
[ info ] [ PARAM ] array (
)
[ info ] [ RUN ] /**
     * 学生信息首页
     * @return \think\response\View
     */
Method [ <user> public method student ] {
  @@ /Applications/XAMPP/xamppfiles/htdocs/lab/web/app/controller/Member.php 52 - 65
}

[ info ] [ DB ] INIT mysql:array (
  'type' => 'mysql',
  'dsn' => '',
  'hostname' => 'localhost',
  'database' => 'lab',
  'username' => 'root',
  'password' => '',
  'hostport' => '',
  'params' => 
  array (
  ),
  'charset' => 'utf8',
  'prefix' => 'lab_',
  'debug' => true,
  'deploy' => 0,
  'rw_separate' => false,
  'master_num' => 1,
  'slave_no' => '',
  'fields_strict' => true,
  'auto_timestamp' => false,
  'resultset_type' => 'array',
  'datetime_format' => 'Y-m-d H:i:s',
  'sql_explain' => false,
)
[ info ] [ CACHE ] INIT redis:array (
  'type' => 'redis',
  'host' => '127.0.0.1',
  'port' => '6379',
  'password' => '',
  'timeout' => 0,
  'expire' => 0,
  'persistent' => false,
  'prefix' => 'lab_server:',
)
[ info ] [ VIEW ] /Applications/XAMPP/xamppfiles/htdocs/lab/web/app/view/Member/student.html [ array (
  0 => 'list',
  1 => 'tags',
  2 => 'banners',
) ]
[ info ] [ LOG ] INIT File: array (
  'path' => '/Applications/XAMPP/xamppfiles/htdocs/lab/web/runtime/log/',
  'level' => 
  array (
  ),
)
[ sql ] [ DB ] CONNECT:[ UseTime:0.000363s ] mysql:dbname=lab;host=localhost;charset=utf8
[ sql ] [ SQL ] SHOW COLUMNS FROM `lab_member` [ RunTime:0.003701s ]
[ sql ] [ SQL ] SELECT a.id,a.name,a.tutor,a.position,a.img,a.digest,a.url,a.research_area,a.tagid FROM lab_member a LEFT JOIN lab_tag b ON a.tagid=b.id  WHERE  a.status = 1  AND a.ispublish = 1  AND b.title <> '实验室' ORDER BY publishtime desc  [ RunTime:0.000769s ]
[ sql ] [ SQL ] SHOW COLUMNS FROM `lab_tag` [ RunTime:0.003065s ]
[ sql ] [ SQL ] SELECT `id`,`title` FROM `lab_tag` WHERE  `section` = 3  AND `title` NOT IN ('实验室','导师')  AND `status` = '1'   [ RunTime:0.000290s ]

---------------------------------------------------------------
[ 2018-01-02T22:28:44+08:00 ] 127.0.0.1 127.0.0.1 GET /web/Member/student
[ log ] lab.com/web/Member/student [运行时间：0.031596s][吞吐率：31.65req/s] [内存消耗：2,186.40kb] [文件加载：44]
[ info ] [ ROUTE ] array (
  'type' => 'module',
  'module' => 
  array (
    0 => NULL,
    1 => 'Member',
    2 => 'student',
  ),
)
[ info ] [ HEADER ] array (
  'host' => 'lab.com',
  'connection' => 'keep-alive',
  'cache-control' => 'max-age=0',
  'upgrade-insecure-requests' => '1',
  'user-agent' => 'Mozilla/5.0 (Macintosh; Intel Mac OS X 10_13_2) AppleWebKit/537.36 (KHTML, like Gecko) Chrome/65.0.3298.3 Safari/537.36',
  'accept' => 'text/html,application/xhtml+xml,application/xml;q=0.9,image/webp,image/apng,*/*;q=0.8',
  'accept-encoding' => 'gzip, deflate',
  'accept-language' => 'zh,en-US;q=0.9,en;q=0.8,zh-CN;q=0.7,ja;q=0.6',
  'cookie' => 'thinkphp_show_page_trace=0|0; thinkphp_show_page_trace=0|0; think_var=zh; PHPSESSID=988u35f7j0rgkibhe73ck7bml0',
)
[ info ] [ PARAM ] array (
)
[ info ] [ RUN ] /**
     * 学生信息首页
     * @return \think\response\View
     */
Method [ <user> public method student ] {
  @@ /Applications/XAMPP/xamppfiles/htdocs/lab/web/app/controller/Member.php 52 - 65
}

[ info ] [ DB ] INIT mysql:array (
  'type' => 'mysql',
  'dsn' => '',
  'hostname' => 'localhost',
  'database' => 'lab',
  'username' => 'root',
  'password' => '',
  'hostport' => '',
  'params' => 
  array (
  ),
  'charset' => 'utf8',
  'prefix' => 'lab_',
  'debug' => true,
  'deploy' => 0,
  'rw_separate' => false,
  'master_num' => 1,
  'slave_no' => '',
  'fields_strict' => true,
  'auto_timestamp' => false,
  'resultset_type' => 'array',
  'datetime_format' => 'Y-m-d H:i:s',
  'sql_explain' => false,
)
[ info ] [ CACHE ] INIT redis:array (
  'type' => 'redis',
  'host' => '127.0.0.1',
  'port' => '6379',
  'password' => '',
  'timeout' => 0,
  'expire' => 0,
  'persistent' => false,
  'prefix' => 'lab_server:',
)
[ info ] [ VIEW ] /Applications/XAMPP/xamppfiles/htdocs/lab/web/app/view/Member/student.html [ array (
  0 => 'list',
  1 => 'tags',
  2 => 'banners',
) ]
[ info ] [ LOG ] INIT File: array (
  'path' => '/Applications/XAMPP/xamppfiles/htdocs/lab/web/runtime/log/',
  'level' => 
  array (
  ),
)
[ sql ] [ DB ] CONNECT:[ UseTime:0.000399s ] mysql:dbname=lab;host=localhost;charset=utf8
[ sql ] [ SQL ] SHOW COLUMNS FROM `lab_member` [ RunTime:0.003862s ]
[ sql ] [ SQL ] SELECT a.id,a.name,a.tutor,a.position,a.img,a.digest,a.url,a.research_area,a.tagid,a.iscurrent FROM lab_member a LEFT JOIN lab_tag b ON a.tagid=b.id  WHERE  a.status = 1  AND a.ispublish = 1  AND b.title <> '实验室' ORDER BY publishtime desc  [ RunTime:0.000816s ]
[ sql ] [ SQL ] SHOW COLUMNS FROM `lab_tag` [ RunTime:0.002753s ]
[ sql ] [ SQL ] SELECT `id`,`title` FROM `lab_tag` WHERE  `section` = 3  AND `title` NOT IN ('实验室','导师')  AND `status` = '1'   [ RunTime:0.000280s ]

---------------------------------------------------------------
[ 2018-01-02T22:29:18+08:00 ] 127.0.0.1 127.0.0.1 GET /web/Member/student
[ log ] lab.com/web/Member/student [运行时间：0.028638s][吞吐率：34.92req/s] [内存消耗：2,018.05kb] [文件加载：42]
[ info ] [ ROUTE ] array (
  'type' => 'module',
  'module' => 
  array (
    0 => NULL,
    1 => 'Member',
    2 => 'student',
  ),
)
[ info ] [ HEADER ] array (
  'host' => 'lab.com',
  'connection' => 'keep-alive',
  'cache-control' => 'max-age=0',
  'upgrade-insecure-requests' => '1',
  'user-agent' => 'Mozilla/5.0 (Macintosh; Intel Mac OS X 10_13_2) AppleWebKit/537.36 (KHTML, like Gecko) Chrome/65.0.3298.3 Safari/537.36',
  'accept' => 'text/html,application/xhtml+xml,application/xml;q=0.9,image/webp,image/apng,*/*;q=0.8',
  'accept-encoding' => 'gzip, deflate',
  'accept-language' => 'zh,en-US;q=0.9,en;q=0.8,zh-CN;q=0.7,ja;q=0.6',
  'cookie' => 'thinkphp_show_page_trace=0|0; thinkphp_show_page_trace=0|0; think_var=zh; PHPSESSID=988u35f7j0rgkibhe73ck7bml0',
)
[ info ] [ PARAM ] array (
)
[ info ] [ RUN ] /**
     * 学生信息首页
     * @return \think\response\View
     */
Method [ <user> public method student ] {
  @@ /Applications/XAMPP/xamppfiles/htdocs/lab/web/app/controller/Member.php 52 - 65
}

[ info ] [ DB ] INIT mysql:array (
  'type' => 'mysql',
  'dsn' => '',
  'hostname' => 'localhost',
  'database' => 'lab',
  'username' => 'root',
  'password' => '',
  'hostport' => '',
  'params' => 
  array (
  ),
  'charset' => 'utf8',
  'prefix' => 'lab_',
  'debug' => true,
  'deploy' => 0,
  'rw_separate' => false,
  'master_num' => 1,
  'slave_no' => '',
  'fields_strict' => true,
  'auto_timestamp' => false,
  'resultset_type' => 'array',
  'datetime_format' => 'Y-m-d H:i:s',
  'sql_explain' => false,
)
[ info ] [ CACHE ] INIT redis:array (
  'type' => 'redis',
  'host' => '127.0.0.1',
  'port' => '6379',
  'password' => '',
  'timeout' => 0,
  'expire' => 0,
  'persistent' => false,
  'prefix' => 'lab_server:',
)
[ info ] [ VIEW ] /Applications/XAMPP/xamppfiles/htdocs/lab/web/app/view/Member/student.html [ array (
  0 => 'list',
  1 => 'tags',
  2 => 'banners',
) ]
[ info ] [ LOG ] INIT File: array (
  'path' => '/Applications/XAMPP/xamppfiles/htdocs/lab/web/runtime/log/',
  'level' => 
  array (
  ),
)
[ sql ] [ DB ] CONNECT:[ UseTime:0.000284s ] mysql:dbname=lab;host=localhost;charset=utf8
[ sql ] [ SQL ] SHOW COLUMNS FROM `lab_member` [ RunTime:0.003498s ]
[ sql ] [ SQL ] SELECT a.id,a.name,a.tutor,a.position,a.img,a.digest,a.url,a.research_area,a.tagid,a.iscurrent FROM lab_member a LEFT JOIN lab_tag b ON a.tagid=b.id  WHERE  a.status = 1  AND a.ispublish = 1  AND b.title <> '实验室' ORDER BY publishtime desc  [ RunTime:0.000855s ]
[ sql ] [ SQL ] SHOW COLUMNS FROM `lab_tag` [ RunTime:0.003068s ]
[ sql ] [ SQL ] SELECT `id`,`title` FROM `lab_tag` WHERE  `section` = 3  AND `title` NOT IN ('实验室','导师')  AND `status` = '1'   [ RunTime:0.000309s ]

---------------------------------------------------------------
[ 2018-01-02T22:29:20+08:00 ] 127.0.0.1 127.0.0.1 GET /web/Member/student
[ log ] lab.com/web/Member/student [运行时间：0.027436s][吞吐率：36.45req/s] [内存消耗：2,018.05kb] [文件加载：42]
[ info ] [ ROUTE ] array (
  'type' => 'module',
  'module' => 
  array (
    0 => NULL,
    1 => 'Member',
    2 => 'student',
  ),
)
[ info ] [ HEADER ] array (
  'host' => 'lab.com',
  'connection' => 'keep-alive',
  'cache-control' => 'max-age=0',
  'upgrade-insecure-requests' => '1',
  'user-agent' => 'Mozilla/5.0 (Macintosh; Intel Mac OS X 10_13_2) AppleWebKit/537.36 (KHTML, like Gecko) Chrome/65.0.3298.3 Safari/537.36',
  'accept' => 'text/html,application/xhtml+xml,application/xml;q=0.9,image/webp,image/apng,*/*;q=0.8',
  'accept-encoding' => 'gzip, deflate',
  'accept-language' => 'zh,en-US;q=0.9,en;q=0.8,zh-CN;q=0.7,ja;q=0.6',
  'cookie' => 'thinkphp_show_page_trace=0|0; thinkphp_show_page_trace=0|0; think_var=zh; PHPSESSID=988u35f7j0rgkibhe73ck7bml0',
)
[ info ] [ PARAM ] array (
)
[ info ] [ RUN ] /**
     * 学生信息首页
     * @return \think\response\View
     */
Method [ <user> public method student ] {
  @@ /Applications/XAMPP/xamppfiles/htdocs/lab/web/app/controller/Member.php 52 - 65
}

[ info ] [ DB ] INIT mysql:array (
  'type' => 'mysql',
  'dsn' => '',
  'hostname' => 'localhost',
  'database' => 'lab',
  'username' => 'root',
  'password' => '',
  'hostport' => '',
  'params' => 
  array (
  ),
  'charset' => 'utf8',
  'prefix' => 'lab_',
  'debug' => true,
  'deploy' => 0,
  'rw_separate' => false,
  'master_num' => 1,
  'slave_no' => '',
  'fields_strict' => true,
  'auto_timestamp' => false,
  'resultset_type' => 'array',
  'datetime_format' => 'Y-m-d H:i:s',
  'sql_explain' => false,
)
[ info ] [ CACHE ] INIT redis:array (
  'type' => 'redis',
  'host' => '127.0.0.1',
  'port' => '6379',
  'password' => '',
  'timeout' => 0,
  'expire' => 0,
  'persistent' => false,
  'prefix' => 'lab_server:',
)
[ info ] [ VIEW ] /Applications/XAMPP/xamppfiles/htdocs/lab/web/app/view/Member/student.html [ array (
  0 => 'list',
  1 => 'tags',
  2 => 'banners',
) ]
[ info ] [ LOG ] INIT File: array (
  'path' => '/Applications/XAMPP/xamppfiles/htdocs/lab/web/runtime/log/',
  'level' => 
  array (
  ),
)
[ sql ] [ DB ] CONNECT:[ UseTime:0.000248s ] mysql:dbname=lab;host=localhost;charset=utf8
[ sql ] [ SQL ] SHOW COLUMNS FROM `lab_member` [ RunTime:0.003557s ]
[ sql ] [ SQL ] SELECT a.id,a.name,a.tutor,a.position,a.img,a.digest,a.url,a.research_area,a.tagid,a.iscurrent FROM lab_member a LEFT JOIN lab_tag b ON a.tagid=b.id  WHERE  a.status = 1  AND a.ispublish = 1  AND b.title <> '实验室' ORDER BY publishtime desc  [ RunTime:0.001001s ]
[ sql ] [ SQL ] SHOW COLUMNS FROM `lab_tag` [ RunTime:0.002698s ]
[ sql ] [ SQL ] SELECT `id`,`title` FROM `lab_tag` WHERE  `section` = 3  AND `title` NOT IN ('实验室','导师')  AND `status` = '1'   [ RunTime:0.000281s ]

---------------------------------------------------------------
