[ 2017-12-25T21:37:17+08:00 ] 127.0.0.1 127.0.0.1 GET /server/public/data/banner/20171109/224609_972.png
[ log ] lab.com/server/public/data/banner/20171109/224609_972.png [运行时间：0.025730s][吞吐率：38.86req/s] [内存消耗：935.10kb] [文件加载：28]
[ info ] [ ROUTE ] array (
  'type' => 'module',
  'module' => 
  array (
    0 => NULL,
    1 => 'public',
    2 => 'data',
  ),
)
[ info ] [ HEADER ] array (
  'host' => 'lab.com',
  'connection' => 'keep-alive',
  'user-agent' => 'Mozilla/5.0 (Macintosh; Intel Mac OS X 10_13_2) AppleWebKit/537.36 (KHTML, like Gecko) Chrome/65.0.3294.5 Safari/537.36',
  'accept' => 'image/webp,image/apng,image/*,*/*;q=0.8',
  'referer' => 'http://lab.com/web/',
  'accept-encoding' => 'gzip, deflate',
  'accept-language' => 'zh,en-US;q=0.9,en;q=0.8,zh-CN;q=0.7,ja;q=0.6',
  'cookie' => 'thinkphp_show_page_trace=0|0; PHPSESSID=so5qmk0qpkqu8dpg5k72ge0g60',
)
[ info ] [ PARAM ] array (
  'banner' => '20171109',
)
[ info ] [ LOG ] INIT File: array (
  'path' => '/Applications/XAMPP/xamppfiles/htdocs/lab/server/runtime/log/',
  'level' => 
  array (
  ),
)

---------------------------------------------------------------
[ 2017-12-25T21:37:17+08:00 ] 127.0.0.1 127.0.0.1 GET /server/public/data/banner/20171119/145243_364.png
[ log ] lab.com/server/public/data/banner/20171119/145243_364.png [运行时间：0.025882s][吞吐率：38.64req/s] [内存消耗：935.10kb] [文件加载：28]
[ info ] [ ROUTE ] array (
  'type' => 'module',
  'module' => 
  array (
    0 => NULL,
    1 => 'public',
    2 => 'data',
  ),
)
[ info ] [ HEADER ] array (
  'host' => 'lab.com',
  'connection' => 'keep-alive',
  'user-agent' => 'Mozilla/5.0 (Macintosh; Intel Mac OS X 10_13_2) AppleWebKit/537.36 (KHTML, like Gecko) Chrome/65.0.3294.5 Safari/537.36',
  'accept' => 'image/webp,image/apng,image/*,*/*;q=0.8',
  'referer' => 'http://lab.com/web/',
  'accept-encoding' => 'gzip, deflate',
  'accept-language' => 'zh,en-US;q=0.9,en;q=0.8,zh-CN;q=0.7,ja;q=0.6',
  'cookie' => 'thinkphp_show_page_trace=0|0; PHPSESSID=so5qmk0qpkqu8dpg5k72ge0g60',
)
[ info ] [ PARAM ] array (
  'banner' => '20171119',
)
[ info ] [ LOG ] INIT File: array (
  'path' => '/Applications/XAMPP/xamppfiles/htdocs/lab/server/runtime/log/',
  'level' => 
  array (
  ),
)

---------------------------------------------------------------
[ 2017-12-25T21:37:17+08:00 ] 127.0.0.1 127.0.0.1 GET /server/public/data/banner/20171109/212113_137.png
[ log ] lab.com/server/public/data/banner/20171109/212113_137.png [运行时间：0.019602s][吞吐率：51.02req/s] [内存消耗：934.57kb] [文件加载：28]
[ info ] [ ROUTE ] array (
  'type' => 'module',
  'module' => 
  array (
    0 => NULL,
    1 => 'public',
    2 => 'data',
  ),
)
[ info ] [ HEADER ] array (
  'host' => 'lab.com',
  'connection' => 'keep-alive',
  'user-agent' => 'Mozilla/5.0 (Macintosh; Intel Mac OS X 10_13_2) AppleWebKit/537.36 (KHTML, like Gecko) Chrome/65.0.3294.5 Safari/537.36',
  'accept' => 'image/webp,image/apng,image/*,*/*;q=0.8',
  'referer' => 'http://lab.com/web/',
  'accept-encoding' => 'gzip, deflate',
  'accept-language' => 'zh,en-US;q=0.9,en;q=0.8,zh-CN;q=0.7,ja;q=0.6',
  'cookie' => 'thinkphp_show_page_trace=0|0; PHPSESSID=so5qmk0qpkqu8dpg5k72ge0g60; think_var=zh',
)
[ info ] [ PARAM ] array (
  'banner' => '20171109',
)
[ info ] [ LOG ] INIT File: array (
  'path' => '/Applications/XAMPP/xamppfiles/htdocs/lab/server/runtime/log/',
  'level' => 
  array (
  ),
)

---------------------------------------------------------------
[ 2017-12-25T21:37:17+08:00 ] 127.0.0.1 127.0.0.1 GET /server/public/data/banner/20171119/145243_364.png
[ log ] lab.com/server/public/data/banner/20171119/145243_364.png [运行时间：0.014497s][吞吐率：68.98req/s] [内存消耗：934.57kb] [文件加载：28]
[ info ] [ ROUTE ] array (
  'type' => 'module',
  'module' => 
  array (
    0 => NULL,
    1 => 'public',
    2 => 'data',
  ),
)
[ info ] [ HEADER ] array (
  'host' => 'lab.com',
  'connection' => 'keep-alive',
  'user-agent' => 'Mozilla/5.0 (Macintosh; Intel Mac OS X 10_13_2) AppleWebKit/537.36 (KHTML, like Gecko) Chrome/65.0.3294.5 Safari/537.36',
  'accept' => 'image/webp,image/apng,image/*,*/*;q=0.8',
  'referer' => 'http://lab.com/web/',
  'accept-encoding' => 'gzip, deflate',
  'accept-language' => 'zh,en-US;q=0.9,en;q=0.8,zh-CN;q=0.7,ja;q=0.6',
  'cookie' => 'thinkphp_show_page_trace=0|0; PHPSESSID=so5qmk0qpkqu8dpg5k72ge0g60; think_var=zh',
)
[ info ] [ PARAM ] array (
  'banner' => '20171119',
)
[ info ] [ LOG ] INIT File: array (
  'path' => '/Applications/XAMPP/xamppfiles/htdocs/lab/server/runtime/log/',
  'level' => 
  array (
  ),
)

---------------------------------------------------------------
[ 2017-12-25T21:37:24+08:00 ] 127.0.0.1 127.0.0.1 GET /server/public/data/banner/20171109/224609_972.png
[ log ] lab.com/server/public/data/banner/20171109/224609_972.png [运行时间：0.015623s][吞吐率：64.01req/s] [内存消耗：934.57kb] [文件加载：28]
[ info ] [ ROUTE ] array (
  'type' => 'module',
  'module' => 
  array (
    0 => NULL,
    1 => 'public',
    2 => 'data',
  ),
)
[ info ] [ HEADER ] array (
  'host' => 'lab.com',
  'connection' => 'keep-alive',
  'user-agent' => 'Mozilla/5.0 (Macintosh; Intel Mac OS X 10_13_2) AppleWebKit/537.36 (KHTML, like Gecko) Chrome/65.0.3294.5 Safari/537.36',
  'accept' => 'image/webp,image/apng,image/*,*/*;q=0.8',
  'referer' => 'http://lab.com/web/',
  'accept-encoding' => 'gzip, deflate',
  'accept-language' => 'zh,en-US;q=0.9,en;q=0.8,zh-CN;q=0.7,ja;q=0.6',
  'cookie' => 'thinkphp_show_page_trace=0|0; PHPSESSID=so5qmk0qpkqu8dpg5k72ge0g60; think_var=zh',
)
[ info ] [ PARAM ] array (
  'banner' => '20171109',
)
[ info ] [ LOG ] INIT File: array (
  'path' => '/Applications/XAMPP/xamppfiles/htdocs/lab/server/runtime/log/',
  'level' => 
  array (
  ),
)

---------------------------------------------------------------
[ 2017-12-25T21:37:24+08:00 ] 127.0.0.1 127.0.0.1 GET /server/public/data/banner/20171119/145243_364.png
[ log ] lab.com/server/public/data/banner/20171119/145243_364.png [运行时间：0.020780s][吞吐率：48.12req/s] [内存消耗：934.57kb] [文件加载：28]
[ info ] [ ROUTE ] array (
  'type' => 'module',
  'module' => 
  array (
    0 => NULL,
    1 => 'public',
    2 => 'data',
  ),
)
[ info ] [ HEADER ] array (
  'host' => 'lab.com',
  'connection' => 'keep-alive',
  'user-agent' => 'Mozilla/5.0 (Macintosh; Intel Mac OS X 10_13_2) AppleWebKit/537.36 (KHTML, like Gecko) Chrome/65.0.3294.5 Safari/537.36',
  'accept' => 'image/webp,image/apng,image/*,*/*;q=0.8',
  'referer' => 'http://lab.com/web/',
  'accept-encoding' => 'gzip, deflate',
  'accept-language' => 'zh,en-US;q=0.9,en;q=0.8,zh-CN;q=0.7,ja;q=0.6',
  'cookie' => 'thinkphp_show_page_trace=0|0; PHPSESSID=so5qmk0qpkqu8dpg5k72ge0g60; think_var=zh',
)
[ info ] [ PARAM ] array (
  'banner' => '20171119',
)
[ info ] [ LOG ] INIT File: array (
  'path' => '/Applications/XAMPP/xamppfiles/htdocs/lab/server/runtime/log/',
  'level' => 
  array (
  ),
)

---------------------------------------------------------------
[ 2017-12-25T21:37:24+08:00 ] 127.0.0.1 127.0.0.1 GET /server/public/data/banner/20171119/145243_364.png
[ log ] lab.com/server/public/data/banner/20171119/145243_364.png [运行时间：0.018182s][吞吐率：55.00req/s] [内存消耗：934.57kb] [文件加载：28]
[ info ] [ ROUTE ] array (
  'type' => 'module',
  'module' => 
  array (
    0 => NULL,
    1 => 'public',
    2 => 'data',
  ),
)
[ info ] [ HEADER ] array (
  'host' => 'lab.com',
  'connection' => 'keep-alive',
  'user-agent' => 'Mozilla/5.0 (Macintosh; Intel Mac OS X 10_13_2) AppleWebKit/537.36 (KHTML, like Gecko) Chrome/65.0.3294.5 Safari/537.36',
  'accept' => 'image/webp,image/apng,image/*,*/*;q=0.8',
  'referer' => 'http://lab.com/web/',
  'accept-encoding' => 'gzip, deflate',
  'accept-language' => 'zh,en-US;q=0.9,en;q=0.8,zh-CN;q=0.7,ja;q=0.6',
  'cookie' => 'thinkphp_show_page_trace=0|0; PHPSESSID=so5qmk0qpkqu8dpg5k72ge0g60; think_var=zh',
)
[ info ] [ PARAM ] array (
  'banner' => '20171119',
)
[ info ] [ LOG ] INIT File: array (
  'path' => '/Applications/XAMPP/xamppfiles/htdocs/lab/server/runtime/log/',
  'level' => 
  array (
  ),
)

---------------------------------------------------------------
[ 2017-12-25T21:39:35+08:00 ] 127.0.0.1 127.0.0.1 GET /server/public/data/banner/20171119/145243_364.png
[ log ] lab.com/server/public/data/banner/20171119/145243_364.png [运行时间：0.045012s][吞吐率：22.22req/s] [内存消耗：934.57kb] [文件加载：28]
[ info ] [ ROUTE ] array (
  'type' => 'module',
  'module' => 
  array (
    0 => NULL,
    1 => 'public',
    2 => 'data',
  ),
)
[ info ] [ HEADER ] array (
  'host' => 'lab.com',
  'connection' => 'keep-alive',
  'user-agent' => 'Mozilla/5.0 (Macintosh; Intel Mac OS X 10_13_2) AppleWebKit/537.36 (KHTML, like Gecko) Chrome/65.0.3294.5 Safari/537.36',
  'accept' => 'image/webp,image/apng,image/*,*/*;q=0.8',
  'referer' => 'http://lab.com/web/',
  'accept-encoding' => 'gzip, deflate',
  'accept-language' => 'zh,en-US;q=0.9,en;q=0.8,zh-CN;q=0.7,ja;q=0.6',
  'cookie' => 'thinkphp_show_page_trace=0|0; PHPSESSID=so5qmk0qpkqu8dpg5k72ge0g60; think_var=zh',
)
[ info ] [ PARAM ] array (
  'banner' => '20171119',
)
[ info ] [ LOG ] INIT File: array (
  'path' => '/Applications/XAMPP/xamppfiles/htdocs/lab/server/runtime/log/',
  'level' => 
  array (
  ),
)

---------------------------------------------------------------
[ 2017-12-25T21:39:35+08:00 ] 127.0.0.1 127.0.0.1 GET /server/public/data/banner/20171109/212113_137.png
[ log ] lab.com/server/public/data/banner/20171109/212113_137.png [运行时间：0.048923s][吞吐率：20.44req/s] [内存消耗：934.57kb] [文件加载：28]
[ info ] [ ROUTE ] array (
  'type' => 'module',
  'module' => 
  array (
    0 => NULL,
    1 => 'public',
    2 => 'data',
  ),
)
[ info ] [ HEADER ] array (
  'host' => 'lab.com',
  'connection' => 'keep-alive',
  'user-agent' => 'Mozilla/5.0 (Macintosh; Intel Mac OS X 10_13_2) AppleWebKit/537.36 (KHTML, like Gecko) Chrome/65.0.3294.5 Safari/537.36',
  'accept' => 'image/webp,image/apng,image/*,*/*;q=0.8',
  'referer' => 'http://lab.com/web/',
  'accept-encoding' => 'gzip, deflate',
  'accept-language' => 'zh,en-US;q=0.9,en;q=0.8,zh-CN;q=0.7,ja;q=0.6',
  'cookie' => 'thinkphp_show_page_trace=0|0; PHPSESSID=so5qmk0qpkqu8dpg5k72ge0g60; think_var=zh',
)
[ info ] [ PARAM ] array (
  'banner' => '20171109',
)
[ info ] [ LOG ] INIT File: array (
  'path' => '/Applications/XAMPP/xamppfiles/htdocs/lab/server/runtime/log/',
  'level' => 
  array (
  ),
)

---------------------------------------------------------------
[ 2017-12-25T21:39:35+08:00 ] 127.0.0.1 127.0.0.1 GET /server/public/data/banner/20171109/224609_972.png
[ log ] lab.com/server/public/data/banner/20171109/224609_972.png [运行时间：0.052055s][吞吐率：19.21req/s] [内存消耗：934.57kb] [文件加载：28]
[ info ] [ ROUTE ] array (
  'type' => 'module',
  'module' => 
  array (
    0 => NULL,
    1 => 'public',
    2 => 'data',
  ),
)
[ info ] [ HEADER ] array (
  'host' => 'lab.com',
  'connection' => 'keep-alive',
  'user-agent' => 'Mozilla/5.0 (Macintosh; Intel Mac OS X 10_13_2) AppleWebKit/537.36 (KHTML, like Gecko) Chrome/65.0.3294.5 Safari/537.36',
  'accept' => 'image/webp,image/apng,image/*,*/*;q=0.8',
  'referer' => 'http://lab.com/web/',
  'accept-encoding' => 'gzip, deflate',
  'accept-language' => 'zh,en-US;q=0.9,en;q=0.8,zh-CN;q=0.7,ja;q=0.6',
  'cookie' => 'thinkphp_show_page_trace=0|0; PHPSESSID=so5qmk0qpkqu8dpg5k72ge0g60; think_var=zh',
)
[ info ] [ PARAM ] array (
  'banner' => '20171109',
)
[ info ] [ LOG ] INIT File: array (
  'path' => '/Applications/XAMPP/xamppfiles/htdocs/lab/server/runtime/log/',
  'level' => 
  array (
  ),
)

---------------------------------------------------------------
[ 2017-12-25T21:39:35+08:00 ] 127.0.0.1 127.0.0.1 GET /server/public/data/banner/20171119/145243_364.png
[ log ] lab.com/server/public/data/banner/20171119/145243_364.png [运行时间：0.026105s][吞吐率：38.31req/s] [内存消耗：934.57kb] [文件加载：28]
[ info ] [ ROUTE ] array (
  'type' => 'module',
  'module' => 
  array (
    0 => NULL,
    1 => 'public',
    2 => 'data',
  ),
)
[ info ] [ HEADER ] array (
  'host' => 'lab.com',
  'connection' => 'keep-alive',
  'user-agent' => 'Mozilla/5.0 (Macintosh; Intel Mac OS X 10_13_2) AppleWebKit/537.36 (KHTML, like Gecko) Chrome/65.0.3294.5 Safari/537.36',
  'accept' => 'image/webp,image/apng,image/*,*/*;q=0.8',
  'referer' => 'http://lab.com/web/',
  'accept-encoding' => 'gzip, deflate',
  'accept-language' => 'zh,en-US;q=0.9,en;q=0.8,zh-CN;q=0.7,ja;q=0.6',
  'cookie' => 'thinkphp_show_page_trace=0|0; PHPSESSID=so5qmk0qpkqu8dpg5k72ge0g60; think_var=zh',
)
[ info ] [ PARAM ] array (
  'banner' => '20171119',
)
[ info ] [ LOG ] INIT File: array (
  'path' => '/Applications/XAMPP/xamppfiles/htdocs/lab/server/runtime/log/',
  'level' => 
  array (
  ),
)

---------------------------------------------------------------
