[ 2018-11-11T17:10:35+08:00 ] 127.0.0.1 127.0.0.1 GET /server/Result/index
[ log ] lab.com/server/Result/index [运行时间：0.017913s][吞吐率：55.83req/s] [内存消耗：826.20kb] [文件加载：21]
[ info ] [ ROUTE ] array (
  'type' => 'module',
  'module' => 
  array (
    0 => NULL,
    1 => 'Result',
    2 => 'index',
  ),
)
[ info ] [ HEADER ] array (
  'host' => 'lab.com',
  'connection' => 'keep-alive',
  'upgrade-insecure-requests' => '1',
  'user-agent' => 'Mozilla/5.0 (Macintosh; Intel Mac OS X 10_14_0) AppleWebKit/537.36 (KHTML, like Gecko) Chrome/72.0.3602.2 Safari/537.36',
  'accept' => 'text/html,application/xhtml+xml,application/xml;q=0.9,image/webp,image/apng,*/*;q=0.8',
  'referer' => 'http://lab.com/server/ResearchArea/create',
  'accept-encoding' => 'gzip, deflate',
  'accept-language' => 'zh,en-US;q=0.9,en;q=0.8,zh-CN;q=0.7,ja;q=0.6,la;q=0.5',
  'cookie' => 'thinkphp_show_page_trace=0|0; thinkphp_show_page_trace=0|0; PHPSESSID=cca9t54vr6h0vcm1q2q35858b7',
)
[ info ] [ PARAM ] array (
)
[ info ] [ SESSION ] INIT array (
  'id' => '',
  'var_session_id' => '',
  'prefix' => 'lab_session',
  'type' => 'redis',
  'auto_start' => true,
  'host' => '127.0.0.1',
  'port' => '6379',
  'password' => '',
)
[ info ] [ LOG ] INIT File: array (
  'path' => '/Applications/XAMPP/xamppfiles/htdocs/lab/server/runtime/log/',
  'level' => 
  array (
  ),
)

---------------------------------------------------------------
[ 2018-11-11T17:10:35+08:00 ] 127.0.0.1 127.0.0.1 GET /server/UserAdmin/login
[ log ] lab.com/server/UserAdmin/login [运行时间：0.018054s][吞吐率：55.39req/s] [内存消耗：1,145.51kb] [文件加载：33]
[ info ] [ ROUTE ] array (
  'type' => 'module',
  'module' => 
  array (
    0 => NULL,
    1 => 'UserAdmin',
    2 => 'login',
  ),
)
[ info ] [ HEADER ] array (
  'host' => 'lab.com',
  'connection' => 'keep-alive',
  'upgrade-insecure-requests' => '1',
  'user-agent' => 'Mozilla/5.0 (Macintosh; Intel Mac OS X 10_14_0) AppleWebKit/537.36 (KHTML, like Gecko) Chrome/72.0.3602.2 Safari/537.36',
  'accept' => 'text/html,application/xhtml+xml,application/xml;q=0.9,image/webp,image/apng,*/*;q=0.8',
  'referer' => 'http://lab.com/server/ResearchArea/create',
  'accept-encoding' => 'gzip, deflate',
  'accept-language' => 'zh,en-US;q=0.9,en;q=0.8,zh-CN;q=0.7,ja;q=0.6,la;q=0.5',
  'cookie' => 'thinkphp_show_page_trace=0|0; thinkphp_show_page_trace=0|0; PHPSESSID=cca9t54vr6h0vcm1q2q35858b7',
)
[ info ] [ PARAM ] array (
)
[ info ] [ CACHE ] INIT redis:array (
  'type' => 'redis',
  'host' => '127.0.0.1',
  'port' => '6379',
  'password' => '',
  'timeout' => 0,
  'expire' => 0,
  'persistent' => false,
  'prefix' => 'lab_server:',
)
[ info ] [ RUN ] /**
	 * 后台登录
	 */
Method [ <user> public method login ] {
  @@ /Applications/XAMPP/xamppfiles/htdocs/lab/server/app/controller/UserAdmin.php 15 - 31
}

[ info ] [ VIEW ] /Applications/XAMPP/xamppfiles/htdocs/lab/server/app/view/UserAdmin/login.html [ array (
) ]
[ info ] [ LOG ] INIT File: array (
  'path' => '/Applications/XAMPP/xamppfiles/htdocs/lab/server/runtime/log/',
  'level' => 
  array (
  ),
)

---------------------------------------------------------------
[ 2018-11-11T17:54:26+08:00 ] 127.0.0.1 127.0.0.1 POST /server/UserAdmin/login
[ log ] lab.com/server/UserAdmin/login [运行时间：0.030708s][吞吐率：32.56req/s] [内存消耗：1,648.10kb] [文件加载：33]
[ info ] [ ROUTE ] array (
  'type' => 'module',
  'module' => 
  array (
    0 => NULL,
    1 => 'UserAdmin',
    2 => 'login',
  ),
)
[ info ] [ HEADER ] array (
  'host' => 'lab.com',
  'connection' => 'keep-alive',
  'accept' => '*/*',
  'origin' => 'http://lab.com',
  'x-requested-with' => 'XMLHttpRequest',
  'user-agent' => 'Mozilla/5.0 (Macintosh; Intel Mac OS X 10_14_0) AppleWebKit/537.36 (KHTML, like Gecko) Chrome/72.0.3602.2 Safari/537.36',
  'referer' => 'http://lab.com/server/UserAdmin/login',
  'accept-encoding' => 'gzip, deflate',
  'accept-language' => 'zh,en-US;q=0.9,en;q=0.8,zh-CN;q=0.7,ja;q=0.6,la;q=0.5',
  'cookie' => 'thinkphp_show_page_trace=0|0; thinkphp_show_page_trace=0|0; PHPSESSID=cca9t54vr6h0vcm1q2q35858b7',
  'content-type' => 'application/x-www-form-urlencoded; charset=UTF-8',
  'content-length' => '27',
)
[ info ] [ PARAM ] array (
  'username' => 'py',
  'pass' => 'complex217',
)
[ info ] [ CACHE ] INIT redis:array (
  'type' => 'redis',
  'host' => '127.0.0.1',
  'port' => '6379',
  'password' => '',
  'timeout' => 0,
  'expire' => 0,
  'persistent' => false,
  'prefix' => 'lab_server:',
)
[ info ] [ RUN ] /**
	 * 后台登录
	 */
Method [ <user> public method login ] {
  @@ /Applications/XAMPP/xamppfiles/htdocs/lab/server/app/controller/UserAdmin.php 15 - 31
}

[ info ] [ DB ] INIT mysql:array (
  'type' => 'mysql',
  'dsn' => '',
  'hostname' => 'localhost',
  'database' => 'lab',
  'username' => 'root',
  'password' => '',
  'hostport' => '',
  'params' => 
  array (
  ),
  'charset' => 'utf8',
  'prefix' => 'lab_',
  'debug' => true,
  'deploy' => 0,
  'rw_separate' => false,
  'master_num' => 1,
  'slave_no' => '',
  'fields_strict' => true,
  'auto_timestamp' => false,
  'resultset_type' => 'array',
  'datetime_format' => 'Y-m-d H:i:s',
  'sql_explain' => false,
)
[ info ] [ SESSION ] INIT array (
  'id' => '',
  'var_session_id' => '',
  'prefix' => 'lab_session',
  'type' => 'redis',
  'auto_start' => true,
  'host' => '127.0.0.1',
  'port' => '6379',
  'password' => '',
)
[ info ] [ LOG ] INIT File: array (
  'path' => '/Applications/XAMPP/xamppfiles/htdocs/lab/server/runtime/log/',
  'level' => 
  array (
  ),
)
[ sql ] [ DB ] CONNECT:[ UseTime:0.000857s ] mysql:dbname=lab;host=localhost;charset=utf8
[ sql ] [ SQL ] SHOW COLUMNS FROM `lab_user_admin` [ RunTime:0.005734s ]
[ sql ] [ SQL ] SELECT `id`,`username`,`pass`,`status`,`roleid` FROM `lab_user_admin` WHERE  `username` = 'py'  AND `status` <> 2 LIMIT 1    [ RunTime:0.000546s ]
[ sql ] [ SQL ] UPDATE `lab_user_admin`  SET `logintime`='1541930066',`updatetime`='1541930066'  WHERE  `id` = '1'      [ RunTime:0.000322s ]

---------------------------------------------------------------
[ 2018-11-11T17:54:26+08:00 ] 127.0.0.1 127.0.0.1 GET /server/
[ log ] lab.com/server/ [运行时间：0.023103s][吞吐率：43.28req/s] [内存消耗：1,785.15kb] [文件加载：40]
[ info ] [ ROUTE ] array (
  'type' => 'module',
  'module' => 
  array (
    0 => NULL,
    1 => '',
    2 => NULL,
  ),
)
[ info ] [ HEADER ] array (
  'host' => 'lab.com',
  'connection' => 'keep-alive',
  'upgrade-insecure-requests' => '1',
  'user-agent' => 'Mozilla/5.0 (Macintosh; Intel Mac OS X 10_14_0) AppleWebKit/537.36 (KHTML, like Gecko) Chrome/72.0.3602.2 Safari/537.36',
  'accept' => 'text/html,application/xhtml+xml,application/xml;q=0.9,image/webp,image/apng,*/*;q=0.8',
  'referer' => 'http://lab.com/server/UserAdmin/login',
  'accept-encoding' => 'gzip, deflate',
  'accept-language' => 'zh,en-US;q=0.9,en;q=0.8,zh-CN;q=0.7,ja;q=0.6,la;q=0.5',
  'cookie' => 'thinkphp_show_page_trace=0|0; PHPSESSID=cca9t54vr6h0vcm1q2q35858b7',
)
[ info ] [ PARAM ] array (
)
[ info ] [ SESSION ] INIT array (
  'id' => '',
  'var_session_id' => '',
  'prefix' => 'lab_session',
  'type' => 'redis',
  'auto_start' => true,
  'host' => '127.0.0.1',
  'port' => '6379',
  'password' => '',
)
[ info ] [ DB ] INIT mysql:array (
  'type' => 'mysql',
  'dsn' => '',
  'hostname' => 'localhost',
  'database' => 'lab',
  'username' => 'root',
  'password' => '',
  'hostport' => '',
  'params' => 
  array (
  ),
  'charset' => 'utf8',
  'prefix' => 'lab_',
  'debug' => true,
  'deploy' => 0,
  'rw_separate' => false,
  'master_num' => 1,
  'slave_no' => '',
  'fields_strict' => true,
  'auto_timestamp' => false,
  'resultset_type' => 'array',
  'datetime_format' => 'Y-m-d H:i:s',
  'sql_explain' => false,
)
[ info ] [ CACHE ] INIT redis:array (
  'type' => 'redis',
  'host' => '127.0.0.1',
  'port' => '6379',
  'password' => '',
  'timeout' => 0,
  'expire' => 0,
  'persistent' => false,
  'prefix' => 'lab_server:',
)
[ info ] [ RUN ] /**
	 * 首页
	 * @return \think\response\View
	 */
Method [ <user> public method index ] {
  @@ /Applications/XAMPP/xamppfiles/htdocs/lab/server/app/controller/Index.php 16 - 18
}

[ info ] [ VIEW ] /Applications/XAMPP/xamppfiles/htdocs/lab/server/app/view/Index/index.html [ array (
) ]
[ info ] [ LOG ] INIT File: array (
  'path' => '/Applications/XAMPP/xamppfiles/htdocs/lab/server/runtime/log/',
  'level' => 
  array (
  ),
)

---------------------------------------------------------------
[ 2018-11-11T19:17:26+08:00 ] 127.0.0.1 127.0.0.1 GET /server/Tag/index
[ log ] lab.com/server/Tag/index [运行时间：0.010476s][吞吐率：95.46req/s] [内存消耗：817.46kb] [文件加载：21]
[ info ] [ ROUTE ] array (
  'type' => 'module',
  'module' => 
  array (
    0 => NULL,
    1 => 'Tag',
    2 => 'index',
  ),
)
[ info ] [ HEADER ] array (
  'host' => 'lab.com',
  'connection' => 'keep-alive',
  'upgrade-insecure-requests' => '1',
  'user-agent' => 'Mozilla/5.0 (Macintosh; Intel Mac OS X 10_14_0) AppleWebKit/537.36 (KHTML, like Gecko) Chrome/72.0.3602.2 Safari/537.36',
  'accept' => 'text/html,application/xhtml+xml,application/xml;q=0.9,image/webp,image/apng,*/*;q=0.8',
  'referer' => 'http://lab.com/server/',
  'accept-encoding' => 'gzip, deflate',
  'accept-language' => 'zh,en-US;q=0.9,en;q=0.8,zh-CN;q=0.7,ja;q=0.6,la;q=0.5',
  'cookie' => 'thinkphp_show_page_trace=0|0; thinkphp_show_page_trace=0|0; PHPSESSID=cca9t54vr6h0vcm1q2q35858b7',
)
[ info ] [ PARAM ] array (
)
[ info ] [ SESSION ] INIT array (
  'id' => '',
  'var_session_id' => '',
  'prefix' => 'lab_session',
  'type' => 'redis',
  'auto_start' => true,
  'host' => '127.0.0.1',
  'port' => '6379',
  'password' => '',
)
[ info ] [ LOG ] INIT File: array (
  'path' => '/Applications/XAMPP/xamppfiles/htdocs/lab/server/runtime/log/',
  'level' => 
  array (
  ),
)

---------------------------------------------------------------
[ 2018-11-11T19:17:26+08:00 ] 127.0.0.1 127.0.0.1 GET /server/UserAdmin/login
[ log ] lab.com/server/UserAdmin/login [运行时间：0.014249s][吞吐率：70.18req/s] [内存消耗：1,145.51kb] [文件加载：33]
[ info ] [ ROUTE ] array (
  'type' => 'module',
  'module' => 
  array (
    0 => NULL,
    1 => 'UserAdmin',
    2 => 'login',
  ),
)
[ info ] [ HEADER ] array (
  'host' => 'lab.com',
  'connection' => 'keep-alive',
  'upgrade-insecure-requests' => '1',
  'user-agent' => 'Mozilla/5.0 (Macintosh; Intel Mac OS X 10_14_0) AppleWebKit/537.36 (KHTML, like Gecko) Chrome/72.0.3602.2 Safari/537.36',
  'accept' => 'text/html,application/xhtml+xml,application/xml;q=0.9,image/webp,image/apng,*/*;q=0.8',
  'referer' => 'http://lab.com/server/',
  'accept-encoding' => 'gzip, deflate',
  'accept-language' => 'zh,en-US;q=0.9,en;q=0.8,zh-CN;q=0.7,ja;q=0.6,la;q=0.5',
  'cookie' => 'thinkphp_show_page_trace=0|0; thinkphp_show_page_trace=0|0; PHPSESSID=cca9t54vr6h0vcm1q2q35858b7',
)
[ info ] [ PARAM ] array (
)
[ info ] [ CACHE ] INIT redis:array (
  'type' => 'redis',
  'host' => '127.0.0.1',
  'port' => '6379',
  'password' => '',
  'timeout' => 0,
  'expire' => 0,
  'persistent' => false,
  'prefix' => 'lab_server:',
)
[ info ] [ RUN ] /**
	 * 后台登录
	 */
Method [ <user> public method login ] {
  @@ /Applications/XAMPP/xamppfiles/htdocs/lab/server/app/controller/UserAdmin.php 15 - 31
}

[ info ] [ VIEW ] /Applications/XAMPP/xamppfiles/htdocs/lab/server/app/view/UserAdmin/login.html [ array (
) ]
[ info ] [ LOG ] INIT File: array (
  'path' => '/Applications/XAMPP/xamppfiles/htdocs/lab/server/runtime/log/',
  'level' => 
  array (
  ),
)

---------------------------------------------------------------
[ 2018-11-11T20:13:59+08:00 ] 127.0.0.1 127.0.0.1 POST /server/UserAdmin/login
[ log ] lab.com/server/UserAdmin/login [运行时间：0.042326s][吞吐率：23.63req/s] [内存消耗：1,648.10kb] [文件加载：33]
[ info ] [ ROUTE ] array (
  'type' => 'module',
  'module' => 
  array (
    0 => NULL,
    1 => 'UserAdmin',
    2 => 'login',
  ),
)
[ info ] [ HEADER ] array (
  'host' => 'lab.com',
  'connection' => 'keep-alive',
  'accept' => '*/*',
  'origin' => 'http://lab.com',
  'x-requested-with' => 'XMLHttpRequest',
  'user-agent' => 'Mozilla/5.0 (Macintosh; Intel Mac OS X 10_14_0) AppleWebKit/537.36 (KHTML, like Gecko) Chrome/72.0.3602.2 Safari/537.36',
  'referer' => 'http://lab.com/server/UserAdmin/login',
  'accept-encoding' => 'gzip, deflate',
  'accept-language' => 'zh,en-US;q=0.9,en;q=0.8,zh-CN;q=0.7,ja;q=0.6,la;q=0.5',
  'cookie' => 'thinkphp_show_page_trace=0|0; thinkphp_show_page_trace=0|0; PHPSESSID=cca9t54vr6h0vcm1q2q35858b7',
  'content-type' => 'application/x-www-form-urlencoded; charset=UTF-8',
  'content-length' => '27',
)
[ info ] [ PARAM ] array (
  'username' => 'py',
  'pass' => 'complex217',
)
[ info ] [ CACHE ] INIT redis:array (
  'type' => 'redis',
  'host' => '127.0.0.1',
  'port' => '6379',
  'password' => '',
  'timeout' => 0,
  'expire' => 0,
  'persistent' => false,
  'prefix' => 'lab_server:',
)
[ info ] [ RUN ] /**
	 * 后台登录
	 */
Method [ <user> public method login ] {
  @@ /Applications/XAMPP/xamppfiles/htdocs/lab/server/app/controller/UserAdmin.php 15 - 31
}

[ info ] [ DB ] INIT mysql:array (
  'type' => 'mysql',
  'dsn' => '',
  'hostname' => 'localhost',
  'database' => 'lab',
  'username' => 'root',
  'password' => '',
  'hostport' => '',
  'params' => 
  array (
  ),
  'charset' => 'utf8',
  'prefix' => 'lab_',
  'debug' => true,
  'deploy' => 0,
  'rw_separate' => false,
  'master_num' => 1,
  'slave_no' => '',
  'fields_strict' => true,
  'auto_timestamp' => false,
  'resultset_type' => 'array',
  'datetime_format' => 'Y-m-d H:i:s',
  'sql_explain' => false,
)
[ info ] [ SESSION ] INIT array (
  'id' => '',
  'var_session_id' => '',
  'prefix' => 'lab_session',
  'type' => 'redis',
  'auto_start' => true,
  'host' => '127.0.0.1',
  'port' => '6379',
  'password' => '',
)
[ info ] [ LOG ] INIT File: array (
  'path' => '/Applications/XAMPP/xamppfiles/htdocs/lab/server/runtime/log/',
  'level' => 
  array (
  ),
)
[ sql ] [ DB ] CONNECT:[ UseTime:0.000353s ] mysql:dbname=lab;host=localhost;charset=utf8
[ sql ] [ SQL ] SHOW COLUMNS FROM `lab_user_admin` [ RunTime:0.002415s ]
[ sql ] [ SQL ] SELECT `id`,`username`,`pass`,`status`,`roleid` FROM `lab_user_admin` WHERE  `username` = 'py'  AND `status` <> 2 LIMIT 1    [ RunTime:0.000270s ]
[ sql ] [ SQL ] UPDATE `lab_user_admin`  SET `logintime`='1541938439',`updatetime`='1541938439'  WHERE  `id` = '1'      [ RunTime:0.001169s ]

---------------------------------------------------------------
[ 2018-11-11T20:13:59+08:00 ] 127.0.0.1 127.0.0.1 GET /server/
[ log ] lab.com/server/ [运行时间：0.050745s][吞吐率：19.71req/s] [内存消耗：1,785.15kb] [文件加载：40]
[ info ] [ ROUTE ] array (
  'type' => 'module',
  'module' => 
  array (
    0 => NULL,
    1 => '',
    2 => NULL,
  ),
)
[ info ] [ HEADER ] array (
  'host' => 'lab.com',
  'connection' => 'keep-alive',
  'upgrade-insecure-requests' => '1',
  'user-agent' => 'Mozilla/5.0 (Macintosh; Intel Mac OS X 10_14_0) AppleWebKit/537.36 (KHTML, like Gecko) Chrome/72.0.3602.2 Safari/537.36',
  'accept' => 'text/html,application/xhtml+xml,application/xml;q=0.9,image/webp,image/apng,*/*;q=0.8',
  'referer' => 'http://lab.com/server/UserAdmin/login',
  'accept-encoding' => 'gzip, deflate',
  'accept-language' => 'zh,en-US;q=0.9,en;q=0.8,zh-CN;q=0.7,ja;q=0.6,la;q=0.5',
  'cookie' => 'thinkphp_show_page_trace=0|0; PHPSESSID=cca9t54vr6h0vcm1q2q35858b7',
)
[ info ] [ PARAM ] array (
)
[ info ] [ SESSION ] INIT array (
  'id' => '',
  'var_session_id' => '',
  'prefix' => 'lab_session',
  'type' => 'redis',
  'auto_start' => true,
  'host' => '127.0.0.1',
  'port' => '6379',
  'password' => '',
)
[ info ] [ DB ] INIT mysql:array (
  'type' => 'mysql',
  'dsn' => '',
  'hostname' => 'localhost',
  'database' => 'lab',
  'username' => 'root',
  'password' => '',
  'hostport' => '',
  'params' => 
  array (
  ),
  'charset' => 'utf8',
  'prefix' => 'lab_',
  'debug' => true,
  'deploy' => 0,
  'rw_separate' => false,
  'master_num' => 1,
  'slave_no' => '',
  'fields_strict' => true,
  'auto_timestamp' => false,
  'resultset_type' => 'array',
  'datetime_format' => 'Y-m-d H:i:s',
  'sql_explain' => false,
)
[ info ] [ CACHE ] INIT redis:array (
  'type' => 'redis',
  'host' => '127.0.0.1',
  'port' => '6379',
  'password' => '',
  'timeout' => 0,
  'expire' => 0,
  'persistent' => false,
  'prefix' => 'lab_server:',
)
[ info ] [ RUN ] /**
	 * 首页
	 * @return \think\response\View
	 */
Method [ <user> public method index ] {
  @@ /Applications/XAMPP/xamppfiles/htdocs/lab/server/app/controller/Index.php 16 - 18
}

[ info ] [ VIEW ] /Applications/XAMPP/xamppfiles/htdocs/lab/server/app/view/Index/index.html [ array (
) ]
[ info ] [ LOG ] INIT File: array (
  'path' => '/Applications/XAMPP/xamppfiles/htdocs/lab/server/runtime/log/',
  'level' => 
  array (
  ),
)

---------------------------------------------------------------
[ 2018-11-11T20:14:09+08:00 ] 127.0.0.1 127.0.0.1 GET /server/Member/curmember
[ log ] lab.com/server/Member/curmember [运行时间：0.052082s][吞吐率：19.20req/s] [内存消耗：2,277.55kb] [文件加载：48]
[ info ] [ ROUTE ] array (
  'type' => 'module',
  'module' => 
  array (
    0 => NULL,
    1 => 'Member',
    2 => 'curmember',
  ),
)
[ info ] [ HEADER ] array (
  'host' => 'lab.com',
  'connection' => 'keep-alive',
  'upgrade-insecure-requests' => '1',
  'user-agent' => 'Mozilla/5.0 (Macintosh; Intel Mac OS X 10_14_0) AppleWebKit/537.36 (KHTML, like Gecko) Chrome/72.0.3602.2 Safari/537.36',
  'accept' => 'text/html,application/xhtml+xml,application/xml;q=0.9,image/webp,image/apng,*/*;q=0.8',
  'referer' => 'http://lab.com/server/',
  'accept-encoding' => 'gzip, deflate',
  'accept-language' => 'zh,en-US;q=0.9,en;q=0.8,zh-CN;q=0.7,ja;q=0.6,la;q=0.5',
  'cookie' => 'thinkphp_show_page_trace=0|0; thinkphp_show_page_trace=0|0; PHPSESSID=cca9t54vr6h0vcm1q2q35858b7',
)
[ info ] [ PARAM ] array (
)
[ info ] [ SESSION ] INIT array (
  'id' => '',
  'var_session_id' => '',
  'prefix' => 'lab_session',
  'type' => 'redis',
  'auto_start' => true,
  'host' => '127.0.0.1',
  'port' => '6379',
  'password' => '',
)
[ info ] [ DB ] INIT mysql:array (
  'type' => 'mysql',
  'dsn' => '',
  'hostname' => 'localhost',
  'database' => 'lab',
  'username' => 'root',
  'password' => '',
  'hostport' => '',
  'params' => 
  array (
  ),
  'charset' => 'utf8',
  'prefix' => 'lab_',
  'debug' => true,
  'deploy' => 0,
  'rw_separate' => false,
  'master_num' => 1,
  'slave_no' => '',
  'fields_strict' => true,
  'auto_timestamp' => false,
  'resultset_type' => 'array',
  'datetime_format' => 'Y-m-d H:i:s',
  'sql_explain' => false,
)
[ info ] [ CACHE ] INIT redis:array (
  'type' => 'redis',
  'host' => '127.0.0.1',
  'port' => '6379',
  'password' => '',
  'timeout' => 0,
  'expire' => 0,
  'persistent' => false,
  'prefix' => 'lab_server:',
)
[ info ] [ RUN ] /**
     * 在校人员列表
     * @return \think\response\View
     */
Method [ <user> public method curmember ] {
  @@ /Applications/XAMPP/xamppfiles/htdocs/lab/server/app/controller/Member.php 15 - 31
}

[ info ] [ VIEW ] /Applications/XAMPP/xamppfiles/htdocs/lab/server/app/view/Member/curmember.html [ array (
  0 => 'list',
  1 => 'cond',
  2 => 'tags',
) ]
[ info ] [ LOG ] INIT File: array (
  'path' => '/Applications/XAMPP/xamppfiles/htdocs/lab/server/runtime/log/',
  'level' => 
  array (
  ),
)
[ sql ] [ DB ] CONNECT:[ UseTime:0.000346s ] mysql:dbname=lab;host=localhost;charset=utf8
[ sql ] [ SQL ] SHOW COLUMNS FROM `lab_tag` [ RunTime:0.003053s ]
[ sql ] [ SQL ] SELECT COUNT(*) AS tp_count FROM `lab_tag` WHERE  `section` = '3'  AND `status` <> 2 ORDER BY id LIMIT 1    [ RunTime:0.000527s ]
[ sql ] [ SQL ] SELECT `id`,`title`,`section` FROM `lab_tag` WHERE  `section` = '3'  AND `status` <> 2 ORDER BY id LIMIT 0,10    [ RunTime:0.000980s ]
[ sql ] [ SQL ] SHOW COLUMNS FROM `lab_member` [ RunTime:0.005322s ]
[ sql ] [ SQL ] SELECT COUNT(*) AS tp_count FROM lab_member a INNER JOIN lab_tag b ON a.tagid=b.id  WHERE  `iscurrent` = '1'  AND a.status <> 2 ORDER BY a.publishtime desc LIMIT 1    [ RunTime:0.000678s ]
[ sql ] [ SQL ] SELECT a.id,a.name,a.tutor,a.tagid,a.phone,a.email,a.address,a.position,a.descr,a.url,a.research_area,b.title as tag_title,a.img,a.img_origin,a.bgimg,a.bgimg_origin,a.digest,a.count_view,a.ispublish,a.isrecommend FROM lab_member a INNER JOIN lab_tag b ON a.tagid=b.id  WHERE  `iscurrent` = '1'  AND a.status <> 2 ORDER BY a.publishtime desc LIMIT 0,10    [ RunTime:0.000623s ]

---------------------------------------------------------------
[ 2018-11-11T20:14:09+08:00 ] 127.0.0.1 127.0.0.1 GET /server/public/data/member/20171104/224553_723.jpg
[ log ] lab.com/server/public/data/member/20171104/224553_723.jpg [运行时间：0.022577s][吞吐率：44.29req/s] [内存消耗：935.10kb] [文件加载：28]
[ info ] [ ROUTE ] array (
  'type' => 'module',
  'module' => 
  array (
    0 => NULL,
    1 => 'public',
    2 => 'data',
  ),
)
[ info ] [ HEADER ] array (
  'host' => 'lab.com',
  'connection' => 'keep-alive',
  'user-agent' => 'Mozilla/5.0 (Macintosh; Intel Mac OS X 10_14_0) AppleWebKit/537.36 (KHTML, like Gecko) Chrome/72.0.3602.2 Safari/537.36',
  'accept' => 'image/webp,image/apng,image/*,*/*;q=0.8',
  'referer' => 'http://lab.com/server/Member/curmember',
  'accept-encoding' => 'gzip, deflate',
  'accept-language' => 'zh,en-US;q=0.9,en;q=0.8,zh-CN;q=0.7,ja;q=0.6,la;q=0.5',
  'cookie' => 'thinkphp_show_page_trace=0|0; PHPSESSID=cca9t54vr6h0vcm1q2q35858b7',
)
[ info ] [ PARAM ] array (
  'member' => '20171104',
)
[ info ] [ LOG ] INIT File: array (
  'path' => '/Applications/XAMPP/xamppfiles/htdocs/lab/server/runtime/log/',
  'level' => 
  array (
  ),
)

---------------------------------------------------------------
[ 2018-11-11T20:14:09+08:00 ] 127.0.0.1 127.0.0.1 GET /server/public/data/member/20171114/094538_282.png
[ log ] lab.com/server/public/data/member/20171114/094538_282.png [运行时间：0.025554s][吞吐率：39.13req/s] [内存消耗：935.10kb] [文件加载：28]
[ info ] [ ROUTE ] array (
  'type' => 'module',
  'module' => 
  array (
    0 => NULL,
    1 => 'public',
    2 => 'data',
  ),
)
[ info ] [ HEADER ] array (
  'host' => 'lab.com',
  'connection' => 'keep-alive',
  'user-agent' => 'Mozilla/5.0 (Macintosh; Intel Mac OS X 10_14_0) AppleWebKit/537.36 (KHTML, like Gecko) Chrome/72.0.3602.2 Safari/537.36',
  'accept' => 'image/webp,image/apng,image/*,*/*;q=0.8',
  'referer' => 'http://lab.com/server/Member/curmember',
  'accept-encoding' => 'gzip, deflate',
  'accept-language' => 'zh,en-US;q=0.9,en;q=0.8,zh-CN;q=0.7,ja;q=0.6,la;q=0.5',
  'cookie' => 'thinkphp_show_page_trace=0|0; PHPSESSID=cca9t54vr6h0vcm1q2q35858b7',
)
[ info ] [ PARAM ] array (
  'member' => '20171114',
)
[ info ] [ LOG ] INIT File: array (
  'path' => '/Applications/XAMPP/xamppfiles/htdocs/lab/server/runtime/log/',
  'level' => 
  array (
  ),
)

---------------------------------------------------------------
[ 2018-11-11T20:14:09+08:00 ] 127.0.0.1 127.0.0.1 GET /server/public/data/member/20171114/091202_988.png
[ log ] lab.com/server/public/data/member/20171114/091202_988.png [运行时间：0.021374s][吞吐率：46.79req/s] [内存消耗：934.57kb] [文件加载：28]
[ info ] [ ROUTE ] array (
  'type' => 'module',
  'module' => 
  array (
    0 => NULL,
    1 => 'public',
    2 => 'data',
  ),
)
[ info ] [ HEADER ] array (
  'host' => 'lab.com',
  'connection' => 'keep-alive',
  'user-agent' => 'Mozilla/5.0 (Macintosh; Intel Mac OS X 10_14_0) AppleWebKit/537.36 (KHTML, like Gecko) Chrome/72.0.3602.2 Safari/537.36',
  'accept' => 'image/webp,image/apng,image/*,*/*;q=0.8',
  'referer' => 'http://lab.com/server/Member/curmember',
  'accept-encoding' => 'gzip, deflate',
  'accept-language' => 'zh,en-US;q=0.9,en;q=0.8,zh-CN;q=0.7,ja;q=0.6,la;q=0.5',
  'cookie' => 'thinkphp_show_page_trace=0|0; PHPSESSID=cca9t54vr6h0vcm1q2q35858b7; think_var=zh',
)
[ info ] [ PARAM ] array (
  'member' => '20171114',
)
[ info ] [ LOG ] INIT File: array (
  'path' => '/Applications/XAMPP/xamppfiles/htdocs/lab/server/runtime/log/',
  'level' => 
  array (
  ),
)

---------------------------------------------------------------
[ 2018-11-11T20:14:09+08:00 ] 127.0.0.1 127.0.0.1 GET /server/public/data/member/20171105/150820_1.jpg
[ log ] lab.com/server/public/data/member/20171105/150820_1.jpg [运行时间：0.017787s][吞吐率：56.22req/s] [内存消耗：934.55kb] [文件加载：28]
[ info ] [ ROUTE ] array (
  'type' => 'module',
  'module' => 
  array (
    0 => NULL,
    1 => 'public',
    2 => 'data',
  ),
)
[ info ] [ HEADER ] array (
  'host' => 'lab.com',
  'connection' => 'keep-alive',
  'user-agent' => 'Mozilla/5.0 (Macintosh; Intel Mac OS X 10_14_0) AppleWebKit/537.36 (KHTML, like Gecko) Chrome/72.0.3602.2 Safari/537.36',
  'accept' => 'image/webp,image/apng,image/*,*/*;q=0.8',
  'referer' => 'http://lab.com/server/Member/curmember',
  'accept-encoding' => 'gzip, deflate',
  'accept-language' => 'zh,en-US;q=0.9,en;q=0.8,zh-CN;q=0.7,ja;q=0.6,la;q=0.5',
  'cookie' => 'thinkphp_show_page_trace=0|0; PHPSESSID=cca9t54vr6h0vcm1q2q35858b7; think_var=zh',
)
[ info ] [ PARAM ] array (
  'member' => '20171105',
)
[ info ] [ LOG ] INIT File: array (
  'path' => '/Applications/XAMPP/xamppfiles/htdocs/lab/server/runtime/log/',
  'level' => 
  array (
  ),
)

---------------------------------------------------------------
[ 2018-11-11T20:14:09+08:00 ] 127.0.0.1 127.0.0.1 GET /server/public/data/member/20171105/152012_350.jpg
[ log ] lab.com/server/public/data/member/20171105/152012_350.jpg [运行时间：0.018651s][吞吐率：53.62req/s] [内存消耗：934.57kb] [文件加载：28]
[ info ] [ ROUTE ] array (
  'type' => 'module',
  'module' => 
  array (
    0 => NULL,
    1 => 'public',
    2 => 'data',
  ),
)
[ info ] [ HEADER ] array (
  'host' => 'lab.com',
  'connection' => 'keep-alive',
  'user-agent' => 'Mozilla/5.0 (Macintosh; Intel Mac OS X 10_14_0) AppleWebKit/537.36 (KHTML, like Gecko) Chrome/72.0.3602.2 Safari/537.36',
  'accept' => 'image/webp,image/apng,image/*,*/*;q=0.8',
  'referer' => 'http://lab.com/server/Member/curmember',
  'accept-encoding' => 'gzip, deflate',
  'accept-language' => 'zh,en-US;q=0.9,en;q=0.8,zh-CN;q=0.7,ja;q=0.6,la;q=0.5',
  'cookie' => 'thinkphp_show_page_trace=0|0; PHPSESSID=cca9t54vr6h0vcm1q2q35858b7; think_var=zh',
)
[ info ] [ PARAM ] array (
  'member' => '20171105',
)
[ info ] [ LOG ] INIT File: array (
  'path' => '/Applications/XAMPP/xamppfiles/htdocs/lab/server/runtime/log/',
  'level' => 
  array (
  ),
)

---------------------------------------------------------------
[ 2018-11-11T20:14:09+08:00 ] 127.0.0.1 127.0.0.1 GET /server/public/data/member/20171119/135333_40.jpg
[ log ] lab.com/server/public/data/member/20171119/135333_40.jpg [运行时间：0.063949s][吞吐率：15.64req/s] [内存消耗：934.57kb] [文件加载：28]
[ info ] [ ROUTE ] array (
  'type' => 'module',
  'module' => 
  array (
    0 => NULL,
    1 => 'public',
    2 => 'data',
  ),
)
[ info ] [ HEADER ] array (
  'host' => 'lab.com',
  'connection' => 'keep-alive',
  'user-agent' => 'Mozilla/5.0 (Macintosh; Intel Mac OS X 10_14_0) AppleWebKit/537.36 (KHTML, like Gecko) Chrome/72.0.3602.2 Safari/537.36',
  'accept' => 'image/webp,image/apng,image/*,*/*;q=0.8',
  'referer' => 'http://lab.com/server/Member/curmember',
  'accept-encoding' => 'gzip, deflate',
  'accept-language' => 'zh,en-US;q=0.9,en;q=0.8,zh-CN;q=0.7,ja;q=0.6,la;q=0.5',
  'cookie' => 'thinkphp_show_page_trace=0|0; PHPSESSID=cca9t54vr6h0vcm1q2q35858b7; think_var=zh',
)
[ info ] [ PARAM ] array (
  'member' => '20171119',
)
[ info ] [ LOG ] INIT File: array (
  'path' => '/Applications/XAMPP/xamppfiles/htdocs/lab/server/runtime/log/',
  'level' => 
  array (
  ),
)

---------------------------------------------------------------
[ 2018-11-11T20:14:09+08:00 ] 127.0.0.1 127.0.0.1 GET /server/public/data/member/20171114/091843_483.jpg
[ log ] lab.com/server/public/data/member/20171114/091843_483.jpg [运行时间：0.069804s][吞吐率：14.33req/s] [内存消耗：934.57kb] [文件加载：28]
[ info ] [ ROUTE ] array (
  'type' => 'module',
  'module' => 
  array (
    0 => NULL,
    1 => 'public',
    2 => 'data',
  ),
)
[ info ] [ HEADER ] array (
  'host' => 'lab.com',
  'connection' => 'keep-alive',
  'user-agent' => 'Mozilla/5.0 (Macintosh; Intel Mac OS X 10_14_0) AppleWebKit/537.36 (KHTML, like Gecko) Chrome/72.0.3602.2 Safari/537.36',
  'accept' => 'image/webp,image/apng,image/*,*/*;q=0.8',
  'referer' => 'http://lab.com/server/Member/curmember',
  'accept-encoding' => 'gzip, deflate',
  'accept-language' => 'zh,en-US;q=0.9,en;q=0.8,zh-CN;q=0.7,ja;q=0.6,la;q=0.5',
  'cookie' => 'thinkphp_show_page_trace=0|0; PHPSESSID=cca9t54vr6h0vcm1q2q35858b7; think_var=zh',
)
[ info ] [ PARAM ] array (
  'member' => '20171114',
)
[ info ] [ LOG ] INIT File: array (
  'path' => '/Applications/XAMPP/xamppfiles/htdocs/lab/server/runtime/log/',
  'level' => 
  array (
  ),
)

---------------------------------------------------------------
[ 2018-11-11T20:14:09+08:00 ] 127.0.0.1 127.0.0.1 GET /server/public/data/member/20171114/094409_233.png
[ log ] lab.com/server/public/data/member/20171114/094409_233.png [运行时间：0.081952s][吞吐率：12.20req/s] [内存消耗：934.57kb] [文件加载：28]
[ info ] [ ROUTE ] array (
  'type' => 'module',
  'module' => 
  array (
    0 => NULL,
    1 => 'public',
    2 => 'data',
  ),
)
[ info ] [ HEADER ] array (
  'host' => 'lab.com',
  'connection' => 'keep-alive',
  'user-agent' => 'Mozilla/5.0 (Macintosh; Intel Mac OS X 10_14_0) AppleWebKit/537.36 (KHTML, like Gecko) Chrome/72.0.3602.2 Safari/537.36',
  'accept' => 'image/webp,image/apng,image/*,*/*;q=0.8',
  'referer' => 'http://lab.com/server/Member/curmember',
  'accept-encoding' => 'gzip, deflate',
  'accept-language' => 'zh,en-US;q=0.9,en;q=0.8,zh-CN;q=0.7,ja;q=0.6,la;q=0.5',
  'cookie' => 'thinkphp_show_page_trace=0|0; PHPSESSID=cca9t54vr6h0vcm1q2q35858b7; think_var=zh',
)
[ info ] [ PARAM ] array (
  'member' => '20171114',
)
[ info ] [ LOG ] INIT File: array (
  'path' => '/Applications/XAMPP/xamppfiles/htdocs/lab/server/runtime/log/',
  'level' => 
  array (
  ),
)

---------------------------------------------------------------
[ 2018-11-11T20:14:09+08:00 ] 127.0.0.1 127.0.0.1 GET /server/public/data/member/20171109/230911_407.png
[ log ] lab.com/server/public/data/member/20171109/230911_407.png [运行时间：0.055389s][吞吐率：18.05req/s] [内存消耗：934.57kb] [文件加载：28]
[ info ] [ ROUTE ] array (
  'type' => 'module',
  'module' => 
  array (
    0 => NULL,
    1 => 'public',
    2 => 'data',
  ),
)
[ info ] [ HEADER ] array (
  'host' => 'lab.com',
  'connection' => 'keep-alive',
  'user-agent' => 'Mozilla/5.0 (Macintosh; Intel Mac OS X 10_14_0) AppleWebKit/537.36 (KHTML, like Gecko) Chrome/72.0.3602.2 Safari/537.36',
  'accept' => 'image/webp,image/apng,image/*,*/*;q=0.8',
  'referer' => 'http://lab.com/server/Member/curmember',
  'accept-encoding' => 'gzip, deflate',
  'accept-language' => 'zh,en-US;q=0.9,en;q=0.8,zh-CN;q=0.7,ja;q=0.6,la;q=0.5',
  'cookie' => 'thinkphp_show_page_trace=0|0; PHPSESSID=cca9t54vr6h0vcm1q2q35858b7; think_var=zh',
)
[ info ] [ PARAM ] array (
  'member' => '20171109',
)
[ info ] [ LOG ] INIT File: array (
  'path' => '/Applications/XAMPP/xamppfiles/htdocs/lab/server/runtime/log/',
  'level' => 
  array (
  ),
)

---------------------------------------------------------------
[ 2018-11-11T20:14:09+08:00 ] 127.0.0.1 127.0.0.1 GET /server/public/data/member/20171105/160906_821.jpg
[ log ] lab.com/server/public/data/member/20171105/160906_821.jpg [运行时间：0.063980s][吞吐率：15.63req/s] [内存消耗：934.57kb] [文件加载：28]
[ info ] [ ROUTE ] array (
  'type' => 'module',
  'module' => 
  array (
    0 => NULL,
    1 => 'public',
    2 => 'data',
  ),
)
[ info ] [ HEADER ] array (
  'host' => 'lab.com',
  'connection' => 'keep-alive',
  'user-agent' => 'Mozilla/5.0 (Macintosh; Intel Mac OS X 10_14_0) AppleWebKit/537.36 (KHTML, like Gecko) Chrome/72.0.3602.2 Safari/537.36',
  'accept' => 'image/webp,image/apng,image/*,*/*;q=0.8',
  'referer' => 'http://lab.com/server/Member/curmember',
  'accept-encoding' => 'gzip, deflate',
  'accept-language' => 'zh,en-US;q=0.9,en;q=0.8,zh-CN;q=0.7,ja;q=0.6,la;q=0.5',
  'cookie' => 'thinkphp_show_page_trace=0|0; PHPSESSID=cca9t54vr6h0vcm1q2q35858b7; think_var=zh',
)
[ info ] [ PARAM ] array (
  'member' => '20171105',
)
[ info ] [ LOG ] INIT File: array (
  'path' => '/Applications/XAMPP/xamppfiles/htdocs/lab/server/runtime/log/',
  'level' => 
  array (
  ),
)

---------------------------------------------------------------
[ 2018-11-11T20:14:09+08:00 ] 127.0.0.1 127.0.0.1 GET /server/public/data/member/20171104/224553_723.jpg
[ log ] lab.com/server/public/data/member/20171104/224553_723.jpg [运行时间：0.017781s][吞吐率：56.24req/s] [内存消耗：934.57kb] [文件加载：28]
[ info ] [ ROUTE ] array (
  'type' => 'module',
  'module' => 
  array (
    0 => NULL,
    1 => 'public',
    2 => 'data',
  ),
)
[ info ] [ HEADER ] array (
  'host' => 'lab.com',
  'connection' => 'keep-alive',
  'user-agent' => 'Mozilla/5.0 (Macintosh; Intel Mac OS X 10_14_0) AppleWebKit/537.36 (KHTML, like Gecko) Chrome/72.0.3602.2 Safari/537.36',
  'accept' => 'image/webp,image/apng,image/*,*/*;q=0.8',
  'referer' => 'http://lab.com/server/Member/curmember',
  'accept-encoding' => 'gzip, deflate',
  'accept-language' => 'zh,en-US;q=0.9,en;q=0.8,zh-CN;q=0.7,ja;q=0.6,la;q=0.5',
  'cookie' => 'thinkphp_show_page_trace=0|0; PHPSESSID=cca9t54vr6h0vcm1q2q35858b7; think_var=zh',
)
[ info ] [ PARAM ] array (
  'member' => '20171104',
)
[ info ] [ LOG ] INIT File: array (
  'path' => '/Applications/XAMPP/xamppfiles/htdocs/lab/server/runtime/log/',
  'level' => 
  array (
  ),
)

---------------------------------------------------------------
[ 2018-11-11T20:14:31+08:00 ] 127.0.0.1 127.0.0.1 GET /server/Member/curmember?tagid=6&name=%E9%98%B4%E6%8C%AF%E7%94%9F
[ log ] lab.com/server/Member/curmember?tagid=6&name=%E9%98%B4%E6%8C%AF%E7%94%9F [运行时间：0.060724s][吞吐率：16.47req/s] [内存消耗：2,229.51kb] [文件加载：48]
[ info ] [ ROUTE ] array (
  'type' => 'module',
  'module' => 
  array (
    0 => NULL,
    1 => 'Member',
    2 => 'curmember',
  ),
)
[ info ] [ HEADER ] array (
  'host' => 'lab.com',
  'connection' => 'keep-alive',
  'upgrade-insecure-requests' => '1',
  'user-agent' => 'Mozilla/5.0 (Macintosh; Intel Mac OS X 10_14_0) AppleWebKit/537.36 (KHTML, like Gecko) Chrome/72.0.3602.2 Safari/537.36',
  'accept' => 'text/html,application/xhtml+xml,application/xml;q=0.9,image/webp,image/apng,*/*;q=0.8',
  'referer' => 'http://lab.com/server/Member/curmember',
  'accept-encoding' => 'gzip, deflate',
  'accept-language' => 'zh,en-US;q=0.9,en;q=0.8,zh-CN;q=0.7,ja;q=0.6,la;q=0.5',
  'cookie' => 'thinkphp_show_page_trace=0|0; thinkphp_show_page_trace=0|0; PHPSESSID=cca9t54vr6h0vcm1q2q35858b7; think_var=zh',
)
[ info ] [ PARAM ] array (
  'tagid' => '6',
  'name' => '阴振生',
)
[ info ] [ SESSION ] INIT array (
  'id' => '',
  'var_session_id' => '',
  'prefix' => 'lab_session',
  'type' => 'redis',
  'auto_start' => true,
  'host' => '127.0.0.1',
  'port' => '6379',
  'password' => '',
)
[ info ] [ DB ] INIT mysql:array (
  'type' => 'mysql',
  'dsn' => '',
  'hostname' => 'localhost',
  'database' => 'lab',
  'username' => 'root',
  'password' => '',
  'hostport' => '',
  'params' => 
  array (
  ),
  'charset' => 'utf8',
  'prefix' => 'lab_',
  'debug' => true,
  'deploy' => 0,
  'rw_separate' => false,
  'master_num' => 1,
  'slave_no' => '',
  'fields_strict' => true,
  'auto_timestamp' => false,
  'resultset_type' => 'array',
  'datetime_format' => 'Y-m-d H:i:s',
  'sql_explain' => false,
)
[ info ] [ CACHE ] INIT redis:array (
  'type' => 'redis',
  'host' => '127.0.0.1',
  'port' => '6379',
  'password' => '',
  'timeout' => 0,
  'expire' => 0,
  'persistent' => false,
  'prefix' => 'lab_server:',
)
[ info ] [ RUN ] /**
     * 在校人员列表
     * @return \think\response\View
     */
Method [ <user> public method curmember ] {
  @@ /Applications/XAMPP/xamppfiles/htdocs/lab/server/app/controller/Member.php 15 - 31
}

[ info ] [ VIEW ] /Applications/XAMPP/xamppfiles/htdocs/lab/server/app/view/Member/curmember.html [ array (
  0 => 'list',
  1 => 'cond',
  2 => 'tags',
) ]
[ info ] [ LOG ] INIT File: array (
  'path' => '/Applications/XAMPP/xamppfiles/htdocs/lab/server/runtime/log/',
  'level' => 
  array (
  ),
)
[ sql ] [ DB ] CONNECT:[ UseTime:0.000393s ] mysql:dbname=lab;host=localhost;charset=utf8
[ sql ] [ SQL ] SHOW COLUMNS FROM `lab_tag` [ RunTime:0.005984s ]
[ sql ] [ SQL ] SELECT COUNT(*) AS tp_count FROM `lab_tag` WHERE  `section` = '3'  AND `status` <> 2 ORDER BY id LIMIT 1    [ RunTime:0.000462s ]
[ sql ] [ SQL ] SELECT `id`,`title`,`section` FROM `lab_tag` WHERE  `section` = '3'  AND `status` <> 2 ORDER BY id LIMIT 0,10    [ RunTime:0.000420s ]
[ sql ] [ SQL ] SHOW COLUMNS FROM `lab_member` [ RunTime:0.004993s ]
[ sql ] [ SQL ] SELECT COUNT(*) AS tp_count FROM lab_member a INNER JOIN lab_tag b ON a.tagid=b.id  WHERE  a.tagid = '6'  AND a.name LIKE '%阴振生%'  AND `iscurrent` = '1'  AND a.status <> 2 ORDER BY a.publishtime desc LIMIT 1    [ RunTime:0.002443s ]
[ sql ] [ SQL ] SELECT a.id,a.name,a.tutor,a.tagid,a.phone,a.email,a.address,a.position,a.descr,a.url,a.research_area,b.title as tag_title,a.img,a.img_origin,a.bgimg,a.bgimg_origin,a.digest,a.count_view,a.ispublish,a.isrecommend FROM lab_member a INNER JOIN lab_tag b ON a.tagid=b.id  WHERE  a.tagid = '6'  AND a.name LIKE '%阴振生%'  AND `iscurrent` = '1'  AND a.status <> 2 ORDER BY a.publishtime desc LIMIT 0,10    [ RunTime:0.000547s ]

---------------------------------------------------------------
